0 info it worked if it ends with ok
1 verbose cli [ '/usr/local/bin/node', '/usr/local/bin/npm', 'install' ]
2 info using npm@6.14.10
3 info using node@v14.15.4
4 verbose config Skipping project config: /home/siritorihubot/.npmrc. (matches userconfig)
5 verbose npm-session 9544dda370422458
6 silly install runPreinstallTopLevelLifecycles
7 silly preinstall siritorihubot@0.0.0
8 info lifecycle siritorihubot@0.0.0~preinstall: siritorihubot@0.0.0
9 silly install loadCurrentTree
10 silly install readLocalPackageData
11 timing stage:loadCurrentTree Completed in 477ms
12 silly install loadIdealTree
13 silly install cloneCurrentTreeToIdealTree
14 timing stage:loadIdealTree:cloneCurrentTree Completed in 2ms
15 silly install loadShrinkwrap
16 timing stage:loadIdealTree:loadShrinkwrap Completed in 111ms
17 silly install loadAllDepsIntoIdealTree
18 timing stage:loadIdealTree:loadAllDepsIntoIdealTree Completed in 152ms
19 timing stage:loadIdealTree Completed in 299ms
20 silly currentTree siritorihubot@0.0.0
20 silly currentTree ├─┬ @slack/client
20 silly currentTree │ └── async@1.5.2
20 silly currentTree ├── accepts@1.3.7
20 silly currentTree ├── agent-base@4.3.0
20 silly currentTree ├── ansi-regex@2.1.1
20 silly currentTree ├── ansi-styles@2.2.1
20 silly currentTree ├── array-flatten@1.1.1
20 silly currentTree ├── asn1@0.2.4
20 silly currentTree ├── assert-plus@1.0.0
20 silly currentTree ├── async@0.9.2
20 silly currentTree ├── asynckit@0.4.0
20 silly currentTree ├── aws-sign2@0.7.0
20 silly currentTree ├── aws4@1.11.0
20 silly currentTree ├── bcrypt-pbkdf@1.0.2
20 silly currentTree ├── bluebird@3.7.2
20 silly currentTree ├── bytes@3.1.0
20 silly currentTree ├── caseless@0.12.0
20 silly currentTree ├── chalk@1.1.3
20 silly currentTree ├── cline@0.8.2
20 silly currentTree ├── coffeescript@1.6.3
20 silly currentTree ├── colors@1.0.3
20 silly currentTree ├── combined-stream@1.0.8
20 silly currentTree ├─┬ connect-multiparty@2.2.0
20 silly currentTree │ ├─┬ multiparty@4.2.2
20 silly currentTree │ │ └── http-errors@1.8.0
20 silly currentTree │ └── setprototypeof@1.2.0
20 silly currentTree ├─┬ content-disposition@0.5.3
20 silly currentTree │ └── safe-buffer@5.1.2
20 silly currentTree ├── content-type@1.0.4
20 silly currentTree ├── cookie-signature@1.0.6
20 silly currentTree ├── cookie@0.4.0
20 silly currentTree ├── core-util-is@1.0.2
20 silly currentTree ├── cycle@1.0.3
20 silly currentTree ├── dashdash@1.14.1
20 silly currentTree ├── debug@2.6.9
20 silly currentTree ├── delayed-stream@1.0.0
20 silly currentTree ├── depd@1.1.2
20 silly currentTree ├── destroy@1.0.4
20 silly currentTree ├── double-ended-queue@2.1.0-0
20 silly currentTree ├── ecc-jsbn@0.1.2
20 silly currentTree ├── ee-first@1.1.1
20 silly currentTree ├── encodeurl@1.0.2
20 silly currentTree ├── es6-promise@4.2.8
20 silly currentTree ├── es6-promisify@5.0.0
20 silly currentTree ├── escape-html@1.0.3
20 silly currentTree ├── escape-string-regexp@1.0.5
20 silly currentTree ├── etag@1.8.1
20 silly currentTree ├── eventemitter3@1.2.0
20 silly currentTree ├─┬ express
20 silly currentTree │ ├── qs@6.7.0
20 silly currentTree │ └── safe-buffer@5.1.2
20 silly currentTree ├── extend@3.0.2
20 silly currentTree ├── extsprintf@1.3.0
20 silly currentTree ├── eyes@0.1.8
20 silly currentTree ├── fast-deep-equal@3.1.3
20 silly currentTree ├── fast-json-stable-stringify@2.1.0
20 silly currentTree ├── finalhandler@1.1.2
20 silly currentTree ├── forever-agent@0.6.1
20 silly currentTree ├── form-data@2.3.3
20 silly currentTree ├── forwarded@0.2.0
20 silly currentTree ├── fresh@0.5.2
20 silly currentTree ├── getpass@0.1.7
20 silly currentTree ├── har-schema@2.0.0
20 silly currentTree ├── has-ansi@2.0.0
20 silly currentTree ├── http-errors@1.7.3
20 silly currentTree ├── http-signature
20 silly currentTree ├─┬ https-proxy-agent@2.2.4
20 silly currentTree │ ├── debug@3.2.7
20 silly currentTree │ └── ms@2.1.3
20 silly currentTree ├── hubot
20 silly currentTree ├── hubot-diagnostics
20 silly currentTree ├── hubot-google-images
20 silly currentTree ├── hubot-google-translate
20 silly currentTree ├── hubot-help
20 silly currentTree ├── hubot-heroku-keepalive
20 silly currentTree ├── hubot-maps
20 silly currentTree ├── hubot-pugme
20 silly currentTree ├── hubot-redis-brain
20 silly currentTree ├── hubot-rules
20 silly currentTree ├─┬ hubot-scripts
20 silly currentTree │ └── redis@0.8.4
20 silly currentTree ├── hubot-shipit
20 silly currentTree ├── hubot-slack
20 silly currentTree ├── inherits@2.0.4
20 silly currentTree ├── ipaddr.js@1.9.1
20 silly currentTree ├── is-typedarray@1.0.0
20 silly currentTree ├── isstream@0.1.2
20 silly currentTree ├── jsbn@0.1.1
20 silly currentTree ├── json-schema-traverse@0.4.1
20 silly currentTree ├── json-schema@0.2.3
20 silly currentTree ├── json-stringify-safe@5.0.1
20 silly currentTree ├── lodash@4.17.21
20 silly currentTree ├── log@1.4.0
20 silly currentTree ├── media-typer@0.3.0
20 silly currentTree ├── merge-descriptors@1.0.1
20 silly currentTree ├── methods@1.1.2
20 silly currentTree ├── mime-db@1.49.0
20 silly currentTree ├── mime-types@2.1.32
20 silly currentTree ├── mime@1.6.0
20 silly currentTree ├── ms@2.0.0
20 silly currentTree ├── negotiator@0.6.2
20 silly currentTree ├── oauth-sign@0.9.0
20 silly currentTree ├── on-finished@2.3.0
20 silly currentTree ├── options@0.0.6
20 silly currentTree ├── optparse@1.0.4
20 silly currentTree ├── parseurl@1.3.3
20 silly currentTree ├── path-to-regexp@0.1.7
20 silly currentTree ├── performance-now@2.1.0
20 silly currentTree ├── pkginfo@0.4.1
20 silly currentTree ├── proxy-addr@2.0.7
20 silly currentTree ├── psl@1.8.0
20 silly currentTree ├── punycode@2.1.1
20 silly currentTree ├── qs@6.5.2
20 silly currentTree ├── random-bytes@1.0.0
20 silly currentTree ├── range-parser@1.2.1
20 silly currentTree ├── redis-commands@1.7.0
20 silly currentTree ├── redis-parser@2.6.0
20 silly currentTree ├── redis@2.8.0
20 silly currentTree ├── request
20 silly currentTree ├── retry@0.9.0
20 silly currentTree ├── safe-buffer@5.2.1
20 silly currentTree ├── safer-buffer@2.1.2
20 silly currentTree ├── scoped-http-client@0.11.0
20 silly currentTree ├─┬ send@0.17.1
20 silly currentTree │ └── ms@2.1.1
20 silly currentTree ├── serve-static@1.14.1
20 silly currentTree ├── setprototypeof@1.1.1
20 silly currentTree ├── sshpk@1.16.1
20 silly currentTree ├── stack-trace@0.0.10
20 silly currentTree ├── statuses@1.5.0
20 silly currentTree ├── strip-ansi@3.0.1
20 silly currentTree ├── supports-color@2.0.0
20 silly currentTree ├── toidentifier@1.0.0
20 silly currentTree ├── tough-cookie@2.5.0
20 silly currentTree ├── tunnel-agent@0.6.0
20 silly currentTree ├── tweetnacl@0.14.5
20 silly currentTree ├── type-is@1.6.18
20 silly currentTree ├── uid-safe@2.1.5
20 silly currentTree ├── ultron@1.0.2
20 silly currentTree └── unpipe@1.0.0
21 silly idealTree siritorihubot@0.0.0
21 silly idealTree ├─┬ @slack/client@3.16.1-sec.2
21 silly idealTree │ └── async@1.5.2
21 silly idealTree ├── accepts@1.3.7
21 silly idealTree ├── agent-base@4.3.0
21 silly idealTree ├── ajv@6.12.6
21 silly idealTree ├── ansi-regex@2.1.1
21 silly idealTree ├── ansi-styles@2.2.1
21 silly idealTree ├── array-flatten@1.1.1
21 silly idealTree ├── asn1@0.2.4
21 silly idealTree ├── assert-plus@1.0.0
21 silly idealTree ├── async@0.9.2
21 silly idealTree ├── asynckit@0.4.0
21 silly idealTree ├── aws-sign2@0.7.0
21 silly idealTree ├── aws4@1.11.0
21 silly idealTree ├── bcrypt-pbkdf@1.0.2
21 silly idealTree ├── bluebird@3.7.2
21 silly idealTree ├─┬ body-parser@1.19.0
21 silly idealTree │ ├── http-errors@1.7.2
21 silly idealTree │ ├── inherits@2.0.3
21 silly idealTree │ └── qs@6.7.0
21 silly idealTree ├── bytes@3.1.0
21 silly idealTree ├── caseless@0.12.0
21 silly idealTree ├── chalk@1.1.3
21 silly idealTree ├── cline@0.8.2
21 silly idealTree ├── coffeescript@1.6.3
21 silly idealTree ├── colors@1.0.3
21 silly idealTree ├── combined-stream@1.0.8
21 silly idealTree ├─┬ connect-multiparty@2.2.0
21 silly idealTree │ ├─┬ multiparty@4.2.2
21 silly idealTree │ │ └── http-errors@1.8.0
21 silly idealTree │ └── setprototypeof@1.2.0
21 silly idealTree ├─┬ content-disposition@0.5.3
21 silly idealTree │ └── safe-buffer@5.1.2
21 silly idealTree ├── content-type@1.0.4
21 silly idealTree ├── cookie-signature@1.0.6
21 silly idealTree ├── cookie@0.4.0
21 silly idealTree ├── core-util-is@1.0.2
21 silly idealTree ├── cycle@1.0.3
21 silly idealTree ├── dashdash@1.14.1
21 silly idealTree ├── debug@2.6.9
21 silly idealTree ├── delayed-stream@1.0.0
21 silly idealTree ├── depd@1.1.2
21 silly idealTree ├── destroy@1.0.4
21 silly idealTree ├── double-ended-queue@2.1.0-0
21 silly idealTree ├── ecc-jsbn@0.1.2
21 silly idealTree ├── ee-first@1.1.1
21 silly idealTree ├── encodeurl@1.0.2
21 silly idealTree ├── es6-promise@4.2.8
21 silly idealTree ├── es6-promisify@5.0.0
21 silly idealTree ├── escape-html@1.0.3
21 silly idealTree ├── escape-string-regexp@1.0.5
21 silly idealTree ├── etag@1.8.1
21 silly idealTree ├── eventemitter3@1.2.0
21 silly idealTree ├─┬ express@4.17.1
21 silly idealTree │ ├── qs@6.7.0
21 silly idealTree │ └── safe-buffer@5.1.2
21 silly idealTree ├── extend@3.0.2
21 silly idealTree ├── extsprintf@1.3.0
21 silly idealTree ├── eyes@0.1.8
21 silly idealTree ├── fast-deep-equal@3.1.3
21 silly idealTree ├── fast-json-stable-stringify@2.1.0
21 silly idealTree ├── finalhandler@1.1.2
21 silly idealTree ├── forever-agent@0.6.1
21 silly idealTree ├── form-data@2.3.3
21 silly idealTree ├── forwarded@0.2.0
21 silly idealTree ├── fresh@0.5.2
21 silly idealTree ├── getpass@0.1.7
21 silly idealTree ├── har-schema@2.0.0
21 silly idealTree ├── har-validator@5.1.5
21 silly idealTree ├── has-ansi@2.0.0
21 silly idealTree ├── http-errors@1.7.3
21 silly idealTree ├── http-signature@1.2.0
21 silly idealTree ├─┬ https-proxy-agent@2.2.4
21 silly idealTree │ ├── debug@3.2.7
21 silly idealTree │ └── ms@2.1.3
21 silly idealTree ├── hubot-diagnostics@1.0.0
21 silly idealTree ├── hubot-google-images@0.2.7
21 silly idealTree ├── hubot-google-translate@0.2.1
21 silly idealTree ├── hubot-help@1.0.1
21 silly idealTree ├── hubot-heroku-keepalive@1.0.3
21 silly idealTree ├── hubot-maps@0.0.3
21 silly idealTree ├── hubot-pugme@0.1.1
21 silly idealTree ├── hubot-redis-brain@1.0.0
21 silly idealTree ├── hubot-rules@1.0.0
21 silly idealTree ├─┬ hubot-scripts@2.17.2
21 silly idealTree │ └── redis@0.8.4
21 silly idealTree ├── hubot-shipit@0.2.1
21 silly idealTree ├── hubot-slack@4.9.0
21 silly idealTree ├── hubot@3.3.2
21 silly idealTree ├── iconv-lite@0.4.24
21 silly idealTree ├── inherits@2.0.4
21 silly idealTree ├── ipaddr.js@1.9.1
21 silly idealTree ├── is-typedarray@1.0.0
21 silly idealTree ├── isstream@0.1.2
21 silly idealTree ├── jsbn@0.1.1
21 silly idealTree ├── json-schema-traverse@0.4.1
21 silly idealTree ├── json-schema@0.2.3
21 silly idealTree ├── json-stringify-safe@5.0.1
21 silly idealTree ├── jsprim@1.4.1
21 silly idealTree ├── lodash@4.17.21
21 silly idealTree ├── log@1.4.0
21 silly idealTree ├── media-typer@0.3.0
21 silly idealTree ├── merge-descriptors@1.0.1
21 silly idealTree ├── methods@1.1.2
21 silly idealTree ├── mime-db@1.49.0
21 silly idealTree ├── mime-types@2.1.32
21 silly idealTree ├── mime@1.6.0
21 silly idealTree ├── ms@2.0.0
21 silly idealTree ├── negotiator@0.6.2
21 silly idealTree ├── oauth-sign@0.9.0
21 silly idealTree ├── on-finished@2.3.0
21 silly idealTree ├── options@0.0.6
21 silly idealTree ├── optparse@1.0.4
21 silly idealTree ├── parseurl@1.3.3
21 silly idealTree ├── path-to-regexp@0.1.7
21 silly idealTree ├── performance-now@2.1.0
21 silly idealTree ├── pkginfo@0.4.1
21 silly idealTree ├── proxy-addr@2.0.7
21 silly idealTree ├── psl@1.8.0
21 silly idealTree ├── punycode@2.1.1
21 silly idealTree ├── qs@6.5.2
21 silly idealTree ├── random-bytes@1.0.0
21 silly idealTree ├── range-parser@1.2.1
21 silly idealTree ├─┬ raw-body@2.4.0
21 silly idealTree │ ├── http-errors@1.7.2
21 silly idealTree │ └── inherits@2.0.3
21 silly idealTree ├── redis-commands@1.7.0
21 silly idealTree ├── redis-parser@2.6.0
21 silly idealTree ├── redis@2.8.0
21 silly idealTree ├── request@2.88.2
21 silly idealTree ├── retry@0.9.0
21 silly idealTree ├── safe-buffer@5.2.1
21 silly idealTree ├── safer-buffer@2.1.2
21 silly idealTree ├── scoped-http-client@0.11.0
21 silly idealTree ├─┬ send@0.17.1
21 silly idealTree │ └── ms@2.1.1
21 silly idealTree ├── serve-static@1.14.1
21 silly idealTree ├── setprototypeof@1.1.1
21 silly idealTree ├── siritoriApp@file:siritoriApp
21 silly idealTree ├── sshpk@1.16.1
21 silly idealTree ├── stack-trace@0.0.10
21 silly idealTree ├── statuses@1.5.0
21 silly idealTree ├── strip-ansi@3.0.1
21 silly idealTree ├── supports-color@2.0.0
21 silly idealTree ├── toidentifier@1.0.0
21 silly idealTree ├── tough-cookie@2.5.0
21 silly idealTree ├── tunnel-agent@0.6.0
21 silly idealTree ├── tweetnacl@0.14.5
21 silly idealTree ├── type-is@1.6.18
21 silly idealTree ├── uid-safe@2.1.5
21 silly idealTree ├── ultron@1.0.2
21 silly idealTree ├── unpipe@1.0.0
21 silly idealTree ├── uri-js@4.4.1
21 silly idealTree ├── url-join@0.0.1
21 silly idealTree ├── utils-merge@1.0.1
21 silly idealTree ├── uuid@3.4.0
21 silly idealTree ├── vary@1.1.2
21 silly idealTree ├── verror@1.10.0
21 silly idealTree ├─┬ winston@2.4.5
21 silly idealTree │ └── async@1.0.0
21 silly idealTree └── ws@1.1.5
22 silly install generateActionsToTake
23 timing stage:generateActionsToTake Completed in 79ms
24 silly diffTrees action count 38
25 silly diffTrees add inherits@2.0.3
26 silly diffTrees add http-errors@1.7.2
27 silly diffTrees add qs@6.7.0
28 silly diffTrees add iconv-lite@0.4.24
29 silly diffTrees add inherits@2.0.3
30 silly diffTrees add http-errors@1.7.2
31 silly diffTrees add raw-body@2.4.0
32 silly diffTrees add body-parser@1.19.0
33 silly diffTrees add uri-js@4.4.1
34 silly diffTrees add ajv@6.12.6
35 silly diffTrees add har-validator@5.1.5
36 silly diffTrees add url-join@0.0.1
37 silly diffTrees add utils-merge@1.0.1
38 silly diffTrees add uuid@3.4.0
39 silly diffTrees add vary@1.1.2
40 silly diffTrees update express@4.17.1
41 silly diffTrees add verror@1.10.0
42 silly diffTrees add jsprim@1.4.1
43 silly diffTrees update http-signature@1.2.0
44 silly diffTrees update request@2.88.2
45 silly diffTrees add async@1.0.0
46 silly diffTrees add winston@2.4.5
47 silly diffTrees add ws@1.1.5
48 silly diffTrees update @slack/client@3.16.1-sec.2
49 silly diffTrees update hubot@3.3.2
50 silly diffTrees update hubot-diagnostics@1.0.0
51 silly diffTrees update hubot-google-images@0.2.7
52 silly diffTrees update hubot-google-translate@0.2.1
53 silly diffTrees update hubot-help@1.0.1
54 silly diffTrees update hubot-heroku-keepalive@1.0.3
55 silly diffTrees update hubot-maps@0.0.3
56 silly diffTrees update hubot-pugme@0.1.1
57 silly diffTrees update hubot-redis-brain@1.0.0
58 silly diffTrees update hubot-rules@1.0.0
59 silly diffTrees update hubot-scripts@2.17.2
60 silly diffTrees update hubot-shipit@0.2.1
61 silly diffTrees update hubot-slack@4.9.0
62 silly diffTrees add siritoriApp@file:siritoriApp
63 silly decomposeActions action count 336
64 silly decomposeActions fetch inherits@2.0.3
65 silly decomposeActions extract inherits@2.0.3
66 silly decomposeActions preinstall inherits@2.0.3
67 silly decomposeActions build inherits@2.0.3
68 silly decomposeActions install inherits@2.0.3
69 silly decomposeActions postinstall inherits@2.0.3
70 silly decomposeActions finalize inherits@2.0.3
71 silly decomposeActions refresh-package-json inherits@2.0.3
72 silly decomposeActions fetch http-errors@1.7.2
73 silly decomposeActions extract http-errors@1.7.2
74 silly decomposeActions preinstall http-errors@1.7.2
75 silly decomposeActions build http-errors@1.7.2
76 silly decomposeActions install http-errors@1.7.2
77 silly decomposeActions postinstall http-errors@1.7.2
78 silly decomposeActions finalize http-errors@1.7.2
79 silly decomposeActions refresh-package-json http-errors@1.7.2
80 silly decomposeActions fetch qs@6.7.0
81 silly decomposeActions extract qs@6.7.0
82 silly decomposeActions preinstall qs@6.7.0
83 silly decomposeActions build qs@6.7.0
84 silly decomposeActions install qs@6.7.0
85 silly decomposeActions postinstall qs@6.7.0
86 silly decomposeActions finalize qs@6.7.0
87 silly decomposeActions refresh-package-json qs@6.7.0
88 silly decomposeActions fetch iconv-lite@0.4.24
89 silly decomposeActions extract iconv-lite@0.4.24
90 silly decomposeActions preinstall iconv-lite@0.4.24
91 silly decomposeActions build iconv-lite@0.4.24
92 silly decomposeActions install iconv-lite@0.4.24
93 silly decomposeActions postinstall iconv-lite@0.4.24
94 silly decomposeActions finalize iconv-lite@0.4.24
95 silly decomposeActions refresh-package-json iconv-lite@0.4.24
96 silly decomposeActions fetch inherits@2.0.3
97 silly decomposeActions extract inherits@2.0.3
98 silly decomposeActions preinstall inherits@2.0.3
99 silly decomposeActions build inherits@2.0.3
100 silly decomposeActions install inherits@2.0.3
101 silly decomposeActions postinstall inherits@2.0.3
102 silly decomposeActions finalize inherits@2.0.3
103 silly decomposeActions refresh-package-json inherits@2.0.3
104 silly decomposeActions fetch http-errors@1.7.2
105 silly decomposeActions extract http-errors@1.7.2
106 silly decomposeActions preinstall http-errors@1.7.2
107 silly decomposeActions build http-errors@1.7.2
108 silly decomposeActions install http-errors@1.7.2
109 silly decomposeActions postinstall http-errors@1.7.2
110 silly decomposeActions finalize http-errors@1.7.2
111 silly decomposeActions refresh-package-json http-errors@1.7.2
112 silly decomposeActions fetch raw-body@2.4.0
113 silly decomposeActions extract raw-body@2.4.0
114 silly decomposeActions preinstall raw-body@2.4.0
115 silly decomposeActions build raw-body@2.4.0
116 silly decomposeActions install raw-body@2.4.0
117 silly decomposeActions postinstall raw-body@2.4.0
118 silly decomposeActions finalize raw-body@2.4.0
119 silly decomposeActions refresh-package-json raw-body@2.4.0
120 silly decomposeActions fetch body-parser@1.19.0
121 silly decomposeActions extract body-parser@1.19.0
122 silly decomposeActions preinstall body-parser@1.19.0
123 silly decomposeActions build body-parser@1.19.0
124 silly decomposeActions install body-parser@1.19.0
125 silly decomposeActions postinstall body-parser@1.19.0
126 silly decomposeActions finalize body-parser@1.19.0
127 silly decomposeActions refresh-package-json body-parser@1.19.0
128 silly decomposeActions fetch uri-js@4.4.1
129 silly decomposeActions extract uri-js@4.4.1
130 silly decomposeActions preinstall uri-js@4.4.1
131 silly decomposeActions build uri-js@4.4.1
132 silly decomposeActions install uri-js@4.4.1
133 silly decomposeActions postinstall uri-js@4.4.1
134 silly decomposeActions finalize uri-js@4.4.1
135 silly decomposeActions refresh-package-json uri-js@4.4.1
136 silly decomposeActions fetch ajv@6.12.6
137 silly decomposeActions extract ajv@6.12.6
138 silly decomposeActions preinstall ajv@6.12.6
139 silly decomposeActions build ajv@6.12.6
140 silly decomposeActions install ajv@6.12.6
141 silly decomposeActions postinstall ajv@6.12.6
142 silly decomposeActions finalize ajv@6.12.6
143 silly decomposeActions refresh-package-json ajv@6.12.6
144 silly decomposeActions fetch har-validator@5.1.5
145 silly decomposeActions extract har-validator@5.1.5
146 silly decomposeActions preinstall har-validator@5.1.5
147 silly decomposeActions build har-validator@5.1.5
148 silly decomposeActions install har-validator@5.1.5
149 silly decomposeActions postinstall har-validator@5.1.5
150 silly decomposeActions finalize har-validator@5.1.5
151 silly decomposeActions refresh-package-json har-validator@5.1.5
152 silly decomposeActions fetch url-join@0.0.1
153 silly decomposeActions extract url-join@0.0.1
154 silly decomposeActions preinstall url-join@0.0.1
155 silly decomposeActions build url-join@0.0.1
156 silly decomposeActions install url-join@0.0.1
157 silly decomposeActions postinstall url-join@0.0.1
158 silly decomposeActions finalize url-join@0.0.1
159 silly decomposeActions refresh-package-json url-join@0.0.1
160 silly decomposeActions fetch utils-merge@1.0.1
161 silly decomposeActions extract utils-merge@1.0.1
162 silly decomposeActions preinstall utils-merge@1.0.1
163 silly decomposeActions build utils-merge@1.0.1
164 silly decomposeActions install utils-merge@1.0.1
165 silly decomposeActions postinstall utils-merge@1.0.1
166 silly decomposeActions finalize utils-merge@1.0.1
167 silly decomposeActions refresh-package-json utils-merge@1.0.1
168 silly decomposeActions fetch uuid@3.4.0
169 silly decomposeActions extract uuid@3.4.0
170 silly decomposeActions preinstall uuid@3.4.0
171 silly decomposeActions build uuid@3.4.0
172 silly decomposeActions install uuid@3.4.0
173 silly decomposeActions postinstall uuid@3.4.0
174 silly decomposeActions finalize uuid@3.4.0
175 silly decomposeActions refresh-package-json uuid@3.4.0
176 silly decomposeActions fetch vary@1.1.2
177 silly decomposeActions extract vary@1.1.2
178 silly decomposeActions preinstall vary@1.1.2
179 silly decomposeActions build vary@1.1.2
180 silly decomposeActions install vary@1.1.2
181 silly decomposeActions postinstall vary@1.1.2
182 silly decomposeActions finalize vary@1.1.2
183 silly decomposeActions refresh-package-json vary@1.1.2
184 silly decomposeActions unbuild express
185 silly decomposeActions remove express
186 silly decomposeActions fetch express@4.17.1
187 silly decomposeActions extract express@4.17.1
188 silly decomposeActions preinstall express@4.17.1
189 silly decomposeActions build express@4.17.1
190 silly decomposeActions install express@4.17.1
191 silly decomposeActions postinstall express@4.17.1
192 silly decomposeActions finalize express@4.17.1
193 silly decomposeActions refresh-package-json express@4.17.1
194 silly decomposeActions fetch verror@1.10.0
195 silly decomposeActions extract verror@1.10.0
196 silly decomposeActions preinstall verror@1.10.0
197 silly decomposeActions build verror@1.10.0
198 silly decomposeActions install verror@1.10.0
199 silly decomposeActions postinstall verror@1.10.0
200 silly decomposeActions finalize verror@1.10.0
201 silly decomposeActions refresh-package-json verror@1.10.0
202 silly decomposeActions fetch jsprim@1.4.1
203 silly decomposeActions extract jsprim@1.4.1
204 silly decomposeActions preinstall jsprim@1.4.1
205 silly decomposeActions build jsprim@1.4.1
206 silly decomposeActions install jsprim@1.4.1
207 silly decomposeActions postinstall jsprim@1.4.1
208 silly decomposeActions finalize jsprim@1.4.1
209 silly decomposeActions refresh-package-json jsprim@1.4.1
210 silly decomposeActions unbuild http-signature
211 silly decomposeActions remove http-signature
212 silly decomposeActions fetch http-signature@1.2.0
213 silly decomposeActions extract http-signature@1.2.0
214 silly decomposeActions preinstall http-signature@1.2.0
215 silly decomposeActions build http-signature@1.2.0
216 silly decomposeActions install http-signature@1.2.0
217 silly decomposeActions postinstall http-signature@1.2.0
218 silly decomposeActions finalize http-signature@1.2.0
219 silly decomposeActions refresh-package-json http-signature@1.2.0
220 silly decomposeActions unbuild request
221 silly decomposeActions remove request
222 silly decomposeActions fetch request@2.88.2
223 silly decomposeActions extract request@2.88.2
224 silly decomposeActions preinstall request@2.88.2
225 silly decomposeActions build request@2.88.2
226 silly decomposeActions install request@2.88.2
227 silly decomposeActions postinstall request@2.88.2
228 silly decomposeActions finalize request@2.88.2
229 silly decomposeActions refresh-package-json request@2.88.2
230 silly decomposeActions fetch async@1.0.0
231 silly decomposeActions extract async@1.0.0
232 silly decomposeActions preinstall async@1.0.0
233 silly decomposeActions build async@1.0.0
234 silly decomposeActions install async@1.0.0
235 silly decomposeActions postinstall async@1.0.0
236 silly decomposeActions finalize async@1.0.0
237 silly decomposeActions refresh-package-json async@1.0.0
238 silly decomposeActions fetch winston@2.4.5
239 silly decomposeActions extract winston@2.4.5
240 silly decomposeActions preinstall winston@2.4.5
241 silly decomposeActions build winston@2.4.5
242 silly decomposeActions install winston@2.4.5
243 silly decomposeActions postinstall winston@2.4.5
244 silly decomposeActions finalize winston@2.4.5
245 silly decomposeActions refresh-package-json winston@2.4.5
246 silly decomposeActions fetch ws@1.1.5
247 silly decomposeActions extract ws@1.1.5
248 silly decomposeActions preinstall ws@1.1.5
249 silly decomposeActions build ws@1.1.5
250 silly decomposeActions install ws@1.1.5
251 silly decomposeActions postinstall ws@1.1.5
252 silly decomposeActions finalize ws@1.1.5
253 silly decomposeActions refresh-package-json ws@1.1.5
254 silly decomposeActions unbuild @slack/client
255 silly decomposeActions remove @slack/client
256 silly decomposeActions fetch @slack/client@3.16.1-sec.2
257 silly decomposeActions extract @slack/client@3.16.1-sec.2
258 silly decomposeActions preinstall @slack/client@3.16.1-sec.2
259 silly decomposeActions build @slack/client@3.16.1-sec.2
260 silly decomposeActions install @slack/client@3.16.1-sec.2
261 silly decomposeActions postinstall @slack/client@3.16.1-sec.2
262 silly decomposeActions finalize @slack/client@3.16.1-sec.2
263 silly decomposeActions refresh-package-json @slack/client@3.16.1-sec.2
264 silly decomposeActions unbuild hubot
265 silly decomposeActions remove hubot
266 silly decomposeActions fetch hubot@3.3.2
267 silly decomposeActions extract hubot@3.3.2
268 silly decomposeActions preinstall hubot@3.3.2
269 silly decomposeActions build hubot@3.3.2
270 silly decomposeActions install hubot@3.3.2
271 silly decomposeActions postinstall hubot@3.3.2
272 silly decomposeActions finalize hubot@3.3.2
273 silly decomposeActions refresh-package-json hubot@3.3.2
274 silly decomposeActions unbuild hubot-diagnostics
275 silly decomposeActions remove hubot-diagnostics
276 silly decomposeActions fetch hubot-diagnostics@1.0.0
277 silly decomposeActions extract hubot-diagnostics@1.0.0
278 silly decomposeActions preinstall hubot-diagnostics@1.0.0
279 silly decomposeActions build hubot-diagnostics@1.0.0
280 silly decomposeActions install hubot-diagnostics@1.0.0
281 silly decomposeActions postinstall hubot-diagnostics@1.0.0
282 silly decomposeActions finalize hubot-diagnostics@1.0.0
283 silly decomposeActions refresh-package-json hubot-diagnostics@1.0.0
284 silly decomposeActions unbuild hubot-google-images
285 silly decomposeActions remove hubot-google-images
286 silly decomposeActions fetch hubot-google-images@0.2.7
287 silly decomposeActions extract hubot-google-images@0.2.7
288 silly decomposeActions preinstall hubot-google-images@0.2.7
289 silly decomposeActions build hubot-google-images@0.2.7
290 silly decomposeActions install hubot-google-images@0.2.7
291 silly decomposeActions postinstall hubot-google-images@0.2.7
292 silly decomposeActions finalize hubot-google-images@0.2.7
293 silly decomposeActions refresh-package-json hubot-google-images@0.2.7
294 silly decomposeActions unbuild hubot-google-translate
295 silly decomposeActions remove hubot-google-translate
296 silly decomposeActions fetch hubot-google-translate@0.2.1
297 silly decomposeActions extract hubot-google-translate@0.2.1
298 silly decomposeActions preinstall hubot-google-translate@0.2.1
299 silly decomposeActions build hubot-google-translate@0.2.1
300 silly decomposeActions install hubot-google-translate@0.2.1
301 silly decomposeActions postinstall hubot-google-translate@0.2.1
302 silly decomposeActions finalize hubot-google-translate@0.2.1
303 silly decomposeActions refresh-package-json hubot-google-translate@0.2.1
304 silly decomposeActions unbuild hubot-help
305 silly decomposeActions remove hubot-help
306 silly decomposeActions fetch hubot-help@1.0.1
307 silly decomposeActions extract hubot-help@1.0.1
308 silly decomposeActions preinstall hubot-help@1.0.1
309 silly decomposeActions build hubot-help@1.0.1
310 silly decomposeActions install hubot-help@1.0.1
311 silly decomposeActions postinstall hubot-help@1.0.1
312 silly decomposeActions finalize hubot-help@1.0.1
313 silly decomposeActions refresh-package-json hubot-help@1.0.1
314 silly decomposeActions unbuild hubot-heroku-keepalive
315 silly decomposeActions remove hubot-heroku-keepalive
316 silly decomposeActions fetch hubot-heroku-keepalive@1.0.3
317 silly decomposeActions extract hubot-heroku-keepalive@1.0.3
318 silly decomposeActions preinstall hubot-heroku-keepalive@1.0.3
319 silly decomposeActions build hubot-heroku-keepalive@1.0.3
320 silly decomposeActions install hubot-heroku-keepalive@1.0.3
321 silly decomposeActions postinstall hubot-heroku-keepalive@1.0.3
322 silly decomposeActions finalize hubot-heroku-keepalive@1.0.3
323 silly decomposeActions refresh-package-json hubot-heroku-keepalive@1.0.3
324 silly decomposeActions unbuild hubot-maps
325 silly decomposeActions remove hubot-maps
326 silly decomposeActions fetch hubot-maps@0.0.3
327 silly decomposeActions extract hubot-maps@0.0.3
328 silly decomposeActions preinstall hubot-maps@0.0.3
329 silly decomposeActions build hubot-maps@0.0.3
330 silly decomposeActions install hubot-maps@0.0.3
331 silly decomposeActions postinstall hubot-maps@0.0.3
332 silly decomposeActions finalize hubot-maps@0.0.3
333 silly decomposeActions refresh-package-json hubot-maps@0.0.3
334 silly decomposeActions unbuild hubot-pugme
335 silly decomposeActions remove hubot-pugme
336 silly decomposeActions fetch hubot-pugme@0.1.1
337 silly decomposeActions extract hubot-pugme@0.1.1
338 silly decomposeActions preinstall hubot-pugme@0.1.1
339 silly decomposeActions build hubot-pugme@0.1.1
340 silly decomposeActions install hubot-pugme@0.1.1
341 silly decomposeActions postinstall hubot-pugme@0.1.1
342 silly decomposeActions finalize hubot-pugme@0.1.1
343 silly decomposeActions refresh-package-json hubot-pugme@0.1.1
344 silly decomposeActions unbuild hubot-redis-brain
345 silly decomposeActions remove hubot-redis-brain
346 silly decomposeActions fetch hubot-redis-brain@1.0.0
347 silly decomposeActions extract hubot-redis-brain@1.0.0
348 silly decomposeActions preinstall hubot-redis-brain@1.0.0
349 silly decomposeActions build hubot-redis-brain@1.0.0
350 silly decomposeActions install hubot-redis-brain@1.0.0
351 silly decomposeActions postinstall hubot-redis-brain@1.0.0
352 silly decomposeActions finalize hubot-redis-brain@1.0.0
353 silly decomposeActions refresh-package-json hubot-redis-brain@1.0.0
354 silly decomposeActions unbuild hubot-rules
355 silly decomposeActions remove hubot-rules
356 silly decomposeActions fetch hubot-rules@1.0.0
357 silly decomposeActions extract hubot-rules@1.0.0
358 silly decomposeActions preinstall hubot-rules@1.0.0
359 silly decomposeActions build hubot-rules@1.0.0
360 silly decomposeActions install hubot-rules@1.0.0
361 silly decomposeActions postinstall hubot-rules@1.0.0
362 silly decomposeActions finalize hubot-rules@1.0.0
363 silly decomposeActions refresh-package-json hubot-rules@1.0.0
364 silly decomposeActions unbuild hubot-scripts
365 silly decomposeActions remove hubot-scripts
366 silly decomposeActions fetch hubot-scripts@2.17.2
367 silly decomposeActions extract hubot-scripts@2.17.2
368 silly decomposeActions preinstall hubot-scripts@2.17.2
369 silly decomposeActions build hubot-scripts@2.17.2
370 silly decomposeActions install hubot-scripts@2.17.2
371 silly decomposeActions postinstall hubot-scripts@2.17.2
372 silly decomposeActions finalize hubot-scripts@2.17.2
373 silly decomposeActions refresh-package-json hubot-scripts@2.17.2
374 silly decomposeActions unbuild hubot-shipit
375 silly decomposeActions remove hubot-shipit
376 silly decomposeActions fetch hubot-shipit@0.2.1
377 silly decomposeActions extract hubot-shipit@0.2.1
378 silly decomposeActions preinstall hubot-shipit@0.2.1
379 silly decomposeActions build hubot-shipit@0.2.1
380 silly decomposeActions install hubot-shipit@0.2.1
381 silly decomposeActions postinstall hubot-shipit@0.2.1
382 silly decomposeActions finalize hubot-shipit@0.2.1
383 silly decomposeActions refresh-package-json hubot-shipit@0.2.1
384 silly decomposeActions unbuild hubot-slack
385 silly decomposeActions remove hubot-slack
386 silly decomposeActions fetch hubot-slack@4.9.0
387 silly decomposeActions extract hubot-slack@4.9.0
388 silly decomposeActions preinstall hubot-slack@4.9.0
389 silly decomposeActions build hubot-slack@4.9.0
390 silly decomposeActions install hubot-slack@4.9.0
391 silly decomposeActions postinstall hubot-slack@4.9.0
392 silly decomposeActions finalize hubot-slack@4.9.0
393 silly decomposeActions refresh-package-json hubot-slack@4.9.0
394 silly decomposeActions preinstall siritoriApp@file:siritoriApp
395 silly decomposeActions build siritoriApp@file:siritoriApp
396 silly decomposeActions install siritoriApp@file:siritoriApp
397 silly decomposeActions postinstall siritoriApp@file:siritoriApp
398 silly decomposeActions finalize siritoriApp@file:siritoriApp
399 silly decomposeActions refresh-package-json siritoriApp@file:siritoriApp
400 silly install executeActions
401 silly doSerial global-install 336
402 verbose correctMkdir /home/siritorihubot/.npm/_locks correctMkdir not in flight; initializing
403 verbose lock using /home/siritorihubot/.npm/_locks/staging-84e12cf60e694cfb.lock for /home/siritorihubot/node_modules/.staging
404 silly doParallel extract 37
405 silly extract inherits@2.0.3
406 silly extract http-errors@1.7.2
407 silly extract qs@6.7.0
408 silly extract iconv-lite@0.4.24
409 silly extract inherits@2.0.3
410 silly extract http-errors@1.7.2
411 silly extract raw-body@2.4.0
412 silly extract body-parser@1.19.0
413 silly extract uri-js@4.4.1
414 silly extract ajv@6.12.6
415 silly extract har-validator@5.1.5
416 silly extract url-join@0.0.1
417 silly extract utils-merge@1.0.1
418 silly extract uuid@3.4.0
419 silly extract vary@1.1.2
420 silly extract express@4.17.1
421 silly extract verror@1.10.0
422 silly extract jsprim@1.4.1
423 silly extract http-signature@1.2.0
424 silly extract request@2.88.2
425 silly extract async@1.0.0
426 silly extract winston@2.4.5
427 silly extract ws@1.1.5
428 silly extract @slack/client@3.16.1-sec.2
429 silly extract hubot@3.3.2
430 silly extract hubot-diagnostics@1.0.0
431 silly extract hubot-google-images@0.2.7
432 silly extract hubot-google-translate@0.2.1
433 silly extract hubot-help@1.0.1
434 silly extract hubot-heroku-keepalive@1.0.3
435 silly extract hubot-maps@0.0.3
436 silly extract hubot-pugme@0.1.1
437 silly extract hubot-redis-brain@1.0.0
438 silly extract hubot-rules@1.0.0
439 silly extract hubot-scripts@2.17.2
440 silly extract hubot-shipit@0.2.1
441 silly extract hubot-slack@4.9.0
442 silly tarball trying qs@6.7.0 by hash: sha512-VCdBRNFTX1fyE7Nb6FYoURo/SPe62QCaAyzJvUjwRaIsc+NePBEniHlvxFmmX56+HZphIGtV0XeCirBtpDrTyQ==
443 silly tarball trying hubot-redis-brain@1.0.0 by hash: sha512-F3udeIfYZ+49ezeWKQgcI41PblsyRnHvAWrqjJV/HGApPCxX1P0cPiNna3B/ml6V5EOOZLsVeelukwtxDhh09A==
444 silly tarball trying hubot-slack@4.9.0 by hash: sha512-liNHxyii/XZe2ypXP8IEPas5paJwVVRVZYMcVy3cHlIYzRaY+99ayBptEI+KWfqzhzxnLGV2aGjHUjolBsl0iA==
445 silly tarball trying inherits@2.0.3 by hash: sha1-Yzwsg+PaQqUC9SRmAiSA9CCCYd4=
446 silly tarball trying http-errors@1.7.2 by hash: sha512-uUQBt3H/cSIVfch6i1EuPNy/YsRSOUBXTVfZ+yR7Zjez3qjBz6i9+i4zjNaoqcoFVI4lQJ5plg63TvGfRSDCRg==
447 silly tarball trying iconv-lite@0.4.24 by hash: sha512-v3MXnZAcvnywkTUEZomIActle7RXXeedOR31wwl7VlyoXO4Qi9arvSenNQWne1TcRwhCL1HwLI21bEqdpj8/rA==
448 silly tarball trying raw-body@2.4.0 by hash: sha512-4Oz8DUIwdvoa5qMJelxipzi/iJIi40O5cGV1wNYp5hvZP8ZN0T+jiNkL0QepXs+EsQ9XJ8ipEDoiH70ySUJP3Q==
449 silly tarball trying inherits@2.0.3 by hash: sha1-Yzwsg+PaQqUC9SRmAiSA9CCCYd4=
450 silly tarball trying http-errors@1.7.2 by hash: sha512-uUQBt3H/cSIVfch6i1EuPNy/YsRSOUBXTVfZ+yR7Zjez3qjBz6i9+i4zjNaoqcoFVI4lQJ5plg63TvGfRSDCRg==
451 silly tarball trying body-parser@1.19.0 by hash: sha512-dhEPs72UPbDnAQJ9ZKMNTP6ptJaionhP5cBb541nXPlW60Jepo9RV/a4fX4XWW9CuFNK22krhrj1+rgzifNCsw==
452 silly tarball trying har-validator@5.1.5 by hash: sha512-nmT2T0lljbxdQZfspsno9hgrG3Uir6Ks5afism62poxqBM6sDnMEuPmzTq8XN0OEwqKLLdh1jQI3qyE66Nzb3w==
453 silly tarball trying ajv@6.12.6 by hash: sha512-j3fVLgvTo527anyYyJOGTYJbG+vnnQYvE0m5mmkc1TK+nxAppkCLMIL0aZ4dblVCNoGShhm+kzE4ZUykBoMg4g==
454 silly tarball trying uri-js@4.4.1 by hash: sha512-7rKUyy33Q1yc98pQ1DAmLtwX109F7TIfWlW1Ydo8Wl1ii1SeHieeh0HHfPeL2fMXK6z0s8ecKs9frCuLJvndBg==
455 silly tarball trying uuid@3.4.0 by hash: sha512-HjSDRw6gZE5JMggctHBcjVak08+KEVhSIiDzFnT9S9aegmp85S/bReBVTb4QTFaRNptJ9kuYaNhnbNEOkbKb/A==
456 silly tarball trying vary@1.1.2 by hash: sha1-IpnwLG3tMNSllhsLn3RSShj2NPw=
457 silly tarball trying url-join@0.0.1 by hash: sha1-HbSK1CLTQCRpqH99l73r/k+x48g=
458 silly tarball trying utils-merge@1.0.1 by hash: sha1-n5VxD1CiZ5R7LMwSR0HBAoQn5xM=
459 silly tarball trying express@4.17.1 by hash: sha512-mHJ9O79RqluphRrcw2X/GTh3k9tVv8YcoyY4Kkh4WDMUYKRZUq0h1o0w2rrrxBqM7VoeUVqgb27xlEMXTnYt4g==
460 silly tarball trying verror@1.10.0 by hash: sha1-OhBcoXBTr1XW4nDB+CiGguGNpAA=
461 silly tarball trying request@2.88.2 by hash: sha512-MsvtOrfG9ZcrOwAW+Qi+F6HbD0CWXEh9ou77uOb7FM2WPhwT7smM833PzanhJLsgXjN89Ir6V2PczXNnMpwKhw==
462 silly tarball trying jsprim@1.4.1 by hash: sha1-MT5mvB5cwG5Di8G3SZwuXFastqI=
463 silly tarball trying http-signature@1.2.0 by hash: sha1-muzZJRFHcvPZW2WmCruPfBj7rOE=
464 silly tarball trying async@1.0.0 by hash: sha1-+PwEyjoTeErenhZBr5hXjPvWR6k=
465 silly tarball trying ws@1.1.5 by hash: sha512-o3KqipXNUdS7wpQzBHSe180lBGO60SoK0yVo3CYJgb2MkobuWuBX6dhkYP5ORCLd55y+SaflMOV5fqAB53ux4w==
466 silly tarball trying winston@2.4.5 by hash: sha512-TWoamHt5yYvsMarGlGEQE59SbJHqGsZV8/lwC+iCcGeAe0vUaOh+Lv6SYM17ouzC/a/LB1/hz/7sxFBtlu1l4A==
467 silly tarball trying @slack/client@3.16.1-sec.2 by hash: sha512-FAERJJAurczrvgShW+9V95NdVYgf8FdIexUqfBgNuToRrLRDRcWNf0nGyfKAvl2RH1ncppzJp3iXgMNJFnJXhQ==
468 silly tarball trying hubot-google-images@0.2.7 by hash: sha1-qKH5CU12gwvxkxdwiI+rDcDBGk0=
469 silly tarball trying hubot-diagnostics@1.0.0 by hash: sha512-4kuR04lULoDDra/Z7B/rgMQMZW531Ve5hwhd8xNOKAl8e1cb5bZNqVpGFYF174eYcN54+RZuWQFHsntjvczyag==
470 silly tarball trying hubot@3.3.2 by hash: sha512-+8h/s+t5GirjuDW5K1QjTGBGzOU8ksEi51HeLdFghYOWj40x6ndhAU3C6SRPk/7yHj6luVPuVi/Y8s0P+lqM9Q==
471 silly tarball trying hubot-help@1.0.1 by hash: sha512-1gL7ywROwQG6Grom68Bhi8O7YHn/qEkg3tGgap+tFejZGxVnFyJ/LcStBScW/zUj4yf0GlDaExR/vsaTjzBRsA==
472 silly tarball trying hubot-heroku-keepalive@1.0.3 by hash: sha1-KVDigJXuSmrOK3b5DiqRupHmgTw=
473 silly tarball trying hubot-google-translate@0.2.1 by hash: sha1-P0lsfywgmU1ZS0t1GDiY4rYnu34=
474 silly tarball trying hubot-pugme@0.1.1 by hash: sha1-u/O5k4MVFsgU9WnPDwUxP7mjFFg=
475 silly tarball trying hubot-maps@0.0.3 by hash: sha1-yPxbA0h1TmJhbVuZsr85BMXuWDw=
476 silly tarball trying hubot-rules@1.0.0 by hash: sha512-IXeTYp6aK25Hgio8ezYr9vruLt1dICL9+kImaXefbfanSjNiNDvltNZfwANqeBx4Zm92A6yi36XxbWR5ZS5kNg==
477 silly tarball trying hubot-scripts@2.17.2 by hash: sha1-mwjpB9XPq6cteDIEBnp4zp3zriQ=
478 silly tarball trying hubot-shipit@0.2.1 by hash: sha1-T7yeFhlTv3kB/cNuKnAsExA/FrI=
479 silly extract hubot-help@1.0.1 extracted to /home/siritorihubot/node_modules/.staging/hubot-help-7dc05b4a (314ms)
480 silly extract inherits@2.0.3 extracted to /home/siritorihubot/node_modules/.staging/inherits-4002d113 (331ms)
481 silly extract inherits@2.0.3 extracted to /home/siritorihubot/node_modules/.staging/inherits-9a0d80f1 (333ms)
482 silly extract vary@1.1.2 extracted to /home/siritorihubot/node_modules/.staging/vary-2d4e580c (340ms)
483 silly extract utils-merge@1.0.1 extracted to /home/siritorihubot/node_modules/.staging/utils-merge-527980f0 (343ms)
484 silly extract http-errors@1.7.2 extracted to /home/siritorihubot/node_modules/.staging/http-errors-9ec69d38 (347ms)
485 silly extract http-errors@1.7.2 extracted to /home/siritorihubot/node_modules/.staging/http-errors-6298470e (349ms)
486 silly extract har-validator@5.1.5 extracted to /home/siritorihubot/node_modules/.staging/har-validator-59439039 (368ms)
487 silly extract hubot-maps@0.0.3 extracted to /home/siritorihubot/node_modules/.staging/hubot-maps-785638b4 (368ms)
488 silly extract url-join@0.0.1 extracted to /home/siritorihubot/node_modules/.staging/url-join-df69c66b (373ms)
489 timing audit submit Completed in 410ms
490 http fetch POST 200 https://registry.npmjs.org/-/npm/v1/security/audits/quick 411ms
491 timing audit body Completed in 1ms
492 silly extract raw-body@2.4.0 extracted to /home/siritorihubot/node_modules/.staging/raw-body-6f3fc3e9 (381ms)
493 silly extract jsprim@1.4.1 extracted to /home/siritorihubot/node_modules/.staging/jsprim-8b88e84a (393ms)
494 silly extract hubot-rules@1.0.0 extracted to /home/siritorihubot/node_modules/.staging/hubot-rules-23d7b18f (398ms)
495 silly extract hubot-diagnostics@1.0.0 extracted to /home/siritorihubot/node_modules/.staging/hubot-diagnostics-5d06626d (419ms)
496 silly extract hubot-shipit@0.2.1 extracted to /home/siritorihubot/node_modules/.staging/hubot-shipit-9db5d724 (427ms)
497 silly extract verror@1.10.0 extracted to /home/siritorihubot/node_modules/.staging/verror-41e050ec (432ms)
498 silly extract hubot-redis-brain@1.0.0 extracted to /home/siritorihubot/node_modules/.staging/hubot-redis-brain-c7fb3a33 (438ms)
499 silly extract hubot-google-translate@0.2.1 extracted to /home/siritorihubot/node_modules/.staging/hubot-google-translate-23456d78 (441ms)
500 silly extract hubot-pugme@0.1.1 extracted to /home/siritorihubot/node_modules/.staging/hubot-pugme-baf8ad7f (442ms)
501 silly extract hubot-google-images@0.2.7 extracted to /home/siritorihubot/node_modules/.staging/hubot-google-images-8bdb894e (450ms)
502 silly extract hubot-heroku-keepalive@1.0.3 extracted to /home/siritorihubot/node_modules/.staging/hubot-heroku-keepalive-30405c77 (459ms)
503 silly extract body-parser@1.19.0 extracted to /home/siritorihubot/node_modules/.staging/body-parser-d9163a69 (483ms)
504 silly extract http-signature@1.2.0 extracted to /home/siritorihubot/node_modules/.staging/http-signature-32d5797e (493ms)
505 silly extract async@1.0.0 extracted to /home/siritorihubot/node_modules/.staging/async-753dcdbe (500ms)
506 silly extract uuid@3.4.0 extracted to /home/siritorihubot/node_modules/.staging/uuid-ce368aa3 (524ms)
507 silly extract ws@1.1.5 extracted to /home/siritorihubot/node_modules/.staging/ws-68f7ace1 (542ms)
508 silly extract qs@6.7.0 extracted to /home/siritorihubot/node_modules/.staging/qs-3d8a793e (563ms)
509 silly extract express@4.17.1 extracted to /home/siritorihubot/node_modules/.staging/express-87416089 (574ms)
510 silly extract request@2.88.2 extracted to /home/siritorihubot/node_modules/.staging/request-6907681c (575ms)
511 silly extract iconv-lite@0.4.24 extracted to /home/siritorihubot/node_modules/.staging/iconv-lite-fc2a038b (645ms)
512 silly extract winston@2.4.5 extracted to /home/siritorihubot/node_modules/.staging/winston-3e2ba7b7 (692ms)
513 silly extract uri-js@4.4.1 extracted to /home/siritorihubot/node_modules/.staging/uri-js-ae580b6b (769ms)
514 silly extract hubot@3.3.2 extracted to /home/siritorihubot/node_modules/.staging/hubot-6399f7ba (795ms)
515 silly extract hubot-slack@4.9.0 extracted to /home/siritorihubot/node_modules/.staging/hubot-slack-b89ecbe0 (815ms)
516 silly extract ajv@6.12.6 extracted to /home/siritorihubot/node_modules/.staging/ajv-a41208e8 (917ms)
517 silly extract @slack/client@3.16.1-sec.2 extracted to /home/siritorihubot/node_modules/.staging/@slack/client-e4992150 (1151ms)
518 silly extract hubot-scripts@2.17.2 extracted to /home/siritorihubot/node_modules/.staging/hubot-scripts-5da6be86 (1387ms)
519 timing action:extract Completed in 1397ms
520 silly doReverseSerial unbuild 336
521 silly unbuild hubot-slack
522 info lifecycle undefined~preuninstall: undefined
523 info lifecycle undefined~uninstall: undefined
524 verbose unbuild rmStuff undefined from /home/siritorihubot/node_modules
525 info lifecycle undefined~postuninstall: undefined
526 silly unbuild hubot-shipit
527 info lifecycle undefined~preuninstall: undefined
528 info lifecycle undefined~uninstall: undefined
529 verbose unbuild rmStuff undefined from /home/siritorihubot/node_modules
530 info lifecycle undefined~postuninstall: undefined
531 silly unbuild hubot-scripts
532 info lifecycle undefined~preuninstall: undefined
533 info lifecycle undefined~uninstall: undefined
534 verbose unbuild rmStuff undefined from /home/siritorihubot/node_modules
535 info lifecycle undefined~postuninstall: undefined
536 silly unbuild hubot-rules
537 info lifecycle undefined~preuninstall: undefined
538 info lifecycle undefined~uninstall: undefined
539 verbose unbuild rmStuff undefined from /home/siritorihubot/node_modules
540 info lifecycle undefined~postuninstall: undefined
541 silly unbuild hubot-redis-brain
542 info lifecycle undefined~preuninstall: undefined
543 info lifecycle undefined~uninstall: undefined
544 verbose unbuild rmStuff undefined from /home/siritorihubot/node_modules
545 info lifecycle undefined~postuninstall: undefined
546 silly unbuild hubot-pugme
547 info lifecycle undefined~preuninstall: undefined
548 info lifecycle undefined~uninstall: undefined
549 verbose unbuild rmStuff undefined from /home/siritorihubot/node_modules
550 info lifecycle undefined~postuninstall: undefined
551 silly unbuild hubot-maps
552 info lifecycle undefined~preuninstall: undefined
553 info lifecycle undefined~uninstall: undefined
554 verbose unbuild rmStuff undefined from /home/siritorihubot/node_modules
555 info lifecycle undefined~postuninstall: undefined
556 silly unbuild hubot-heroku-keepalive
557 info lifecycle undefined~preuninstall: undefined
558 info lifecycle undefined~uninstall: undefined
559 verbose unbuild rmStuff undefined from /home/siritorihubot/node_modules
560 info lifecycle undefined~postuninstall: undefined
561 silly unbuild hubot-help
562 info lifecycle undefined~preuninstall: undefined
563 info lifecycle undefined~uninstall: undefined
564 verbose unbuild rmStuff undefined from /home/siritorihubot/node_modules
565 info lifecycle undefined~postuninstall: undefined
566 silly unbuild hubot-google-translate
567 info lifecycle undefined~preuninstall: undefined
568 info lifecycle undefined~uninstall: undefined
569 verbose unbuild rmStuff undefined from /home/siritorihubot/node_modules
570 info lifecycle undefined~postuninstall: undefined
571 silly unbuild hubot-google-images
572 info lifecycle undefined~preuninstall: undefined
573 info lifecycle undefined~uninstall: undefined
574 verbose unbuild rmStuff undefined from /home/siritorihubot/node_modules
575 info lifecycle undefined~postuninstall: undefined
576 silly unbuild hubot-diagnostics
577 info lifecycle undefined~preuninstall: undefined
578 info lifecycle undefined~uninstall: undefined
579 verbose unbuild rmStuff undefined from /home/siritorihubot/node_modules
580 info lifecycle undefined~postuninstall: undefined
581 silly unbuild hubot
582 info lifecycle undefined~preuninstall: undefined
583 info lifecycle undefined~uninstall: undefined
584 verbose unbuild rmStuff undefined from /home/siritorihubot/node_modules
585 info lifecycle undefined~postuninstall: undefined
586 silly unbuild @slack/client
587 info lifecycle undefined~preuninstall: undefined
588 info lifecycle undefined~uninstall: undefined
589 verbose unbuild rmStuff undefined from /home/siritorihubot/node_modules
590 info lifecycle undefined~postuninstall: undefined
591 silly unbuild request
592 info lifecycle undefined~preuninstall: undefined
593 info lifecycle undefined~uninstall: undefined
594 verbose unbuild rmStuff undefined from /home/siritorihubot/node_modules
595 info lifecycle undefined~postuninstall: undefined
596 silly unbuild http-signature
597 info lifecycle undefined~preuninstall: undefined
598 info lifecycle undefined~uninstall: undefined
599 verbose unbuild rmStuff undefined from /home/siritorihubot/node_modules
600 info lifecycle undefined~postuninstall: undefined
601 silly unbuild express
602 info lifecycle undefined~preuninstall: undefined
603 info lifecycle undefined~uninstall: undefined
604 verbose unbuild rmStuff undefined from /home/siritorihubot/node_modules
605 info lifecycle undefined~postuninstall: undefined
606 timing action:unbuild Completed in 7ms
607 silly doSerial remove 336
608 silly remove /home/siritorihubot/node_modules/express
609 silly remove /home/siritorihubot/node_modules/http-signature
610 silly remove /home/siritorihubot/node_modules/request
611 silly remove /home/siritorihubot/node_modules/@slack/client
612 silly remove /home/siritorihubot/node_modules/hubot
613 silly remove /home/siritorihubot/node_modules/hubot-diagnostics
614 silly remove /home/siritorihubot/node_modules/hubot-google-images
615 silly remove /home/siritorihubot/node_modules/hubot-google-translate
616 silly remove /home/siritorihubot/node_modules/hubot-help
617 silly remove /home/siritorihubot/node_modules/hubot-heroku-keepalive
618 silly remove /home/siritorihubot/node_modules/hubot-maps
619 silly remove /home/siritorihubot/node_modules/hubot-pugme
620 silly remove /home/siritorihubot/node_modules/hubot-redis-brain
621 silly remove /home/siritorihubot/node_modules/hubot-rules
622 silly remove /home/siritorihubot/node_modules/hubot-scripts
623 silly remove /home/siritorihubot/node_modules/hubot-shipit
624 silly remove /home/siritorihubot/node_modules/hubot-slack
625 timing action:remove Completed in 339ms
626 silly doSerial move 336
627 silly doSerial finalize 336
628 silly finalize /home/siritorihubot/node_modules/body-parser/node_modules/inherits
629 silly finalize /home/siritorihubot/node_modules/body-parser/node_modules/http-errors
630 silly finalize /home/siritorihubot/node_modules/body-parser/node_modules/qs
631 silly finalize /home/siritorihubot/node_modules/iconv-lite
632 silly finalize /home/siritorihubot/node_modules/raw-body/node_modules/inherits
633 silly finalize /home/siritorihubot/node_modules/raw-body/node_modules/http-errors
634 silly finalize /home/siritorihubot/node_modules/raw-body
635 silly finalize /home/siritorihubot/node_modules/body-parser
636 silly finalize /home/siritorihubot/node_modules/uri-js
637 silly finalize /home/siritorihubot/node_modules/ajv
638 silly finalize /home/siritorihubot/node_modules/har-validator
639 silly finalize /home/siritorihubot/node_modules/url-join
640 silly finalize /home/siritorihubot/node_modules/utils-merge
641 silly finalize /home/siritorihubot/node_modules/uuid
642 silly finalize /home/siritorihubot/node_modules/vary
643 silly finalize /home/siritorihubot/node_modules/express
644 silly finalize /home/siritorihubot/node_modules/verror
645 silly finalize /home/siritorihubot/node_modules/jsprim
646 silly finalize /home/siritorihubot/node_modules/http-signature
647 silly finalize /home/siritorihubot/node_modules/request
648 silly finalize /home/siritorihubot/node_modules/winston/node_modules/async
649 silly finalize /home/siritorihubot/node_modules/winston
650 silly finalize /home/siritorihubot/node_modules/ws
651 silly finalize /home/siritorihubot/node_modules/@slack/client
652 silly finalize /home/siritorihubot/node_modules/hubot
653 silly finalize /home/siritorihubot/node_modules/hubot-diagnostics
654 silly finalize /home/siritorihubot/node_modules/hubot-google-images
655 silly finalize /home/siritorihubot/node_modules/hubot-google-translate
656 silly finalize /home/siritorihubot/node_modules/hubot-help
657 silly finalize /home/siritorihubot/node_modules/hubot-heroku-keepalive
658 silly finalize /home/siritorihubot/node_modules/hubot-maps
659 silly finalize /home/siritorihubot/node_modules/hubot-pugme
660 silly finalize /home/siritorihubot/node_modules/hubot-redis-brain
661 silly finalize /home/siritorihubot/node_modules/hubot-rules
662 silly finalize /home/siritorihubot/node_modules/hubot-scripts
663 timing action:finalize Completed in 642ms
664 verbose unlock done using /home/siritorihubot/.npm/_locks/staging-84e12cf60e694cfb.lock for /home/siritorihubot/node_modules/.staging
665 timing stage:rollbackFailedOptional Completed in 89ms
666 timing stage:runTopLevelLifecycles Completed in 4039ms
667 silly saveTree siritorihubot@0.0.0
667 silly saveTree ├── hubot-diagnostics@1.0.0
667 silly saveTree ├── hubot-google-images@0.2.7
667 silly saveTree ├── hubot-google-translate@0.2.1
667 silly saveTree ├── hubot-help@1.0.1
667 silly saveTree ├── hubot-heroku-keepalive@1.0.3
667 silly saveTree ├── hubot-maps@0.0.3
667 silly saveTree ├── hubot-pugme@0.1.1
667 silly saveTree ├─┬ hubot-redis-brain@1.0.0
667 silly saveTree │ └─┬ redis@2.8.0
667 silly saveTree │   ├── double-ended-queue@2.1.0-0
667 silly saveTree │   ├── redis-commands@1.7.0
667 silly saveTree │   └── redis-parser@2.6.0
667 silly saveTree ├── hubot-rules@1.0.0
667 silly saveTree ├─┬ hubot-scripts@2.17.2
667 silly saveTree │ └── redis@0.8.4
667 silly saveTree ├── hubot-shipit@0.2.1
667 silly saveTree ├─┬ hubot-slack@4.9.0
667 silly saveTree │ ├─┬ @slack/client@3.16.1-sec.2
667 silly saveTree │ │ ├── async@1.5.2
667 silly saveTree │ │ ├── bluebird@3.7.2
667 silly saveTree │ │ ├── eventemitter3@1.2.0
667 silly saveTree │ │ ├─┬ https-proxy-agent@2.2.4
667 silly saveTree │ │ │ ├─┬ agent-base@4.3.0
667 silly saveTree │ │ │ │ └─┬ es6-promisify@5.0.0
667 silly saveTree │ │ │ │   └── es6-promise@4.2.8
667 silly saveTree │ │ │ └─┬ debug@3.2.7
667 silly saveTree │ │ │   └── ms@2.1.3
667 silly saveTree │ │ ├── inherits@2.0.4
667 silly saveTree │ │ ├── lodash@4.17.21
667 silly saveTree │ │ ├── pkginfo@0.4.1
667 silly saveTree │ │ ├─┬ request@2.88.2
667 silly saveTree │ │ │ ├── aws-sign2@0.7.0
667 silly saveTree │ │ │ ├── aws4@1.11.0
667 silly saveTree │ │ │ ├── caseless@0.12.0
667 silly saveTree │ │ │ ├─┬ combined-stream@1.0.8
667 silly saveTree │ │ │ │ └── delayed-stream@1.0.0
667 silly saveTree │ │ │ ├── extend@3.0.2
667 silly saveTree │ │ │ ├── forever-agent@0.6.1
667 silly saveTree │ │ │ ├─┬ form-data@2.3.3
667 silly saveTree │ │ │ │ ├── asynckit@0.4.0
667 silly saveTree │ │ │ │ └─┬ mime-types@2.1.32
667 silly saveTree │ │ │ │   └── mime-db@1.49.0
667 silly saveTree │ │ │ ├─┬ har-validator@5.1.5
667 silly saveTree │ │ │ │ ├─┬ ajv@6.12.6
667 silly saveTree │ │ │ │ │ ├── fast-deep-equal@3.1.3
667 silly saveTree │ │ │ │ │ ├── fast-json-stable-stringify@2.1.0
667 silly saveTree │ │ │ │ │ ├── json-schema-traverse@0.4.1
667 silly saveTree │ │ │ │ │ └─┬ uri-js@4.4.1
667 silly saveTree │ │ │ │ │   └── punycode@2.1.1
667 silly saveTree │ │ │ │ └── har-schema@2.0.0
667 silly saveTree │ │ │ ├─┬ http-signature@1.2.0
667 silly saveTree │ │ │ │ ├── assert-plus@1.0.0
667 silly saveTree │ │ │ │ ├─┬ jsprim@1.4.1
667 silly saveTree │ │ │ │ │ ├── extsprintf@1.3.0
667 silly saveTree │ │ │ │ │ ├── json-schema@0.2.3
667 silly saveTree │ │ │ │ │ └─┬ verror@1.10.0
667 silly saveTree │ │ │ │ │   └── core-util-is@1.0.2
667 silly saveTree │ │ │ │ └─┬ sshpk@1.16.1
667 silly saveTree │ │ │ │   ├─┬ asn1@0.2.4
667 silly saveTree │ │ │ │   │ └── safer-buffer@2.1.2
667 silly saveTree │ │ │ │   ├─┬ bcrypt-pbkdf@1.0.2
667 silly saveTree │ │ │ │   │ └── tweetnacl@0.14.5
667 silly saveTree │ │ │ │   ├── dashdash@1.14.1
667 silly saveTree │ │ │ │   ├─┬ ecc-jsbn@0.1.2
667 silly saveTree │ │ │ │   │ └── jsbn@0.1.1
667 silly saveTree │ │ │ │   ├── getpass@0.1.7
667 silly saveTree │ │ │ │   ├── jsbn@0.1.1
667 silly saveTree │ │ │ │   ├── safer-buffer@2.1.2
667 silly saveTree │ │ │ │   └── tweetnacl@0.14.5
667 silly saveTree │ │ │ ├── is-typedarray@1.0.0
667 silly saveTree │ │ │ ├── isstream@0.1.2
667 silly saveTree │ │ │ ├── json-stringify-safe@5.0.1
667 silly saveTree │ │ │ ├── mime-types@2.1.32
667 silly saveTree │ │ │ ├── oauth-sign@0.9.0
667 silly saveTree │ │ │ ├── performance-now@2.1.0
667 silly saveTree │ │ │ ├── qs@6.5.2
667 silly saveTree │ │ │ ├── safe-buffer@5.2.1
667 silly saveTree │ │ │ ├─┬ tough-cookie@2.5.0
667 silly saveTree │ │ │ │ └── psl@1.8.0
667 silly saveTree │ │ │ ├── tunnel-agent@0.6.0
667 silly saveTree │ │ │ └── uuid@3.4.0
667 silly saveTree │ │ ├── retry@0.9.0
667 silly saveTree │ │ ├── url-join@0.0.1
667 silly saveTree │ │ ├─┬ winston@2.4.5
667 silly saveTree │ │ │ ├── async@1.0.0
667 silly saveTree │ │ │ ├── colors@1.0.3
667 silly saveTree │ │ │ ├── cycle@1.0.3
667 silly saveTree │ │ │ ├── eyes@0.1.8
667 silly saveTree │ │ │ └── stack-trace@0.0.10
667 silly saveTree │ │ └─┬ ws@1.1.5
667 silly saveTree │ │   ├── options@0.0.6
667 silly saveTree │ │   └── ultron@1.0.2
667 silly saveTree │ ├── bluebird@3.7.2
667 silly saveTree │ └── lodash@4.17.21
667 silly saveTree ├─┬ hubot@3.3.2
667 silly saveTree │ ├── async@0.9.2
667 silly saveTree │ ├─┬ chalk@1.1.3
667 silly saveTree │ │ ├── ansi-styles@2.2.1
667 silly saveTree │ │ ├── escape-string-regexp@1.0.5
667 silly saveTree │ │ ├─┬ has-ansi@2.0.0
667 silly saveTree │ │ │ └── ansi-regex@2.1.1
667 silly saveTree │ │ ├── strip-ansi@3.0.1
667 silly saveTree │ │ └── supports-color@2.0.0
667 silly saveTree │ ├── cline@0.8.2
667 silly saveTree │ ├── coffeescript@1.6.3
667 silly saveTree │ ├─┬ connect-multiparty@2.2.0
667 silly saveTree │ │ ├─┬ http-errors@1.7.3
667 silly saveTree │ │ │ ├── depd@1.1.2
667 silly saveTree │ │ │ ├── setprototypeof@1.1.1
667 silly saveTree │ │ │ ├── statuses@1.5.0
667 silly saveTree │ │ │ └── toidentifier@1.0.0
667 silly saveTree │ │ ├─┬ multiparty@4.2.2
667 silly saveTree │ │ │ ├─┬ http-errors@1.8.0
667 silly saveTree │ │ │ │ └── setprototypeof@1.2.0
667 silly saveTree │ │ │ └─┬ uid-safe@2.1.5
667 silly saveTree │ │ │   └── random-bytes@1.0.0
667 silly saveTree │ │ ├─┬ on-finished@2.3.0
667 silly saveTree │ │ │ └── ee-first@1.1.1
667 silly saveTree │ │ └─┬ type-is@1.6.18
667 silly saveTree │ │   └── media-typer@0.3.0
667 silly saveTree │ ├─┬ express@4.17.1
667 silly saveTree │ │ ├─┬ accepts@1.3.7
667 silly saveTree │ │ │ └── negotiator@0.6.2
667 silly saveTree │ │ ├── array-flatten@1.1.1
667 silly saveTree │ │ ├─┬ body-parser@1.19.0
667 silly saveTree │ │ │ ├── bytes@3.1.0
667 silly saveTree │ │ │ ├── content-type@1.0.4
667 silly saveTree │ │ │ ├─┬ debug@2.6.9
667 silly saveTree │ │ │ │ └── ms@2.0.0
667 silly saveTree │ │ │ ├─┬ http-errors@1.7.2
667 silly saveTree │ │ │ │ └── inherits@2.0.3
667 silly saveTree │ │ │ ├── iconv-lite@0.4.24
667 silly saveTree │ │ │ ├── qs@6.7.0
667 silly saveTree │ │ │ └─┬ raw-body@2.4.0
667 silly saveTree │ │ │   ├─┬ http-errors@1.7.2
667 silly saveTree │ │ │   │ └── inherits@2.0.3
667 silly saveTree │ │ │   └── unpipe@1.0.0
667 silly saveTree │ │ ├─┬ content-disposition@0.5.3
667 silly saveTree │ │ │ └── safe-buffer@5.1.2
667 silly saveTree │ │ ├── content-type@1.0.4
667 silly saveTree │ │ ├── cookie-signature@1.0.6
667 silly saveTree │ │ ├── cookie@0.4.0
667 silly saveTree │ │ ├── debug@2.6.9
667 silly saveTree │ │ ├── encodeurl@1.0.2
667 silly saveTree │ │ ├── escape-html@1.0.3
667 silly saveTree │ │ ├── etag@1.8.1
667 silly saveTree │ │ ├─┬ finalhandler@1.1.2
667 silly saveTree │ │ │ └── parseurl@1.3.3
667 silly saveTree │ │ ├── fresh@0.5.2
667 silly saveTree │ │ ├── merge-descriptors@1.0.1
667 silly saveTree │ │ ├── methods@1.1.2
667 silly saveTree │ │ ├── parseurl@1.3.3
667 silly saveTree │ │ ├── path-to-regexp@0.1.7
667 silly saveTree │ │ ├─┬ proxy-addr@2.0.7
667 silly saveTree │ │ │ ├── forwarded@0.2.0
667 silly saveTree │ │ │ └── ipaddr.js@1.9.1
667 silly saveTree │ │ ├── qs@6.7.0
667 silly saveTree │ │ ├── range-parser@1.2.1
667 silly saveTree │ │ ├── safe-buffer@5.1.2
667 silly saveTree │ │ ├─┬ send@0.17.1
667 silly saveTree │ │ │ ├── destroy@1.0.4
667 silly saveTree │ │ │ ├── mime@1.6.0
667 silly saveTree │ │ │ └── ms@2.1.1
667 silly saveTree │ │ ├── serve-static@1.14.1
667 silly saveTree │ │ ├── utils-merge@1.0.1
667 silly saveTree │ │ └── vary@1.1.2
667 silly saveTree │ ├── log@1.4.0
667 silly saveTree │ ├── optparse@1.0.4
667 silly saveTree │ └── scoped-http-client@0.11.0
667 silly saveTree └── siritoriApp@file:siritoriApp
668 verbose stack Error: EACCES: permission denied, rename '/home/siritorihubot/node_modules/.staging/hubot-scripts-5da6be86' -> '/home/siritorihubot/node_modules/hubot-scripts'
669 verbose cwd /home/siritorihubot
670 verbose Linux 5.4.72-microsoft-standard-WSL2
671 verbose argv "/usr/local/bin/node" "/usr/local/bin/npm" "install"
672 verbose node v14.15.4
673 verbose npm  v6.14.10
674 error code EACCES
675 error syscall rename
676 error path /home/siritorihubot/node_modules/.staging/hubot-scripts-5da6be86
677 error dest /home/siritorihubot/node_modules/hubot-scripts
678 error errno -13
679 error Error: EACCES: permission denied, rename '/home/siritorihubot/node_modules/.staging/hubot-scripts-5da6be86' -> '/home/siritorihubot/node_modules/hubot-scripts'
679 error  [OperationalError: EACCES: permission denied, rename '/home/siritorihubot/node_modules/.staging/hubot-scripts-5da6be86' -> '/home/siritorihubot/node_modules/hubot-scripts'] {
679 error   cause: [Error: EACCES: permission denied, rename '/home/siritorihubot/node_modules/.staging/hubot-scripts-5da6be86' -> '/home/siritorihubot/node_modules/hubot-scripts'] {
679 error     errno: -13,
679 error     code: 'EACCES',
679 error     syscall: 'rename',
679 error     path: '/home/siritorihubot/node_modules/.staging/hubot-scripts-5da6be86',
679 error     dest: '/home/siritorihubot/node_modules/hubot-scripts'
679 error   },
679 error   errno: -13,
679 error   code: 'EACCES',
679 error   syscall: 'rename',
679 error   path: '/home/siritorihubot/node_modules/.staging/hubot-scripts-5da6be86',
679 error   dest: '/home/siritorihubot/node_modules/hubot-scripts',
679 error   parent: 'siritorihubot'
679 error }
680 error The operation was rejected by your operating system.
680 error It is likely you do not have the permissions to access this file as the current user
680 error
680 error If you believe this might be a permissions issue, please double-check the
680 error permissions of the file and its containing directories, or try running
680 error the command again as root/Administrator.
681 verbose exit [ -13, true ]
