0 info it worked if it ends with ok
1 verbose cli [ '/usr/local/bin/node', '/usr/local/bin/npm', 'install' ]
2 info using npm@6.14.10
3 info using node@v14.15.4
4 verbose config Skipping project config: /home/siritorihubot/.npmrc. (matches userconfig)
5 verbose npm-session 68071150174d270a
6 silly install runPreinstallTopLevelLifecycles
7 silly preinstall siritorihubot@0.0.0
8 info lifecycle siritorihubot@0.0.0~preinstall: siritorihubot@0.0.0
9 silly install loadCurrentTree
10 silly install readLocalPackageData
11 timing stage:loadCurrentTree Completed in 506ms
12 silly install loadIdealTree
13 silly install cloneCurrentTreeToIdealTree
14 timing stage:loadIdealTree:cloneCurrentTree Completed in 2ms
15 silly install loadShrinkwrap
16 timing stage:loadIdealTree:loadShrinkwrap Completed in 115ms
17 silly install loadAllDepsIntoIdealTree
18 timing stage:loadIdealTree:loadAllDepsIntoIdealTree Completed in 144ms
19 timing stage:loadIdealTree Completed in 291ms
20 silly currentTree siritorihubot@0.0.0
20 silly currentTree ├─┬ @slack/client
20 silly currentTree │ └── async@1.5.2
20 silly currentTree ├── accepts@1.3.7
20 silly currentTree ├── agent-base@4.3.0
20 silly currentTree ├── ansi-regex@2.1.1
20 silly currentTree ├── ansi-styles@2.2.1
20 silly currentTree ├── array-flatten@1.1.1
20 silly currentTree ├── assert-plus@1.0.0
20 silly currentTree ├── async@0.9.2
20 silly currentTree ├── asynckit@0.4.0
20 silly currentTree ├── aws-sign2@0.7.0
20 silly currentTree ├── aws4@1.11.0
20 silly currentTree ├── bluebird@3.7.2
20 silly currentTree ├─┬ body-parser@1.19.0
20 silly currentTree │ ├── http-errors@1.7.2
20 silly currentTree │ ├── inherits@2.0.3
20 silly currentTree │ └── qs@6.7.0
20 silly currentTree ├── bytes@3.1.0
20 silly currentTree ├── caseless@0.12.0
20 silly currentTree ├── chalk@1.1.3
20 silly currentTree ├── cline@0.8.2
20 silly currentTree ├── coffeescript@1.6.3
20 silly currentTree ├── colors@1.0.3
20 silly currentTree ├── combined-stream@1.0.8
20 silly currentTree ├─┬ connect-multiparty@2.2.0
20 silly currentTree │ ├─┬ multiparty@4.2.2
20 silly currentTree │ │ └── http-errors@1.8.0
20 silly currentTree │ └── setprototypeof@1.2.0
20 silly currentTree ├─┬ content-disposition@0.5.3
20 silly currentTree │ └── safe-buffer@5.1.2
20 silly currentTree ├── content-type@1.0.4
20 silly currentTree ├── cookie-signature@1.0.6
20 silly currentTree ├── cookie@0.4.0
20 silly currentTree ├── core-util-is@1.0.2
20 silly currentTree ├── cycle@1.0.3
20 silly currentTree ├── dashdash@1.14.1
20 silly currentTree ├── debug@2.6.9
20 silly currentTree ├── delayed-stream@1.0.0
20 silly currentTree ├── depd@1.1.2
20 silly currentTree ├── destroy@1.0.4
20 silly currentTree ├── double-ended-queue@2.1.0-0
20 silly currentTree ├── ee-first@1.1.1
20 silly currentTree ├── encodeurl@1.0.2
20 silly currentTree ├── es6-promise@4.2.8
20 silly currentTree ├── es6-promisify@5.0.0
20 silly currentTree ├── escape-html@1.0.3
20 silly currentTree ├── escape-string-regexp@1.0.5
20 silly currentTree ├── etag@1.8.1
20 silly currentTree ├── eventemitter3@1.2.0
20 silly currentTree ├─┬ express@4.17.1
20 silly currentTree │ ├── qs@6.7.0
20 silly currentTree │ └── safe-buffer@5.1.2
20 silly currentTree ├── extend@3.0.2
20 silly currentTree ├── extsprintf@1.3.0
20 silly currentTree ├── eyes@0.1.8
20 silly currentTree ├── fast-deep-equal@3.1.3
20 silly currentTree ├── fast-json-stable-stringify@2.1.0
20 silly currentTree ├── finalhandler@1.1.2
20 silly currentTree ├── forever-agent@0.6.1
20 silly currentTree ├── forwarded@0.2.0
20 silly currentTree ├── fresh@0.5.2
20 silly currentTree ├── getpass@0.1.7
20 silly currentTree ├── har-schema@2.0.0
20 silly currentTree ├── has-ansi@2.0.0
20 silly currentTree ├── http-errors@1.7.3
20 silly currentTree ├─┬ https-proxy-agent@2.2.4
20 silly currentTree │ ├── debug@3.2.7
20 silly currentTree │ └── ms@2.1.3
20 silly currentTree ├── hubot
20 silly currentTree ├── hubot-diagnostics
20 silly currentTree ├── hubot-google-images
20 silly currentTree ├── hubot-google-translate
20 silly currentTree ├── hubot-help
20 silly currentTree ├── hubot-heroku-keepalive
20 silly currentTree ├── hubot-maps
20 silly currentTree ├── hubot-pugme
20 silly currentTree ├── hubot-redis-brain
20 silly currentTree ├── hubot-rules
20 silly currentTree ├─┬ hubot-scripts
20 silly currentTree │ └── redis@0.8.4
20 silly currentTree ├── hubot-shipit
20 silly currentTree ├── hubot-slack
20 silly currentTree ├── iconv-lite@0.4.24
20 silly currentTree ├── inherits@2.0.4
20 silly currentTree ├── ipaddr.js@1.9.1
20 silly currentTree ├── is-typedarray@1.0.0
20 silly currentTree ├── isstream@0.1.2
20 silly currentTree ├── jsbn@0.1.1
20 silly currentTree ├── json-schema-traverse@0.4.1
20 silly currentTree ├── json-schema@0.2.3
20 silly currentTree ├── json-stringify-safe@5.0.1
20 silly currentTree ├── lodash@4.17.21
20 silly currentTree ├── log@1.4.0
20 silly currentTree ├── media-typer@0.3.0
20 silly currentTree ├── merge-descriptors@1.0.1
20 silly currentTree ├── methods@1.1.2
20 silly currentTree ├── mime-db@1.49.0
20 silly currentTree ├── mime-types@2.1.32
20 silly currentTree ├── mime@1.6.0
20 silly currentTree ├── ms@2.0.0
20 silly currentTree ├── negotiator@0.6.2
20 silly currentTree ├── on-finished@2.3.0
20 silly currentTree ├── options@0.0.6
20 silly currentTree ├── optparse@1.0.4
20 silly currentTree ├── parseurl@1.3.3
20 silly currentTree ├── path-to-regexp@0.1.7
20 silly currentTree ├── pkginfo@0.4.1
20 silly currentTree ├── proxy-addr@2.0.7
20 silly currentTree ├── qs@6.5.2
20 silly currentTree ├── random-bytes@1.0.0
20 silly currentTree ├── range-parser@1.2.1
20 silly currentTree ├─┬ raw-body@2.4.0
20 silly currentTree │ ├── http-errors@1.7.2
20 silly currentTree │ └── inherits@2.0.3
20 silly currentTree ├── redis-commands@1.7.0
20 silly currentTree ├── redis-parser@2.6.0
20 silly currentTree ├── redis@2.8.0
20 silly currentTree ├── retry@0.9.0
20 silly currentTree ├── safe-buffer@5.2.1
20 silly currentTree ├── safer-buffer@2.1.2
20 silly currentTree ├── scoped-http-client@0.11.0
20 silly currentTree ├─┬ send@0.17.1
20 silly currentTree │ └── ms@2.1.1
20 silly currentTree ├── serve-static@1.14.1
20 silly currentTree ├── setprototypeof@1.1.1
20 silly currentTree ├── stack-trace@0.0.10
20 silly currentTree ├── statuses@1.5.0
20 silly currentTree ├── strip-ansi@3.0.1
20 silly currentTree ├── supports-color@2.0.0
20 silly currentTree ├── toidentifier@1.0.0
20 silly currentTree ├── type-is@1.6.18
20 silly currentTree ├── uid-safe@2.1.5
20 silly currentTree ├── ultron@1.0.2
20 silly currentTree ├── unpipe@1.0.0
20 silly currentTree ├── url-join@0.0.1
20 silly currentTree ├── utils-merge@1.0.1
20 silly currentTree └── vary@1.1.2
21 silly idealTree siritorihubot@0.0.0
21 silly idealTree ├─┬ @slack/client@3.16.1-sec.2
21 silly idealTree │ └── async@1.5.2
21 silly idealTree ├── accepts@1.3.7
21 silly idealTree ├── agent-base@4.3.0
21 silly idealTree ├── ajv@6.12.6
21 silly idealTree ├── ansi-regex@2.1.1
21 silly idealTree ├── ansi-styles@2.2.1
21 silly idealTree ├── array-flatten@1.1.1
21 silly idealTree ├── asn1@0.2.4
21 silly idealTree ├── assert-plus@1.0.0
21 silly idealTree ├── async@0.9.2
21 silly idealTree ├── asynckit@0.4.0
21 silly idealTree ├── aws-sign2@0.7.0
21 silly idealTree ├── aws4@1.11.0
21 silly idealTree ├── bcrypt-pbkdf@1.0.2
21 silly idealTree ├── bluebird@3.7.2
21 silly idealTree ├─┬ body-parser@1.19.0
21 silly idealTree │ ├── http-errors@1.7.2
21 silly idealTree │ ├── inherits@2.0.3
21 silly idealTree │ └── qs@6.7.0
21 silly idealTree ├── bytes@3.1.0
21 silly idealTree ├── caseless@0.12.0
21 silly idealTree ├── chalk@1.1.3
21 silly idealTree ├── cline@0.8.2
21 silly idealTree ├── coffeescript@1.6.3
21 silly idealTree ├── colors@1.0.3
21 silly idealTree ├── combined-stream@1.0.8
21 silly idealTree ├─┬ connect-multiparty@2.2.0
21 silly idealTree │ ├─┬ multiparty@4.2.2
21 silly idealTree │ │ └── http-errors@1.8.0
21 silly idealTree │ └── setprototypeof@1.2.0
21 silly idealTree ├─┬ content-disposition@0.5.3
21 silly idealTree │ └── safe-buffer@5.1.2
21 silly idealTree ├── content-type@1.0.4
21 silly idealTree ├── cookie-signature@1.0.6
21 silly idealTree ├── cookie@0.4.0
21 silly idealTree ├── core-util-is@1.0.2
21 silly idealTree ├── cycle@1.0.3
21 silly idealTree ├── dashdash@1.14.1
21 silly idealTree ├── debug@2.6.9
21 silly idealTree ├── delayed-stream@1.0.0
21 silly idealTree ├── depd@1.1.2
21 silly idealTree ├── destroy@1.0.4
21 silly idealTree ├── double-ended-queue@2.1.0-0
21 silly idealTree ├── ecc-jsbn@0.1.2
21 silly idealTree ├── ee-first@1.1.1
21 silly idealTree ├── encodeurl@1.0.2
21 silly idealTree ├── es6-promise@4.2.8
21 silly idealTree ├── es6-promisify@5.0.0
21 silly idealTree ├── escape-html@1.0.3
21 silly idealTree ├── escape-string-regexp@1.0.5
21 silly idealTree ├── etag@1.8.1
21 silly idealTree ├── eventemitter3@1.2.0
21 silly idealTree ├─┬ express@4.17.1
21 silly idealTree │ ├── qs@6.7.0
21 silly idealTree │ └── safe-buffer@5.1.2
21 silly idealTree ├── extend@3.0.2
21 silly idealTree ├── extsprintf@1.3.0
21 silly idealTree ├── eyes@0.1.8
21 silly idealTree ├── fast-deep-equal@3.1.3
21 silly idealTree ├── fast-json-stable-stringify@2.1.0
21 silly idealTree ├── finalhandler@1.1.2
21 silly idealTree ├── forever-agent@0.6.1
21 silly idealTree ├── form-data@2.3.3
21 silly idealTree ├── forwarded@0.2.0
21 silly idealTree ├── fresh@0.5.2
21 silly idealTree ├── getpass@0.1.7
21 silly idealTree ├── har-schema@2.0.0
21 silly idealTree ├── har-validator@5.1.5
21 silly idealTree ├── has-ansi@2.0.0
21 silly idealTree ├── http-errors@1.7.3
21 silly idealTree ├── http-signature@1.2.0
21 silly idealTree ├─┬ https-proxy-agent@2.2.4
21 silly idealTree │ ├── debug@3.2.7
21 silly idealTree │ └── ms@2.1.3
21 silly idealTree ├── hubot-diagnostics@1.0.0
21 silly idealTree ├── hubot-google-images@0.2.7
21 silly idealTree ├── hubot-google-translate@0.2.1
21 silly idealTree ├── hubot-help@1.0.1
21 silly idealTree ├── hubot-heroku-keepalive@1.0.3
21 silly idealTree ├── hubot-maps@0.0.3
21 silly idealTree ├── hubot-pugme@0.1.1
21 silly idealTree ├── hubot-redis-brain@1.0.0
21 silly idealTree ├── hubot-rules@1.0.0
21 silly idealTree ├─┬ hubot-scripts@2.17.2
21 silly idealTree │ └── redis@0.8.4
21 silly idealTree ├── hubot-shipit@0.2.1
21 silly idealTree ├── hubot-slack@4.9.0
21 silly idealTree ├── hubot@3.3.2
21 silly idealTree ├── iconv-lite@0.4.24
21 silly idealTree ├── inherits@2.0.4
21 silly idealTree ├── ipaddr.js@1.9.1
21 silly idealTree ├── is-typedarray@1.0.0
21 silly idealTree ├── isstream@0.1.2
21 silly idealTree ├── jsbn@0.1.1
21 silly idealTree ├── json-schema-traverse@0.4.1
21 silly idealTree ├── json-schema@0.2.3
21 silly idealTree ├── json-stringify-safe@5.0.1
21 silly idealTree ├── jsprim@1.4.1
21 silly idealTree ├── lodash@4.17.21
21 silly idealTree ├── log@1.4.0
21 silly idealTree ├── media-typer@0.3.0
21 silly idealTree ├── merge-descriptors@1.0.1
21 silly idealTree ├── methods@1.1.2
21 silly idealTree ├── mime-db@1.49.0
21 silly idealTree ├── mime-types@2.1.32
21 silly idealTree ├── mime@1.6.0
21 silly idealTree ├── ms@2.0.0
21 silly idealTree ├── negotiator@0.6.2
21 silly idealTree ├── oauth-sign@0.9.0
21 silly idealTree ├── on-finished@2.3.0
21 silly idealTree ├── options@0.0.6
21 silly idealTree ├── optparse@1.0.4
21 silly idealTree ├── parseurl@1.3.3
21 silly idealTree ├── path-to-regexp@0.1.7
21 silly idealTree ├── performance-now@2.1.0
21 silly idealTree ├── pkginfo@0.4.1
21 silly idealTree ├── proxy-addr@2.0.7
21 silly idealTree ├── psl@1.8.0
21 silly idealTree ├── punycode@2.1.1
21 silly idealTree ├── qs@6.5.2
21 silly idealTree ├── random-bytes@1.0.0
21 silly idealTree ├── range-parser@1.2.1
21 silly idealTree ├─┬ raw-body@2.4.0
21 silly idealTree │ ├── http-errors@1.7.2
21 silly idealTree │ └── inherits@2.0.3
21 silly idealTree ├── redis-commands@1.7.0
21 silly idealTree ├── redis-parser@2.6.0
21 silly idealTree ├── redis@2.8.0
21 silly idealTree ├── request@2.88.2
21 silly idealTree ├── retry@0.9.0
21 silly idealTree ├── safe-buffer@5.2.1
21 silly idealTree ├── safer-buffer@2.1.2
21 silly idealTree ├── scoped-http-client@0.11.0
21 silly idealTree ├─┬ send@0.17.1
21 silly idealTree │ └── ms@2.1.1
21 silly idealTree ├── serve-static@1.14.1
21 silly idealTree ├── setprototypeof@1.1.1
21 silly idealTree ├── siritoriApp@file:siritoriApp
21 silly idealTree ├── sshpk@1.16.1
21 silly idealTree ├── stack-trace@0.0.10
21 silly idealTree ├── statuses@1.5.0
21 silly idealTree ├── strip-ansi@3.0.1
21 silly idealTree ├── supports-color@2.0.0
21 silly idealTree ├── toidentifier@1.0.0
21 silly idealTree ├── tough-cookie@2.5.0
21 silly idealTree ├── tunnel-agent@0.6.0
21 silly idealTree ├── tweetnacl@0.14.5
21 silly idealTree ├── type-is@1.6.18
21 silly idealTree ├── uid-safe@2.1.5
21 silly idealTree ├── ultron@1.0.2
21 silly idealTree ├── unpipe@1.0.0
21 silly idealTree ├── uri-js@4.4.1
21 silly idealTree ├── url-join@0.0.1
21 silly idealTree ├── utils-merge@1.0.1
21 silly idealTree ├── uuid@3.4.0
21 silly idealTree ├── vary@1.1.2
21 silly idealTree ├── verror@1.10.0
21 silly idealTree ├─┬ winston@2.4.5
21 silly idealTree │ └── async@1.0.0
21 silly idealTree └── ws@1.1.5
22 silly install generateActionsToTake
23 timing stage:generateActionsToTake Completed in 80ms
24 silly diffTrees action count 38
25 silly diffTrees add asn1@0.2.4
26 silly diffTrees add ecc-jsbn@0.1.2
27 silly diffTrees add form-data@2.3.3
28 silly diffTrees add oauth-sign@0.9.0
29 silly diffTrees add performance-now@2.1.0
30 silly diffTrees add psl@1.8.0
31 silly diffTrees add punycode@2.1.1
32 silly diffTrees add tough-cookie@2.5.0
33 silly diffTrees add tunnel-agent@0.6.0
34 silly diffTrees add tweetnacl@0.14.5
35 silly diffTrees add bcrypt-pbkdf@1.0.2
36 silly diffTrees add sshpk@1.16.1
37 silly diffTrees add uri-js@4.4.1
38 silly diffTrees add ajv@6.12.6
39 silly diffTrees add har-validator@5.1.5
40 silly diffTrees add uuid@3.4.0
41 silly diffTrees add verror@1.10.0
42 silly diffTrees add jsprim@1.4.1
43 silly diffTrees add http-signature@1.2.0
44 silly diffTrees add request@2.88.2
45 silly diffTrees add async@1.0.0
46 silly diffTrees add winston@2.4.5
47 silly diffTrees add ws@1.1.5
48 silly diffTrees update @slack/client@3.16.1-sec.2
49 silly diffTrees update hubot@3.3.2
50 silly diffTrees update hubot-diagnostics@1.0.0
51 silly diffTrees update hubot-google-images@0.2.7
52 silly diffTrees update hubot-google-translate@0.2.1
53 silly diffTrees update hubot-help@1.0.1
54 silly diffTrees update hubot-heroku-keepalive@1.0.3
55 silly diffTrees update hubot-maps@0.0.3
56 silly diffTrees update hubot-pugme@0.1.1
57 silly diffTrees update hubot-redis-brain@1.0.0
58 silly diffTrees update hubot-rules@1.0.0
59 silly diffTrees update hubot-scripts@2.17.2
60 silly diffTrees update hubot-shipit@0.2.1
61 silly diffTrees update hubot-slack@4.9.0
62 silly diffTrees add siritoriApp@file:siritoriApp
63 silly decomposeActions action count 330
64 silly decomposeActions fetch asn1@0.2.4
65 silly decomposeActions extract asn1@0.2.4
66 silly decomposeActions preinstall asn1@0.2.4
67 silly decomposeActions build asn1@0.2.4
68 silly decomposeActions install asn1@0.2.4
69 silly decomposeActions postinstall asn1@0.2.4
70 silly decomposeActions finalize asn1@0.2.4
71 silly decomposeActions refresh-package-json asn1@0.2.4
72 silly decomposeActions fetch ecc-jsbn@0.1.2
73 silly decomposeActions extract ecc-jsbn@0.1.2
74 silly decomposeActions preinstall ecc-jsbn@0.1.2
75 silly decomposeActions build ecc-jsbn@0.1.2
76 silly decomposeActions install ecc-jsbn@0.1.2
77 silly decomposeActions postinstall ecc-jsbn@0.1.2
78 silly decomposeActions finalize ecc-jsbn@0.1.2
79 silly decomposeActions refresh-package-json ecc-jsbn@0.1.2
80 silly decomposeActions fetch form-data@2.3.3
81 silly decomposeActions extract form-data@2.3.3
82 silly decomposeActions preinstall form-data@2.3.3
83 silly decomposeActions build form-data@2.3.3
84 silly decomposeActions install form-data@2.3.3
85 silly decomposeActions postinstall form-data@2.3.3
86 silly decomposeActions finalize form-data@2.3.3
87 silly decomposeActions refresh-package-json form-data@2.3.3
88 silly decomposeActions fetch oauth-sign@0.9.0
89 silly decomposeActions extract oauth-sign@0.9.0
90 silly decomposeActions preinstall oauth-sign@0.9.0
91 silly decomposeActions build oauth-sign@0.9.0
92 silly decomposeActions install oauth-sign@0.9.0
93 silly decomposeActions postinstall oauth-sign@0.9.0
94 silly decomposeActions finalize oauth-sign@0.9.0
95 silly decomposeActions refresh-package-json oauth-sign@0.9.0
96 silly decomposeActions fetch performance-now@2.1.0
97 silly decomposeActions extract performance-now@2.1.0
98 silly decomposeActions preinstall performance-now@2.1.0
99 silly decomposeActions build performance-now@2.1.0
100 silly decomposeActions install performance-now@2.1.0
101 silly decomposeActions postinstall performance-now@2.1.0
102 silly decomposeActions finalize performance-now@2.1.0
103 silly decomposeActions refresh-package-json performance-now@2.1.0
104 silly decomposeActions fetch psl@1.8.0
105 silly decomposeActions extract psl@1.8.0
106 silly decomposeActions preinstall psl@1.8.0
107 silly decomposeActions build psl@1.8.0
108 silly decomposeActions install psl@1.8.0
109 silly decomposeActions postinstall psl@1.8.0
110 silly decomposeActions finalize psl@1.8.0
111 silly decomposeActions refresh-package-json psl@1.8.0
112 silly decomposeActions fetch punycode@2.1.1
113 silly decomposeActions extract punycode@2.1.1
114 silly decomposeActions preinstall punycode@2.1.1
115 silly decomposeActions build punycode@2.1.1
116 silly decomposeActions install punycode@2.1.1
117 silly decomposeActions postinstall punycode@2.1.1
118 silly decomposeActions finalize punycode@2.1.1
119 silly decomposeActions refresh-package-json punycode@2.1.1
120 silly decomposeActions fetch tough-cookie@2.5.0
121 silly decomposeActions extract tough-cookie@2.5.0
122 silly decomposeActions preinstall tough-cookie@2.5.0
123 silly decomposeActions build tough-cookie@2.5.0
124 silly decomposeActions install tough-cookie@2.5.0
125 silly decomposeActions postinstall tough-cookie@2.5.0
126 silly decomposeActions finalize tough-cookie@2.5.0
127 silly decomposeActions refresh-package-json tough-cookie@2.5.0
128 silly decomposeActions fetch tunnel-agent@0.6.0
129 silly decomposeActions extract tunnel-agent@0.6.0
130 silly decomposeActions preinstall tunnel-agent@0.6.0
131 silly decomposeActions build tunnel-agent@0.6.0
132 silly decomposeActions install tunnel-agent@0.6.0
133 silly decomposeActions postinstall tunnel-agent@0.6.0
134 silly decomposeActions finalize tunnel-agent@0.6.0
135 silly decomposeActions refresh-package-json tunnel-agent@0.6.0
136 silly decomposeActions fetch tweetnacl@0.14.5
137 silly decomposeActions extract tweetnacl@0.14.5
138 silly decomposeActions preinstall tweetnacl@0.14.5
139 silly decomposeActions build tweetnacl@0.14.5
140 silly decomposeActions install tweetnacl@0.14.5
141 silly decomposeActions postinstall tweetnacl@0.14.5
142 silly decomposeActions finalize tweetnacl@0.14.5
143 silly decomposeActions refresh-package-json tweetnacl@0.14.5
144 silly decomposeActions fetch bcrypt-pbkdf@1.0.2
145 silly decomposeActions extract bcrypt-pbkdf@1.0.2
146 silly decomposeActions preinstall bcrypt-pbkdf@1.0.2
147 silly decomposeActions build bcrypt-pbkdf@1.0.2
148 silly decomposeActions install bcrypt-pbkdf@1.0.2
149 silly decomposeActions postinstall bcrypt-pbkdf@1.0.2
150 silly decomposeActions finalize bcrypt-pbkdf@1.0.2
151 silly decomposeActions refresh-package-json bcrypt-pbkdf@1.0.2
152 silly decomposeActions fetch sshpk@1.16.1
153 silly decomposeActions extract sshpk@1.16.1
154 silly decomposeActions preinstall sshpk@1.16.1
155 silly decomposeActions build sshpk@1.16.1
156 silly decomposeActions install sshpk@1.16.1
157 silly decomposeActions postinstall sshpk@1.16.1
158 silly decomposeActions finalize sshpk@1.16.1
159 silly decomposeActions refresh-package-json sshpk@1.16.1
160 silly decomposeActions fetch uri-js@4.4.1
161 silly decomposeActions extract uri-js@4.4.1
162 silly decomposeActions preinstall uri-js@4.4.1
163 silly decomposeActions build uri-js@4.4.1
164 silly decomposeActions install uri-js@4.4.1
165 silly decomposeActions postinstall uri-js@4.4.1
166 silly decomposeActions finalize uri-js@4.4.1
167 silly decomposeActions refresh-package-json uri-js@4.4.1
168 silly decomposeActions fetch ajv@6.12.6
169 silly decomposeActions extract ajv@6.12.6
170 silly decomposeActions preinstall ajv@6.12.6
171 silly decomposeActions build ajv@6.12.6
172 silly decomposeActions install ajv@6.12.6
173 silly decomposeActions postinstall ajv@6.12.6
174 silly decomposeActions finalize ajv@6.12.6
175 silly decomposeActions refresh-package-json ajv@6.12.6
176 silly decomposeActions fetch har-validator@5.1.5
177 silly decomposeActions extract har-validator@5.1.5
178 silly decomposeActions preinstall har-validator@5.1.5
179 silly decomposeActions build har-validator@5.1.5
180 silly decomposeActions install har-validator@5.1.5
181 silly decomposeActions postinstall har-validator@5.1.5
182 silly decomposeActions finalize har-validator@5.1.5
183 silly decomposeActions refresh-package-json har-validator@5.1.5
184 silly decomposeActions fetch uuid@3.4.0
185 silly decomposeActions extract uuid@3.4.0
186 silly decomposeActions preinstall uuid@3.4.0
187 silly decomposeActions build uuid@3.4.0
188 silly decomposeActions install uuid@3.4.0
189 silly decomposeActions postinstall uuid@3.4.0
190 silly decomposeActions finalize uuid@3.4.0
191 silly decomposeActions refresh-package-json uuid@3.4.0
192 silly decomposeActions fetch verror@1.10.0
193 silly decomposeActions extract verror@1.10.0
194 silly decomposeActions preinstall verror@1.10.0
195 silly decomposeActions build verror@1.10.0
196 silly decomposeActions install verror@1.10.0
197 silly decomposeActions postinstall verror@1.10.0
198 silly decomposeActions finalize verror@1.10.0
199 silly decomposeActions refresh-package-json verror@1.10.0
200 silly decomposeActions fetch jsprim@1.4.1
201 silly decomposeActions extract jsprim@1.4.1
202 silly decomposeActions preinstall jsprim@1.4.1
203 silly decomposeActions build jsprim@1.4.1
204 silly decomposeActions install jsprim@1.4.1
205 silly decomposeActions postinstall jsprim@1.4.1
206 silly decomposeActions finalize jsprim@1.4.1
207 silly decomposeActions refresh-package-json jsprim@1.4.1
208 silly decomposeActions fetch http-signature@1.2.0
209 silly decomposeActions extract http-signature@1.2.0
210 silly decomposeActions preinstall http-signature@1.2.0
211 silly decomposeActions build http-signature@1.2.0
212 silly decomposeActions install http-signature@1.2.0
213 silly decomposeActions postinstall http-signature@1.2.0
214 silly decomposeActions finalize http-signature@1.2.0
215 silly decomposeActions refresh-package-json http-signature@1.2.0
216 silly decomposeActions fetch request@2.88.2
217 silly decomposeActions extract request@2.88.2
218 silly decomposeActions preinstall request@2.88.2
219 silly decomposeActions build request@2.88.2
220 silly decomposeActions install request@2.88.2
221 silly decomposeActions postinstall request@2.88.2
222 silly decomposeActions finalize request@2.88.2
223 silly decomposeActions refresh-package-json request@2.88.2
224 silly decomposeActions fetch async@1.0.0
225 silly decomposeActions extract async@1.0.0
226 silly decomposeActions preinstall async@1.0.0
227 silly decomposeActions build async@1.0.0
228 silly decomposeActions install async@1.0.0
229 silly decomposeActions postinstall async@1.0.0
230 silly decomposeActions finalize async@1.0.0
231 silly decomposeActions refresh-package-json async@1.0.0
232 silly decomposeActions fetch winston@2.4.5
233 silly decomposeActions extract winston@2.4.5
234 silly decomposeActions preinstall winston@2.4.5
235 silly decomposeActions build winston@2.4.5
236 silly decomposeActions install winston@2.4.5
237 silly decomposeActions postinstall winston@2.4.5
238 silly decomposeActions finalize winston@2.4.5
239 silly decomposeActions refresh-package-json winston@2.4.5
240 silly decomposeActions fetch ws@1.1.5
241 silly decomposeActions extract ws@1.1.5
242 silly decomposeActions preinstall ws@1.1.5
243 silly decomposeActions build ws@1.1.5
244 silly decomposeActions install ws@1.1.5
245 silly decomposeActions postinstall ws@1.1.5
246 silly decomposeActions finalize ws@1.1.5
247 silly decomposeActions refresh-package-json ws@1.1.5
248 silly decomposeActions unbuild @slack/client
249 silly decomposeActions remove @slack/client
250 silly decomposeActions fetch @slack/client@3.16.1-sec.2
251 silly decomposeActions extract @slack/client@3.16.1-sec.2
252 silly decomposeActions preinstall @slack/client@3.16.1-sec.2
253 silly decomposeActions build @slack/client@3.16.1-sec.2
254 silly decomposeActions install @slack/client@3.16.1-sec.2
255 silly decomposeActions postinstall @slack/client@3.16.1-sec.2
256 silly decomposeActions finalize @slack/client@3.16.1-sec.2
257 silly decomposeActions refresh-package-json @slack/client@3.16.1-sec.2
258 silly decomposeActions unbuild hubot
259 silly decomposeActions remove hubot
260 silly decomposeActions fetch hubot@3.3.2
261 silly decomposeActions extract hubot@3.3.2
262 silly decomposeActions preinstall hubot@3.3.2
263 silly decomposeActions build hubot@3.3.2
264 silly decomposeActions install hubot@3.3.2
265 silly decomposeActions postinstall hubot@3.3.2
266 silly decomposeActions finalize hubot@3.3.2
267 silly decomposeActions refresh-package-json hubot@3.3.2
268 silly decomposeActions unbuild hubot-diagnostics
269 silly decomposeActions remove hubot-diagnostics
270 silly decomposeActions fetch hubot-diagnostics@1.0.0
271 silly decomposeActions extract hubot-diagnostics@1.0.0
272 silly decomposeActions preinstall hubot-diagnostics@1.0.0
273 silly decomposeActions build hubot-diagnostics@1.0.0
274 silly decomposeActions install hubot-diagnostics@1.0.0
275 silly decomposeActions postinstall hubot-diagnostics@1.0.0
276 silly decomposeActions finalize hubot-diagnostics@1.0.0
277 silly decomposeActions refresh-package-json hubot-diagnostics@1.0.0
278 silly decomposeActions unbuild hubot-google-images
279 silly decomposeActions remove hubot-google-images
280 silly decomposeActions fetch hubot-google-images@0.2.7
281 silly decomposeActions extract hubot-google-images@0.2.7
282 silly decomposeActions preinstall hubot-google-images@0.2.7
283 silly decomposeActions build hubot-google-images@0.2.7
284 silly decomposeActions install hubot-google-images@0.2.7
285 silly decomposeActions postinstall hubot-google-images@0.2.7
286 silly decomposeActions finalize hubot-google-images@0.2.7
287 silly decomposeActions refresh-package-json hubot-google-images@0.2.7
288 silly decomposeActions unbuild hubot-google-translate
289 silly decomposeActions remove hubot-google-translate
290 silly decomposeActions fetch hubot-google-translate@0.2.1
291 silly decomposeActions extract hubot-google-translate@0.2.1
292 silly decomposeActions preinstall hubot-google-translate@0.2.1
293 silly decomposeActions build hubot-google-translate@0.2.1
294 silly decomposeActions install hubot-google-translate@0.2.1
295 silly decomposeActions postinstall hubot-google-translate@0.2.1
296 silly decomposeActions finalize hubot-google-translate@0.2.1
297 silly decomposeActions refresh-package-json hubot-google-translate@0.2.1
298 silly decomposeActions unbuild hubot-help
299 silly decomposeActions remove hubot-help
300 silly decomposeActions fetch hubot-help@1.0.1
301 silly decomposeActions extract hubot-help@1.0.1
302 silly decomposeActions preinstall hubot-help@1.0.1
303 silly decomposeActions build hubot-help@1.0.1
304 silly decomposeActions install hubot-help@1.0.1
305 silly decomposeActions postinstall hubot-help@1.0.1
306 silly decomposeActions finalize hubot-help@1.0.1
307 silly decomposeActions refresh-package-json hubot-help@1.0.1
308 silly decomposeActions unbuild hubot-heroku-keepalive
309 silly decomposeActions remove hubot-heroku-keepalive
310 silly decomposeActions fetch hubot-heroku-keepalive@1.0.3
311 silly decomposeActions extract hubot-heroku-keepalive@1.0.3
312 silly decomposeActions preinstall hubot-heroku-keepalive@1.0.3
313 silly decomposeActions build hubot-heroku-keepalive@1.0.3
314 silly decomposeActions install hubot-heroku-keepalive@1.0.3
315 silly decomposeActions postinstall hubot-heroku-keepalive@1.0.3
316 silly decomposeActions finalize hubot-heroku-keepalive@1.0.3
317 silly decomposeActions refresh-package-json hubot-heroku-keepalive@1.0.3
318 silly decomposeActions unbuild hubot-maps
319 silly decomposeActions remove hubot-maps
320 silly decomposeActions fetch hubot-maps@0.0.3
321 silly decomposeActions extract hubot-maps@0.0.3
322 silly decomposeActions preinstall hubot-maps@0.0.3
323 silly decomposeActions build hubot-maps@0.0.3
324 silly decomposeActions install hubot-maps@0.0.3
325 silly decomposeActions postinstall hubot-maps@0.0.3
326 silly decomposeActions finalize hubot-maps@0.0.3
327 silly decomposeActions refresh-package-json hubot-maps@0.0.3
328 silly decomposeActions unbuild hubot-pugme
329 silly decomposeActions remove hubot-pugme
330 silly decomposeActions fetch hubot-pugme@0.1.1
331 silly decomposeActions extract hubot-pugme@0.1.1
332 silly decomposeActions preinstall hubot-pugme@0.1.1
333 silly decomposeActions build hubot-pugme@0.1.1
334 silly decomposeActions install hubot-pugme@0.1.1
335 silly decomposeActions postinstall hubot-pugme@0.1.1
336 silly decomposeActions finalize hubot-pugme@0.1.1
337 silly decomposeActions refresh-package-json hubot-pugme@0.1.1
338 silly decomposeActions unbuild hubot-redis-brain
339 silly decomposeActions remove hubot-redis-brain
340 silly decomposeActions fetch hubot-redis-brain@1.0.0
341 silly decomposeActions extract hubot-redis-brain@1.0.0
342 silly decomposeActions preinstall hubot-redis-brain@1.0.0
343 silly decomposeActions build hubot-redis-brain@1.0.0
344 silly decomposeActions install hubot-redis-brain@1.0.0
345 silly decomposeActions postinstall hubot-redis-brain@1.0.0
346 silly decomposeActions finalize hubot-redis-brain@1.0.0
347 silly decomposeActions refresh-package-json hubot-redis-brain@1.0.0
348 silly decomposeActions unbuild hubot-rules
349 silly decomposeActions remove hubot-rules
350 silly decomposeActions fetch hubot-rules@1.0.0
351 silly decomposeActions extract hubot-rules@1.0.0
352 silly decomposeActions preinstall hubot-rules@1.0.0
353 silly decomposeActions build hubot-rules@1.0.0
354 silly decomposeActions install hubot-rules@1.0.0
355 silly decomposeActions postinstall hubot-rules@1.0.0
356 silly decomposeActions finalize hubot-rules@1.0.0
357 silly decomposeActions refresh-package-json hubot-rules@1.0.0
358 silly decomposeActions unbuild hubot-scripts
359 silly decomposeActions remove hubot-scripts
360 silly decomposeActions fetch hubot-scripts@2.17.2
361 silly decomposeActions extract hubot-scripts@2.17.2
362 silly decomposeActions preinstall hubot-scripts@2.17.2
363 silly decomposeActions build hubot-scripts@2.17.2
364 silly decomposeActions install hubot-scripts@2.17.2
365 silly decomposeActions postinstall hubot-scripts@2.17.2
366 silly decomposeActions finalize hubot-scripts@2.17.2
367 silly decomposeActions refresh-package-json hubot-scripts@2.17.2
368 silly decomposeActions unbuild hubot-shipit
369 silly decomposeActions remove hubot-shipit
370 silly decomposeActions fetch hubot-shipit@0.2.1
371 silly decomposeActions extract hubot-shipit@0.2.1
372 silly decomposeActions preinstall hubot-shipit@0.2.1
373 silly decomposeActions build hubot-shipit@0.2.1
374 silly decomposeActions install hubot-shipit@0.2.1
375 silly decomposeActions postinstall hubot-shipit@0.2.1
376 silly decomposeActions finalize hubot-shipit@0.2.1
377 silly decomposeActions refresh-package-json hubot-shipit@0.2.1
378 silly decomposeActions unbuild hubot-slack
379 silly decomposeActions remove hubot-slack
380 silly decomposeActions fetch hubot-slack@4.9.0
381 silly decomposeActions extract hubot-slack@4.9.0
382 silly decomposeActions preinstall hubot-slack@4.9.0
383 silly decomposeActions build hubot-slack@4.9.0
384 silly decomposeActions install hubot-slack@4.9.0
385 silly decomposeActions postinstall hubot-slack@4.9.0
386 silly decomposeActions finalize hubot-slack@4.9.0
387 silly decomposeActions refresh-package-json hubot-slack@4.9.0
388 silly decomposeActions preinstall siritoriApp@file:siritoriApp
389 silly decomposeActions build siritoriApp@file:siritoriApp
390 silly decomposeActions install siritoriApp@file:siritoriApp
391 silly decomposeActions postinstall siritoriApp@file:siritoriApp
392 silly decomposeActions finalize siritoriApp@file:siritoriApp
393 silly decomposeActions refresh-package-json siritoriApp@file:siritoriApp
394 silly install executeActions
395 silly doSerial global-install 330
396 verbose correctMkdir /home/siritorihubot/.npm/_locks correctMkdir not in flight; initializing
397 verbose lock using /home/siritorihubot/.npm/_locks/staging-84e12cf60e694cfb.lock for /home/siritorihubot/node_modules/.staging
398 silly doParallel extract 37
399 silly extract asn1@0.2.4
400 silly extract ecc-jsbn@0.1.2
401 silly extract form-data@2.3.3
402 silly extract oauth-sign@0.9.0
403 silly extract performance-now@2.1.0
404 silly extract psl@1.8.0
405 silly extract punycode@2.1.1
406 silly extract tough-cookie@2.5.0
407 silly extract tunnel-agent@0.6.0
408 silly extract tweetnacl@0.14.5
409 silly extract bcrypt-pbkdf@1.0.2
410 silly extract sshpk@1.16.1
411 silly extract uri-js@4.4.1
412 silly extract ajv@6.12.6
413 silly extract har-validator@5.1.5
414 silly extract uuid@3.4.0
415 silly extract verror@1.10.0
416 silly extract jsprim@1.4.1
417 silly extract http-signature@1.2.0
418 silly extract request@2.88.2
419 silly extract async@1.0.0
420 silly extract winston@2.4.5
421 silly extract ws@1.1.5
422 silly extract @slack/client@3.16.1-sec.2
423 silly extract hubot@3.3.2
424 silly extract hubot-diagnostics@1.0.0
425 silly extract hubot-google-images@0.2.7
426 silly extract hubot-google-translate@0.2.1
427 silly extract hubot-help@1.0.1
428 silly extract hubot-heroku-keepalive@1.0.3
429 silly extract hubot-maps@0.0.3
430 silly extract hubot-pugme@0.1.1
431 silly extract hubot-redis-brain@1.0.0
432 silly extract hubot-rules@1.0.0
433 silly extract hubot-scripts@2.17.2
434 silly extract hubot-shipit@0.2.1
435 silly extract hubot-slack@4.9.0
436 silly tarball trying asn1@0.2.4 by hash: sha512-jxwzQpLQjSmWXgwaCZE9Nz+glAG01yF1QnWgbhGwHI5A6FRIEY6IVqtHhIepHqI7/kyEyQEagBC5mBEFlIYvdg==
437 silly tarball trying oauth-sign@0.9.0 by hash: sha512-fexhUFFPTGV8ybAtSIGbV6gOkSv8UtRbDBnAyLQw4QPKkgNlsH2ByPGtMUqdWkos6YCRmAqViwgZrJc/mRDzZQ==
438 silly tarball trying hubot-slack@4.9.0 by hash: sha512-liNHxyii/XZe2ypXP8IEPas5paJwVVRVZYMcVy3cHlIYzRaY+99ayBptEI+KWfqzhzxnLGV2aGjHUjolBsl0iA==
439 silly tarball trying ecc-jsbn@0.1.2 by hash: sha1-OoOpBOVDUyh4dMVkt1SThoSamMk=
440 silly tarball trying form-data@2.3.3 by hash: sha512-1lLKB2Mu3aGP1Q/2eCOx0fNbRMe7XdwktwOruhfqqd0rIJWwN4Dh+E3hrPSlDCXnSR7UtZ1N38rVXm+6+MEhJQ==
441 silly tarball trying performance-now@2.1.0 by hash: sha1-Ywn04OX6kT7BxpMHrjZLSzd8nns=
442 silly tarball trying tough-cookie@2.5.0 by hash: sha512-nlLsUzgm1kfLXSXfRZMc1KLAugd4hqJHDTvc2hDIwS3mZAfMEuMbc03SujMF+GEcpaX/qboeycw6iO8JwVv2+g==
443 silly tarball trying tweetnacl@0.14.5 by hash: sha1-WuaBd/GS1EViadEIr6k/+HQ/T2Q=
444 silly tarball trying tunnel-agent@0.6.0 by hash: sha1-J6XeoGs2sEoKmWZ3SykIaPD8QP0=
445 silly tarball trying psl@1.8.0 by hash: sha512-RIdOzyoavK+hA18OGGWDqUTsCLhtA7IcZ/6NCs4fFJaHBDab+pDDmDIByWFRQJq2Cd7r1OoQxBGKOaztq+hjIQ==
446 silly tarball trying bcrypt-pbkdf@1.0.2 by hash: sha1-pDAdOJtqQ/m2f/PKEaP2Y342Dp4=
447 silly tarball trying uri-js@4.4.1 by hash: sha512-7rKUyy33Q1yc98pQ1DAmLtwX109F7TIfWlW1Ydo8Wl1ii1SeHieeh0HHfPeL2fMXK6z0s8ecKs9frCuLJvndBg==
448 silly tarball trying sshpk@1.16.1 by hash: sha512-HXXqVUq7+pcKeLqqZj6mHFUMvXtOJt1uoUx09pFW6011inTMxqI8BA8PM95myrIyyKwdnzjdFjLiE6KBPVtJIg==
449 silly tarball trying punycode@2.1.1 by hash: sha512-XRsRjdf+j5ml+y/6GKHPZbrF/8p2Yga0JPtdqTIY2Xe5ohJPD9saDJJLPvp9+NSBprVvevdXZybnj2cv8OEd0A==
450 silly tarball trying ajv@6.12.6 by hash: sha512-j3fVLgvTo527anyYyJOGTYJbG+vnnQYvE0m5mmkc1TK+nxAppkCLMIL0aZ4dblVCNoGShhm+kzE4ZUykBoMg4g==
451 silly tarball trying uuid@3.4.0 by hash: sha512-HjSDRw6gZE5JMggctHBcjVak08+KEVhSIiDzFnT9S9aegmp85S/bReBVTb4QTFaRNptJ9kuYaNhnbNEOkbKb/A==
452 silly tarball trying har-validator@5.1.5 by hash: sha512-nmT2T0lljbxdQZfspsno9hgrG3Uir6Ks5afism62poxqBM6sDnMEuPmzTq8XN0OEwqKLLdh1jQI3qyE66Nzb3w==
453 silly tarball trying verror@1.10.0 by hash: sha1-OhBcoXBTr1XW4nDB+CiGguGNpAA=
454 silly tarball trying http-signature@1.2.0 by hash: sha1-muzZJRFHcvPZW2WmCruPfBj7rOE=
455 silly tarball trying winston@2.4.5 by hash: sha512-TWoamHt5yYvsMarGlGEQE59SbJHqGsZV8/lwC+iCcGeAe0vUaOh+Lv6SYM17ouzC/a/LB1/hz/7sxFBtlu1l4A==
456 silly tarball trying request@2.88.2 by hash: sha512-MsvtOrfG9ZcrOwAW+Qi+F6HbD0CWXEh9ou77uOb7FM2WPhwT7smM833PzanhJLsgXjN89Ir6V2PczXNnMpwKhw==
457 silly tarball trying jsprim@1.4.1 by hash: sha1-MT5mvB5cwG5Di8G3SZwuXFastqI=
458 silly tarball trying async@1.0.0 by hash: sha1-+PwEyjoTeErenhZBr5hXjPvWR6k=
459 silly tarball trying hubot@3.3.2 by hash: sha512-+8h/s+t5GirjuDW5K1QjTGBGzOU8ksEi51HeLdFghYOWj40x6ndhAU3C6SRPk/7yHj6luVPuVi/Y8s0P+lqM9Q==
460 silly tarball trying ws@1.1.5 by hash: sha512-o3KqipXNUdS7wpQzBHSe180lBGO60SoK0yVo3CYJgb2MkobuWuBX6dhkYP5ORCLd55y+SaflMOV5fqAB53ux4w==
461 silly tarball trying @slack/client@3.16.1-sec.2 by hash: sha512-FAERJJAurczrvgShW+9V95NdVYgf8FdIexUqfBgNuToRrLRDRcWNf0nGyfKAvl2RH1ncppzJp3iXgMNJFnJXhQ==
462 silly tarball trying hubot-diagnostics@1.0.0 by hash: sha512-4kuR04lULoDDra/Z7B/rgMQMZW531Ve5hwhd8xNOKAl8e1cb5bZNqVpGFYF174eYcN54+RZuWQFHsntjvczyag==
463 silly tarball trying hubot-google-images@0.2.7 by hash: sha1-qKH5CU12gwvxkxdwiI+rDcDBGk0=
464 silly tarball trying hubot-help@1.0.1 by hash: sha512-1gL7ywROwQG6Grom68Bhi8O7YHn/qEkg3tGgap+tFejZGxVnFyJ/LcStBScW/zUj4yf0GlDaExR/vsaTjzBRsA==
465 silly tarball trying hubot-google-translate@0.2.1 by hash: sha1-P0lsfywgmU1ZS0t1GDiY4rYnu34=
466 silly tarball trying hubot-maps@0.0.3 by hash: sha1-yPxbA0h1TmJhbVuZsr85BMXuWDw=
467 silly tarball trying hubot-rules@1.0.0 by hash: sha512-IXeTYp6aK25Hgio8ezYr9vruLt1dICL9+kImaXefbfanSjNiNDvltNZfwANqeBx4Zm92A6yi36XxbWR5ZS5kNg==
468 silly tarball trying hubot-heroku-keepalive@1.0.3 by hash: sha1-KVDigJXuSmrOK3b5DiqRupHmgTw=
469 silly tarball trying hubot-redis-brain@1.0.0 by hash: sha512-F3udeIfYZ+49ezeWKQgcI41PblsyRnHvAWrqjJV/HGApPCxX1P0cPiNna3B/ml6V5EOOZLsVeelukwtxDhh09A==
470 silly tarball trying hubot-pugme@0.1.1 by hash: sha1-u/O5k4MVFsgU9WnPDwUxP7mjFFg=
471 silly tarball trying hubot-scripts@2.17.2 by hash: sha1-mwjpB9XPq6cteDIEBnp4zp3zriQ=
472 silly tarball trying hubot-shipit@0.2.1 by hash: sha1-T7yeFhlTv3kB/cNuKnAsExA/FrI=
473 silly extract oauth-sign@0.9.0 extracted to /home/siritorihubot/node_modules/.staging/oauth-sign-a6d55afe (336ms)
474 silly extract hubot-help@1.0.1 extracted to /home/siritorihubot/node_modules/.staging/hubot-help-7dc05b4a (339ms)
475 silly extract tunnel-agent@0.6.0 extracted to /home/siritorihubot/node_modules/.staging/tunnel-agent-f319f362 (359ms)
476 timing audit submit Completed in 436ms
477 http fetch POST 200 https://registry.npmjs.org/-/npm/v1/security/audits/quick 437ms
478 timing audit body Completed in 1ms
479 silly extract hubot-maps@0.0.3 extracted to /home/siritorihubot/node_modules/.staging/hubot-maps-785638b4 (397ms)
480 silly extract har-validator@5.1.5 extracted to /home/siritorihubot/node_modules/.staging/har-validator-59439039 (404ms)
481 silly extract bcrypt-pbkdf@1.0.2 extracted to /home/siritorihubot/node_modules/.staging/bcrypt-pbkdf-a809bcd7 (416ms)
482 silly extract punycode@2.1.1 extracted to /home/siritorihubot/node_modules/.staging/punycode-ecd40a54 (423ms)
483 silly extract jsprim@1.4.1 extracted to /home/siritorihubot/node_modules/.staging/jsprim-8b88e84a (428ms)
484 silly extract hubot-rules@1.0.0 extracted to /home/siritorihubot/node_modules/.staging/hubot-rules-23d7b18f (435ms)
485 silly extract verror@1.10.0 extracted to /home/siritorihubot/node_modules/.staging/verror-41e050ec (467ms)
486 silly extract hubot-shipit@0.2.1 extracted to /home/siritorihubot/node_modules/.staging/hubot-shipit-9db5d724 (464ms)
487 silly extract asn1@0.2.4 extracted to /home/siritorihubot/node_modules/.staging/asn1-993058b5 (478ms)
488 silly extract hubot-redis-brain@1.0.0 extracted to /home/siritorihubot/node_modules/.staging/hubot-redis-brain-c7fb3a33 (475ms)
489 silly extract hubot-diagnostics@1.0.0 extracted to /home/siritorihubot/node_modules/.staging/hubot-diagnostics-5d06626d (481ms)
490 silly extract hubot-google-translate@0.2.1 extracted to /home/siritorihubot/node_modules/.staging/hubot-google-translate-23456d78 (486ms)
491 silly extract hubot-pugme@0.1.1 extracted to /home/siritorihubot/node_modules/.staging/hubot-pugme-baf8ad7f (486ms)
492 silly extract hubot-heroku-keepalive@1.0.3 extracted to /home/siritorihubot/node_modules/.staging/hubot-heroku-keepalive-30405c77 (508ms)
493 silly extract hubot-google-images@0.2.7 extracted to /home/siritorihubot/node_modules/.staging/hubot-google-images-8bdb894e (515ms)
494 silly extract tough-cookie@2.5.0 extracted to /home/siritorihubot/node_modules/.staging/tough-cookie-2b297aa3 (526ms)
495 silly extract ecc-jsbn@0.1.2 extracted to /home/siritorihubot/node_modules/.staging/ecc-jsbn-b50c0683 (537ms)
496 silly extract form-data@2.3.3 extracted to /home/siritorihubot/node_modules/.staging/form-data-a14ad65f (545ms)
497 silly extract http-signature@1.2.0 extracted to /home/siritorihubot/node_modules/.staging/http-signature-32d5797e (548ms)
498 silly extract async@1.0.0 extracted to /home/siritorihubot/node_modules/.staging/async-753dcdbe (561ms)
499 silly extract performance-now@2.1.0 extracted to /home/siritorihubot/node_modules/.staging/performance-now-891256d5 (567ms)
500 silly extract uuid@3.4.0 extracted to /home/siritorihubot/node_modules/.staging/uuid-ce368aa3 (588ms)
501 silly extract tweetnacl@0.14.5 extracted to /home/siritorihubot/node_modules/.staging/tweetnacl-dce8224f (590ms)
502 silly extract ws@1.1.5 extracted to /home/siritorihubot/node_modules/.staging/ws-68f7ace1 (606ms)
503 silly extract psl@1.8.0 extracted to /home/siritorihubot/node_modules/.staging/psl-929497be (641ms)
504 silly extract request@2.88.2 extracted to /home/siritorihubot/node_modules/.staging/request-6907681c (638ms)
505 silly extract winston@2.4.5 extracted to /home/siritorihubot/node_modules/.staging/winston-3e2ba7b7 (784ms)
506 silly extract sshpk@1.16.1 extracted to /home/siritorihubot/node_modules/.staging/sshpk-3eda9af8 (800ms)
507 silly extract uri-js@4.4.1 extracted to /home/siritorihubot/node_modules/.staging/uri-js-ae580b6b (882ms)
508 silly extract hubot@3.3.2 extracted to /home/siritorihubot/node_modules/.staging/hubot-6399f7ba (927ms)
509 silly extract hubot-slack@4.9.0 extracted to /home/siritorihubot/node_modules/.staging/hubot-slack-b89ecbe0 (942ms)
510 silly extract ajv@6.12.6 extracted to /home/siritorihubot/node_modules/.staging/ajv-a41208e8 (1069ms)
511 silly extract @slack/client@3.16.1-sec.2 extracted to /home/siritorihubot/node_modules/.staging/@slack/client-e4992150 (1340ms)
512 silly extract hubot-scripts@2.17.2 extracted to /home/siritorihubot/node_modules/.staging/hubot-scripts-5da6be86 (1607ms)
513 timing action:extract Completed in 1616ms
514 silly doReverseSerial unbuild 330
515 silly unbuild hubot-slack
516 info lifecycle undefined~preuninstall: undefined
517 info lifecycle undefined~uninstall: undefined
518 verbose unbuild rmStuff undefined from /home/siritorihubot/node_modules
519 info lifecycle undefined~postuninstall: undefined
520 silly unbuild hubot-shipit
521 info lifecycle undefined~preuninstall: undefined
522 info lifecycle undefined~uninstall: undefined
523 verbose unbuild rmStuff undefined from /home/siritorihubot/node_modules
524 info lifecycle undefined~postuninstall: undefined
525 silly unbuild hubot-scripts
526 info lifecycle undefined~preuninstall: undefined
527 info lifecycle undefined~uninstall: undefined
528 verbose unbuild rmStuff undefined from /home/siritorihubot/node_modules
529 info lifecycle undefined~postuninstall: undefined
530 silly unbuild hubot-rules
531 info lifecycle undefined~preuninstall: undefined
532 info lifecycle undefined~uninstall: undefined
533 verbose unbuild rmStuff undefined from /home/siritorihubot/node_modules
534 info lifecycle undefined~postuninstall: undefined
535 silly unbuild hubot-redis-brain
536 info lifecycle undefined~preuninstall: undefined
537 info lifecycle undefined~uninstall: undefined
538 verbose unbuild rmStuff undefined from /home/siritorihubot/node_modules
539 info lifecycle undefined~postuninstall: undefined
540 silly unbuild hubot-pugme
541 info lifecycle undefined~preuninstall: undefined
542 info lifecycle undefined~uninstall: undefined
543 verbose unbuild rmStuff undefined from /home/siritorihubot/node_modules
544 info lifecycle undefined~postuninstall: undefined
545 silly unbuild hubot-maps
546 info lifecycle undefined~preuninstall: undefined
547 info lifecycle undefined~uninstall: undefined
548 verbose unbuild rmStuff undefined from /home/siritorihubot/node_modules
549 info lifecycle undefined~postuninstall: undefined
550 silly unbuild hubot-heroku-keepalive
551 info lifecycle undefined~preuninstall: undefined
552 info lifecycle undefined~uninstall: undefined
553 verbose unbuild rmStuff undefined from /home/siritorihubot/node_modules
554 info lifecycle undefined~postuninstall: undefined
555 silly unbuild hubot-help
556 info lifecycle undefined~preuninstall: undefined
557 info lifecycle undefined~uninstall: undefined
558 verbose unbuild rmStuff undefined from /home/siritorihubot/node_modules
559 info lifecycle undefined~postuninstall: undefined
560 silly unbuild hubot-google-translate
561 info lifecycle undefined~preuninstall: undefined
562 info lifecycle undefined~uninstall: undefined
563 verbose unbuild rmStuff undefined from /home/siritorihubot/node_modules
564 info lifecycle undefined~postuninstall: undefined
565 silly unbuild hubot-google-images
566 info lifecycle undefined~preuninstall: undefined
567 info lifecycle undefined~uninstall: undefined
568 verbose unbuild rmStuff undefined from /home/siritorihubot/node_modules
569 info lifecycle undefined~postuninstall: undefined
570 silly unbuild hubot-diagnostics
571 info lifecycle undefined~preuninstall: undefined
572 info lifecycle undefined~uninstall: undefined
573 verbose unbuild rmStuff undefined from /home/siritorihubot/node_modules
574 info lifecycle undefined~postuninstall: undefined
575 silly unbuild hubot
576 info lifecycle undefined~preuninstall: undefined
577 info lifecycle undefined~uninstall: undefined
578 verbose unbuild rmStuff undefined from /home/siritorihubot/node_modules
579 info lifecycle undefined~postuninstall: undefined
580 silly unbuild @slack/client
581 info lifecycle undefined~preuninstall: undefined
582 info lifecycle undefined~uninstall: undefined
583 verbose unbuild rmStuff undefined from /home/siritorihubot/node_modules
584 info lifecycle undefined~postuninstall: undefined
585 timing action:unbuild Completed in 6ms
586 silly doSerial remove 330
587 silly remove /home/siritorihubot/node_modules/@slack/client
588 silly remove /home/siritorihubot/node_modules/hubot
589 silly remove /home/siritorihubot/node_modules/hubot-diagnostics
590 silly remove /home/siritorihubot/node_modules/hubot-google-images
591 silly remove /home/siritorihubot/node_modules/hubot-google-translate
592 silly remove /home/siritorihubot/node_modules/hubot-help
593 silly remove /home/siritorihubot/node_modules/hubot-heroku-keepalive
594 silly remove /home/siritorihubot/node_modules/hubot-maps
595 silly remove /home/siritorihubot/node_modules/hubot-pugme
596 silly remove /home/siritorihubot/node_modules/hubot-redis-brain
597 silly remove /home/siritorihubot/node_modules/hubot-rules
598 silly remove /home/siritorihubot/node_modules/hubot-scripts
599 silly remove /home/siritorihubot/node_modules/hubot-shipit
600 silly remove /home/siritorihubot/node_modules/hubot-slack
601 timing action:remove Completed in 285ms
602 silly doSerial move 330
603 silly doSerial finalize 330
604 silly finalize /home/siritorihubot/node_modules/asn1
605 silly finalize /home/siritorihubot/node_modules/ecc-jsbn
606 silly finalize /home/siritorihubot/node_modules/form-data
607 silly finalize /home/siritorihubot/node_modules/oauth-sign
608 silly finalize /home/siritorihubot/node_modules/performance-now
609 silly finalize /home/siritorihubot/node_modules/psl
610 silly finalize /home/siritorihubot/node_modules/punycode
611 silly finalize /home/siritorihubot/node_modules/tough-cookie
612 silly finalize /home/siritorihubot/node_modules/tunnel-agent
613 silly finalize /home/siritorihubot/node_modules/tweetnacl
614 silly finalize /home/siritorihubot/node_modules/bcrypt-pbkdf
615 silly finalize /home/siritorihubot/node_modules/sshpk
616 silly finalize /home/siritorihubot/node_modules/uri-js
617 silly finalize /home/siritorihubot/node_modules/ajv
618 silly finalize /home/siritorihubot/node_modules/har-validator
619 silly finalize /home/siritorihubot/node_modules/uuid
620 silly finalize /home/siritorihubot/node_modules/verror
621 silly finalize /home/siritorihubot/node_modules/jsprim
622 silly finalize /home/siritorihubot/node_modules/http-signature
623 timing action:finalize Completed in 140ms
624 verbose unlock done using /home/siritorihubot/.npm/_locks/staging-84e12cf60e694cfb.lock for /home/siritorihubot/node_modules/.staging
625 timing stage:rollbackFailedOptional Completed in 113ms
626 timing stage:runTopLevelLifecycles Completed in 4303ms
627 silly saveTree siritorihubot@0.0.0
627 silly saveTree ├── hubot-diagnostics@1.0.0
627 silly saveTree ├── hubot-google-images@0.2.7
627 silly saveTree ├── hubot-google-translate@0.2.1
627 silly saveTree ├── hubot-help@1.0.1
627 silly saveTree ├── hubot-heroku-keepalive@1.0.3
627 silly saveTree ├── hubot-maps@0.0.3
627 silly saveTree ├── hubot-pugme@0.1.1
627 silly saveTree ├─┬ hubot-redis-brain@1.0.0
627 silly saveTree │ └─┬ redis@2.8.0
627 silly saveTree │   ├── double-ended-queue@2.1.0-0
627 silly saveTree │   ├── redis-commands@1.7.0
627 silly saveTree │   └── redis-parser@2.6.0
627 silly saveTree ├── hubot-rules@1.0.0
627 silly saveTree ├─┬ hubot-scripts@2.17.2
627 silly saveTree │ └── redis@0.8.4
627 silly saveTree ├── hubot-shipit@0.2.1
627 silly saveTree ├─┬ hubot-slack@4.9.0
627 silly saveTree │ ├─┬ @slack/client@3.16.1-sec.2
627 silly saveTree │ │ ├── async@1.5.2
627 silly saveTree │ │ ├── bluebird@3.7.2
627 silly saveTree │ │ ├── eventemitter3@1.2.0
627 silly saveTree │ │ ├─┬ https-proxy-agent@2.2.4
627 silly saveTree │ │ │ ├─┬ agent-base@4.3.0
627 silly saveTree │ │ │ │ └─┬ es6-promisify@5.0.0
627 silly saveTree │ │ │ │   └── es6-promise@4.2.8
627 silly saveTree │ │ │ └─┬ debug@3.2.7
627 silly saveTree │ │ │   └── ms@2.1.3
627 silly saveTree │ │ ├── inherits@2.0.4
627 silly saveTree │ │ ├── lodash@4.17.21
627 silly saveTree │ │ ├── pkginfo@0.4.1
627 silly saveTree │ │ ├─┬ request@2.88.2
627 silly saveTree │ │ │ ├── aws-sign2@0.7.0
627 silly saveTree │ │ │ ├── aws4@1.11.0
627 silly saveTree │ │ │ ├── caseless@0.12.0
627 silly saveTree │ │ │ ├─┬ combined-stream@1.0.8
627 silly saveTree │ │ │ │ └── delayed-stream@1.0.0
627 silly saveTree │ │ │ ├── extend@3.0.2
627 silly saveTree │ │ │ ├── forever-agent@0.6.1
627 silly saveTree │ │ │ ├─┬ form-data@2.3.3
627 silly saveTree │ │ │ │ ├── asynckit@0.4.0
627 silly saveTree │ │ │ │ └─┬ mime-types@2.1.32
627 silly saveTree │ │ │ │   └── mime-db@1.49.0
627 silly saveTree │ │ │ ├─┬ har-validator@5.1.5
627 silly saveTree │ │ │ │ ├─┬ ajv@6.12.6
627 silly saveTree │ │ │ │ │ ├── fast-deep-equal@3.1.3
627 silly saveTree │ │ │ │ │ ├── fast-json-stable-stringify@2.1.0
627 silly saveTree │ │ │ │ │ ├── json-schema-traverse@0.4.1
627 silly saveTree │ │ │ │ │ └─┬ uri-js@4.4.1
627 silly saveTree │ │ │ │ │   └── punycode@2.1.1
627 silly saveTree │ │ │ │ └── har-schema@2.0.0
627 silly saveTree │ │ │ ├─┬ http-signature@1.2.0
627 silly saveTree │ │ │ │ ├── assert-plus@1.0.0
627 silly saveTree │ │ │ │ ├─┬ jsprim@1.4.1
627 silly saveTree │ │ │ │ │ ├── extsprintf@1.3.0
627 silly saveTree │ │ │ │ │ ├── json-schema@0.2.3
627 silly saveTree │ │ │ │ │ └─┬ verror@1.10.0
627 silly saveTree │ │ │ │ │   └── core-util-is@1.0.2
627 silly saveTree │ │ │ │ └─┬ sshpk@1.16.1
627 silly saveTree │ │ │ │   ├─┬ asn1@0.2.4
627 silly saveTree │ │ │ │   │ └── safer-buffer@2.1.2
627 silly saveTree │ │ │ │   ├─┬ bcrypt-pbkdf@1.0.2
627 silly saveTree │ │ │ │   │ └── tweetnacl@0.14.5
627 silly saveTree │ │ │ │   ├── dashdash@1.14.1
627 silly saveTree │ │ │ │   ├─┬ ecc-jsbn@0.1.2
627 silly saveTree │ │ │ │   │ └── jsbn@0.1.1
627 silly saveTree │ │ │ │   ├── getpass@0.1.7
627 silly saveTree │ │ │ │   ├── jsbn@0.1.1
627 silly saveTree │ │ │ │   ├── safer-buffer@2.1.2
627 silly saveTree │ │ │ │   └── tweetnacl@0.14.5
627 silly saveTree │ │ │ ├── is-typedarray@1.0.0
627 silly saveTree │ │ │ ├── isstream@0.1.2
627 silly saveTree │ │ │ ├── json-stringify-safe@5.0.1
627 silly saveTree │ │ │ ├── mime-types@2.1.32
627 silly saveTree │ │ │ ├── oauth-sign@0.9.0
627 silly saveTree │ │ │ ├── performance-now@2.1.0
627 silly saveTree │ │ │ ├── qs@6.5.2
627 silly saveTree │ │ │ ├── safe-buffer@5.2.1
627 silly saveTree │ │ │ ├─┬ tough-cookie@2.5.0
627 silly saveTree │ │ │ │ └── psl@1.8.0
627 silly saveTree │ │ │ ├── tunnel-agent@0.6.0
627 silly saveTree │ │ │ └── uuid@3.4.0
627 silly saveTree │ │ ├── retry@0.9.0
627 silly saveTree │ │ ├── url-join@0.0.1
627 silly saveTree │ │ ├─┬ winston@2.4.5
627 silly saveTree │ │ │ ├── async@1.0.0
627 silly saveTree │ │ │ ├── colors@1.0.3
627 silly saveTree │ │ │ ├── cycle@1.0.3
627 silly saveTree │ │ │ ├── eyes@0.1.8
627 silly saveTree │ │ │ └── stack-trace@0.0.10
627 silly saveTree │ │ └─┬ ws@1.1.5
627 silly saveTree │ │   ├── options@0.0.6
627 silly saveTree │ │   └── ultron@1.0.2
627 silly saveTree │ ├── bluebird@3.7.2
627 silly saveTree │ └── lodash@4.17.21
627 silly saveTree ├─┬ hubot@3.3.2
627 silly saveTree │ ├── async@0.9.2
627 silly saveTree │ ├─┬ chalk@1.1.3
627 silly saveTree │ │ ├── ansi-styles@2.2.1
627 silly saveTree │ │ ├── escape-string-regexp@1.0.5
627 silly saveTree │ │ ├─┬ has-ansi@2.0.0
627 silly saveTree │ │ │ └── ansi-regex@2.1.1
627 silly saveTree │ │ ├── strip-ansi@3.0.1
627 silly saveTree │ │ └── supports-color@2.0.0
627 silly saveTree │ ├── cline@0.8.2
627 silly saveTree │ ├── coffeescript@1.6.3
627 silly saveTree │ ├─┬ connect-multiparty@2.2.0
627 silly saveTree │ │ ├─┬ http-errors@1.7.3
627 silly saveTree │ │ │ ├── depd@1.1.2
627 silly saveTree │ │ │ ├── setprototypeof@1.1.1
627 silly saveTree │ │ │ ├── statuses@1.5.0
627 silly saveTree │ │ │ └── toidentifier@1.0.0
627 silly saveTree │ │ ├─┬ multiparty@4.2.2
627 silly saveTree │ │ │ ├─┬ http-errors@1.8.0
627 silly saveTree │ │ │ │ └── setprototypeof@1.2.0
627 silly saveTree │ │ │ └─┬ uid-safe@2.1.5
627 silly saveTree │ │ │   └── random-bytes@1.0.0
627 silly saveTree │ │ ├─┬ on-finished@2.3.0
627 silly saveTree │ │ │ └── ee-first@1.1.1
627 silly saveTree │ │ └─┬ type-is@1.6.18
627 silly saveTree │ │   └── media-typer@0.3.0
627 silly saveTree │ ├─┬ express@4.17.1
627 silly saveTree │ │ ├─┬ accepts@1.3.7
627 silly saveTree │ │ │ └── negotiator@0.6.2
627 silly saveTree │ │ ├── array-flatten@1.1.1
627 silly saveTree │ │ ├─┬ body-parser@1.19.0
627 silly saveTree │ │ │ ├── bytes@3.1.0
627 silly saveTree │ │ │ ├── content-type@1.0.4
627 silly saveTree │ │ │ ├─┬ debug@2.6.9
627 silly saveTree │ │ │ │ └── ms@2.0.0
627 silly saveTree │ │ │ ├─┬ http-errors@1.7.2
627 silly saveTree │ │ │ │ └── inherits@2.0.3
627 silly saveTree │ │ │ ├── iconv-lite@0.4.24
627 silly saveTree │ │ │ ├── qs@6.7.0
627 silly saveTree │ │ │ └─┬ raw-body@2.4.0
627 silly saveTree │ │ │   ├─┬ http-errors@1.7.2
627 silly saveTree │ │ │   │ └── inherits@2.0.3
627 silly saveTree │ │ │   └── unpipe@1.0.0
627 silly saveTree │ │ ├─┬ content-disposition@0.5.3
627 silly saveTree │ │ │ └── safe-buffer@5.1.2
627 silly saveTree │ │ ├── content-type@1.0.4
627 silly saveTree │ │ ├── cookie-signature@1.0.6
627 silly saveTree │ │ ├── cookie@0.4.0
627 silly saveTree │ │ ├── debug@2.6.9
627 silly saveTree │ │ ├── encodeurl@1.0.2
627 silly saveTree │ │ ├── escape-html@1.0.3
627 silly saveTree │ │ ├── etag@1.8.1
627 silly saveTree │ │ ├─┬ finalhandler@1.1.2
627 silly saveTree │ │ │ └── parseurl@1.3.3
627 silly saveTree │ │ ├── fresh@0.5.2
627 silly saveTree │ │ ├── merge-descriptors@1.0.1
627 silly saveTree │ │ ├── methods@1.1.2
627 silly saveTree │ │ ├── parseurl@1.3.3
627 silly saveTree │ │ ├── path-to-regexp@0.1.7
627 silly saveTree │ │ ├─┬ proxy-addr@2.0.7
627 silly saveTree │ │ │ ├── forwarded@0.2.0
627 silly saveTree │ │ │ └── ipaddr.js@1.9.1
627 silly saveTree │ │ ├── qs@6.7.0
627 silly saveTree │ │ ├── range-parser@1.2.1
627 silly saveTree │ │ ├── safe-buffer@5.1.2
627 silly saveTree │ │ ├─┬ send@0.17.1
627 silly saveTree │ │ │ ├── destroy@1.0.4
627 silly saveTree │ │ │ ├── mime@1.6.0
627 silly saveTree │ │ │ └── ms@2.1.1
627 silly saveTree │ │ ├── serve-static@1.14.1
627 silly saveTree │ │ ├── utils-merge@1.0.1
627 silly saveTree │ │ └── vary@1.1.2
627 silly saveTree │ ├── log@1.4.0
627 silly saveTree │ ├── optparse@1.0.4
627 silly saveTree │ └── scoped-http-client@0.11.0
627 silly saveTree └── siritoriApp@file:siritoriApp
628 verbose stack Error: ENOENT: no such file or directory, rename '/home/siritorihubot/node_modules/http-signature' -> '/home/siritorihubot/node_modules/.http-signature.DELETE'
629 verbose cwd /home/siritorihubot
630 verbose Linux 5.4.72-microsoft-standard-WSL2
631 verbose argv "/usr/local/bin/node" "/usr/local/bin/npm" "install"
632 verbose node v14.15.4
633 verbose npm  v6.14.10
634 error code ENOENT
635 error syscall rename
636 error path /home/siritorihubot/node_modules/http-signature
637 error dest /home/siritorihubot/node_modules/.http-signature.DELETE
638 error errno -2
639 error enoent ENOENT: no such file or directory, rename '/home/siritorihubot/node_modules/http-signature' -> '/home/siritorihubot/node_modules/.http-signature.DELETE'
640 error enoent This is related to npm not being able to find a file.
641 verbose exit [ -2, true ]
