0 info it worked if it ends with ok
1 verbose cli [ '/usr/local/bin/node', '/usr/local/bin/npm', 'install' ]
2 info using npm@6.14.10
3 info using node@v14.15.4
4 verbose config Skipping project config: /home/siritorihubot/.npmrc. (matches userconfig)
5 verbose npm-session c124d3d6de178fdd
6 silly install runPreinstallTopLevelLifecycles
7 silly preinstall siritorihubot@0.0.0
8 info lifecycle siritorihubot@0.0.0~preinstall: siritorihubot@0.0.0
9 silly install loadCurrentTree
10 silly install readLocalPackageData
11 timing stage:loadCurrentTree Completed in 497ms
12 silly install loadIdealTree
13 silly install cloneCurrentTreeToIdealTree
14 timing stage:loadIdealTree:cloneCurrentTree Completed in 2ms
15 silly install loadShrinkwrap
16 timing stage:loadIdealTree:loadShrinkwrap Completed in 110ms
17 silly install loadAllDepsIntoIdealTree
18 timing stage:loadIdealTree:loadAllDepsIntoIdealTree Completed in 140ms
19 timing stage:loadIdealTree Completed in 281ms
20 silly currentTree siritorihubot@0.0.0
20 silly currentTree ├─┬ @slack/client
20 silly currentTree │ └── async@1.5.2
20 silly currentTree ├── accepts@1.3.7
20 silly currentTree ├── agent-base@4.3.0
20 silly currentTree ├── ansi-regex@2.1.1
20 silly currentTree ├── ansi-styles@2.2.1
20 silly currentTree ├── array-flatten@1.1.1
20 silly currentTree ├── asn1@0.2.4
20 silly currentTree ├── assert-plus@1.0.0
20 silly currentTree ├── async@0.9.2
20 silly currentTree ├── asynckit@0.4.0
20 silly currentTree ├── aws-sign2@0.7.0
20 silly currentTree ├── aws4@1.11.0
20 silly currentTree ├── bcrypt-pbkdf@1.0.2
20 silly currentTree ├── bluebird@3.7.2
20 silly currentTree ├─┬ body-parser
20 silly currentTree │ ├── http-errors@1.7.2
20 silly currentTree │ ├── inherits@2.0.3
20 silly currentTree │ └── qs@6.7.0
20 silly currentTree ├── bytes@3.1.0
20 silly currentTree ├── caseless@0.12.0
20 silly currentTree ├── chalk@1.1.3
20 silly currentTree ├── cline@0.8.2
20 silly currentTree ├── coffeescript@1.6.3
20 silly currentTree ├── colors@1.0.3
20 silly currentTree ├── combined-stream@1.0.8
20 silly currentTree ├─┬ connect-multiparty@2.2.0
20 silly currentTree │ ├─┬ multiparty@4.2.2
20 silly currentTree │ │ └── http-errors@1.8.0
20 silly currentTree │ └── setprototypeof@1.2.0
20 silly currentTree ├─┬ content-disposition@0.5.3
20 silly currentTree │ └── safe-buffer@5.1.2
20 silly currentTree ├── content-type@1.0.4
20 silly currentTree ├── cookie-signature@1.0.6
20 silly currentTree ├── cookie@0.4.0
20 silly currentTree ├── core-util-is@1.0.2
20 silly currentTree ├── cycle@1.0.3
20 silly currentTree ├── dashdash@1.14.1
20 silly currentTree ├── debug@2.6.9
20 silly currentTree ├── delayed-stream@1.0.0
20 silly currentTree ├── depd@1.1.2
20 silly currentTree ├── destroy@1.0.4
20 silly currentTree ├── double-ended-queue@2.1.0-0
20 silly currentTree ├── ecc-jsbn@0.1.2
20 silly currentTree ├── ee-first@1.1.1
20 silly currentTree ├── encodeurl@1.0.2
20 silly currentTree ├── es6-promise@4.2.8
20 silly currentTree ├── es6-promisify@5.0.0
20 silly currentTree ├── escape-html@1.0.3
20 silly currentTree ├── escape-string-regexp@1.0.5
20 silly currentTree ├── etag@1.8.1
20 silly currentTree ├── eventemitter3@1.2.0
20 silly currentTree ├─┬ express
20 silly currentTree │ ├── qs@6.7.0
20 silly currentTree │ └── safe-buffer@5.1.2
20 silly currentTree ├── extend@3.0.2
20 silly currentTree ├── extsprintf@1.3.0
20 silly currentTree ├── eyes@0.1.8
20 silly currentTree ├── fast-deep-equal@3.1.3
20 silly currentTree ├── fast-json-stable-stringify@2.1.0
20 silly currentTree ├── forever-agent@0.6.1
20 silly currentTree ├── form-data@2.3.3
20 silly currentTree ├── forwarded@0.2.0
20 silly currentTree ├── fresh@0.5.2
20 silly currentTree ├── getpass@0.1.7
20 silly currentTree ├── har-schema@2.0.0
20 silly currentTree ├── has-ansi@2.0.0
20 silly currentTree ├── http-errors@1.7.3
20 silly currentTree ├── http-signature
20 silly currentTree ├─┬ https-proxy-agent@2.2.4
20 silly currentTree │ ├── debug@3.2.7
20 silly currentTree │ └── ms@2.1.3
20 silly currentTree ├── hubot
20 silly currentTree ├── hubot-diagnostics
20 silly currentTree ├── hubot-google-images
20 silly currentTree ├── hubot-google-translate
20 silly currentTree ├── hubot-help
20 silly currentTree ├── hubot-heroku-keepalive
20 silly currentTree ├── hubot-maps
20 silly currentTree ├── hubot-pugme
20 silly currentTree ├── hubot-redis-brain
20 silly currentTree ├── hubot-rules
20 silly currentTree ├─┬ hubot-scripts
20 silly currentTree │ └── redis@0.8.4
20 silly currentTree ├── hubot-shipit
20 silly currentTree ├── hubot-slack
20 silly currentTree ├── iconv-lite@0.4.24
20 silly currentTree ├── inherits@2.0.4
20 silly currentTree ├── ipaddr.js@1.9.1
20 silly currentTree ├── is-typedarray@1.0.0
20 silly currentTree ├── isstream@0.1.2
20 silly currentTree ├── jsbn@0.1.1
20 silly currentTree ├── json-schema-traverse@0.4.1
20 silly currentTree ├── json-schema@0.2.3
20 silly currentTree ├── json-stringify-safe@5.0.1
20 silly currentTree ├── lodash@4.17.21
20 silly currentTree ├── log@1.4.0
20 silly currentTree ├── media-typer@0.3.0
20 silly currentTree ├── merge-descriptors@1.0.1
20 silly currentTree ├── methods@1.1.2
20 silly currentTree ├── mime-db@1.49.0
20 silly currentTree ├── mime-types@2.1.32
20 silly currentTree ├── mime@1.6.0
20 silly currentTree ├── ms@2.0.0
20 silly currentTree ├── negotiator@0.6.2
20 silly currentTree ├── oauth-sign@0.9.0
20 silly currentTree ├── on-finished@2.3.0
20 silly currentTree ├── options@0.0.6
20 silly currentTree ├── optparse@1.0.4
20 silly currentTree ├── parseurl@1.3.3
20 silly currentTree ├── path-to-regexp@0.1.7
20 silly currentTree ├── performance-now@2.1.0
20 silly currentTree ├── pkginfo@0.4.1
20 silly currentTree ├── proxy-addr@2.0.7
20 silly currentTree ├── psl@1.8.0
20 silly currentTree ├── punycode@2.1.1
20 silly currentTree ├── qs@6.5.2
20 silly currentTree ├── random-bytes@1.0.0
20 silly currentTree ├── range-parser@1.2.1
20 silly currentTree ├─┬ raw-body
20 silly currentTree │ ├── http-errors@1.7.2
20 silly currentTree │ └── inherits@2.0.3
20 silly currentTree ├── redis-commands@1.7.0
20 silly currentTree ├── redis-parser@2.6.0
20 silly currentTree ├── redis@2.8.0
20 silly currentTree ├── request
20 silly currentTree ├── retry@0.9.0
20 silly currentTree ├── safe-buffer@5.2.1
20 silly currentTree ├── safer-buffer@2.1.2
20 silly currentTree ├── scoped-http-client@0.11.0
20 silly currentTree ├─┬ send@0.17.1
20 silly currentTree │ └── ms@2.1.1
20 silly currentTree ├── serve-static@1.14.1
20 silly currentTree ├── setprototypeof@1.1.1
20 silly currentTree ├── sshpk@1.16.1
20 silly currentTree ├── stack-trace@0.0.10
20 silly currentTree ├── statuses@1.5.0
20 silly currentTree ├── strip-ansi@3.0.1
20 silly currentTree ├── supports-color@2.0.0
20 silly currentTree ├── toidentifier@1.0.0
20 silly currentTree ├── tough-cookie@2.5.0
20 silly currentTree ├── tunnel-agent@0.6.0
20 silly currentTree ├── tweetnacl@0.14.5
20 silly currentTree ├── type-is@1.6.18
20 silly currentTree ├── uid-safe@2.1.5
20 silly currentTree ├── ultron@1.0.2
20 silly currentTree └── unpipe@1.0.0
21 silly idealTree siritorihubot@0.0.0
21 silly idealTree ├─┬ @slack/client@3.16.1-sec.2
21 silly idealTree │ └── async@1.5.2
21 silly idealTree ├── accepts@1.3.7
21 silly idealTree ├── agent-base@4.3.0
21 silly idealTree ├── ajv@6.12.6
21 silly idealTree ├── ansi-regex@2.1.1
21 silly idealTree ├── ansi-styles@2.2.1
21 silly idealTree ├── array-flatten@1.1.1
21 silly idealTree ├── asn1@0.2.4
21 silly idealTree ├── assert-plus@1.0.0
21 silly idealTree ├── async@0.9.2
21 silly idealTree ├── asynckit@0.4.0
21 silly idealTree ├── aws-sign2@0.7.0
21 silly idealTree ├── aws4@1.11.0
21 silly idealTree ├── bcrypt-pbkdf@1.0.2
21 silly idealTree ├── bluebird@3.7.2
21 silly idealTree ├─┬ body-parser@1.19.0
21 silly idealTree │ ├── http-errors@1.7.2
21 silly idealTree │ ├── inherits@2.0.3
21 silly idealTree │ └── qs@6.7.0
21 silly idealTree ├── bytes@3.1.0
21 silly idealTree ├── caseless@0.12.0
21 silly idealTree ├── chalk@1.1.3
21 silly idealTree ├── cline@0.8.2
21 silly idealTree ├── coffeescript@1.6.3
21 silly idealTree ├── colors@1.0.3
21 silly idealTree ├── combined-stream@1.0.8
21 silly idealTree ├─┬ connect-multiparty@2.2.0
21 silly idealTree │ ├─┬ multiparty@4.2.2
21 silly idealTree │ │ └── http-errors@1.8.0
21 silly idealTree │ └── setprototypeof@1.2.0
21 silly idealTree ├─┬ content-disposition@0.5.3
21 silly idealTree │ └── safe-buffer@5.1.2
21 silly idealTree ├── content-type@1.0.4
21 silly idealTree ├── cookie-signature@1.0.6
21 silly idealTree ├── cookie@0.4.0
21 silly idealTree ├── core-util-is@1.0.2
21 silly idealTree ├── cycle@1.0.3
21 silly idealTree ├── dashdash@1.14.1
21 silly idealTree ├── debug@2.6.9
21 silly idealTree ├── delayed-stream@1.0.0
21 silly idealTree ├── depd@1.1.2
21 silly idealTree ├── destroy@1.0.4
21 silly idealTree ├── double-ended-queue@2.1.0-0
21 silly idealTree ├── ecc-jsbn@0.1.2
21 silly idealTree ├── ee-first@1.1.1
21 silly idealTree ├── encodeurl@1.0.2
21 silly idealTree ├── es6-promise@4.2.8
21 silly idealTree ├── es6-promisify@5.0.0
21 silly idealTree ├── escape-html@1.0.3
21 silly idealTree ├── escape-string-regexp@1.0.5
21 silly idealTree ├── etag@1.8.1
21 silly idealTree ├── eventemitter3@1.2.0
21 silly idealTree ├─┬ express@4.17.1
21 silly idealTree │ ├── qs@6.7.0
21 silly idealTree │ └── safe-buffer@5.1.2
21 silly idealTree ├── extend@3.0.2
21 silly idealTree ├── extsprintf@1.3.0
21 silly idealTree ├── eyes@0.1.8
21 silly idealTree ├── fast-deep-equal@3.1.3
21 silly idealTree ├── fast-json-stable-stringify@2.1.0
21 silly idealTree ├── finalhandler@1.1.2
21 silly idealTree ├── forever-agent@0.6.1
21 silly idealTree ├── form-data@2.3.3
21 silly idealTree ├── forwarded@0.2.0
21 silly idealTree ├── fresh@0.5.2
21 silly idealTree ├── getpass@0.1.7
21 silly idealTree ├── har-schema@2.0.0
21 silly idealTree ├── har-validator@5.1.5
21 silly idealTree ├── has-ansi@2.0.0
21 silly idealTree ├── http-errors@1.7.3
21 silly idealTree ├── http-signature@1.2.0
21 silly idealTree ├─┬ https-proxy-agent@2.2.4
21 silly idealTree │ ├── debug@3.2.7
21 silly idealTree │ └── ms@2.1.3
21 silly idealTree ├── hubot-diagnostics@1.0.0
21 silly idealTree ├── hubot-google-images@0.2.7
21 silly idealTree ├── hubot-google-translate@0.2.1
21 silly idealTree ├── hubot-help@1.0.1
21 silly idealTree ├── hubot-heroku-keepalive@1.0.3
21 silly idealTree ├── hubot-maps@0.0.3
21 silly idealTree ├── hubot-pugme@0.1.1
21 silly idealTree ├── hubot-redis-brain@1.0.0
21 silly idealTree ├── hubot-rules@1.0.0
21 silly idealTree ├─┬ hubot-scripts@2.17.2
21 silly idealTree │ └── redis@0.8.4
21 silly idealTree ├── hubot-shipit@0.2.1
21 silly idealTree ├── hubot-slack@4.9.0
21 silly idealTree ├── hubot@3.3.2
21 silly idealTree ├── iconv-lite@0.4.24
21 silly idealTree ├── inherits@2.0.4
21 silly idealTree ├── ipaddr.js@1.9.1
21 silly idealTree ├── is-typedarray@1.0.0
21 silly idealTree ├── isstream@0.1.2
21 silly idealTree ├── jsbn@0.1.1
21 silly idealTree ├── json-schema-traverse@0.4.1
21 silly idealTree ├── json-schema@0.2.3
21 silly idealTree ├── json-stringify-safe@5.0.1
21 silly idealTree ├── jsprim@1.4.1
21 silly idealTree ├── lodash@4.17.21
21 silly idealTree ├── log@1.4.0
21 silly idealTree ├── media-typer@0.3.0
21 silly idealTree ├── merge-descriptors@1.0.1
21 silly idealTree ├── methods@1.1.2
21 silly idealTree ├── mime-db@1.49.0
21 silly idealTree ├── mime-types@2.1.32
21 silly idealTree ├── mime@1.6.0
21 silly idealTree ├── ms@2.0.0
21 silly idealTree ├── negotiator@0.6.2
21 silly idealTree ├── oauth-sign@0.9.0
21 silly idealTree ├── on-finished@2.3.0
21 silly idealTree ├── options@0.0.6
21 silly idealTree ├── optparse@1.0.4
21 silly idealTree ├── parseurl@1.3.3
21 silly idealTree ├── path-to-regexp@0.1.7
21 silly idealTree ├── performance-now@2.1.0
21 silly idealTree ├── pkginfo@0.4.1
21 silly idealTree ├── proxy-addr@2.0.7
21 silly idealTree ├── psl@1.8.0
21 silly idealTree ├── punycode@2.1.1
21 silly idealTree ├── qs@6.5.2
21 silly idealTree ├── random-bytes@1.0.0
21 silly idealTree ├── range-parser@1.2.1
21 silly idealTree ├─┬ raw-body@2.4.0
21 silly idealTree │ ├── http-errors@1.7.2
21 silly idealTree │ └── inherits@2.0.3
21 silly idealTree ├── redis-commands@1.7.0
21 silly idealTree ├── redis-parser@2.6.0
21 silly idealTree ├── redis@2.8.0
21 silly idealTree ├── request@2.88.2
21 silly idealTree ├── retry@0.9.0
21 silly idealTree ├── safe-buffer@5.2.1
21 silly idealTree ├── safer-buffer@2.1.2
21 silly idealTree ├── scoped-http-client@0.11.0
21 silly idealTree ├─┬ send@0.17.1
21 silly idealTree │ └── ms@2.1.1
21 silly idealTree ├── serve-static@1.14.1
21 silly idealTree ├── setprototypeof@1.1.1
21 silly idealTree ├── siritoriApp@file:siritoriApp
21 silly idealTree ├── sshpk@1.16.1
21 silly idealTree ├── stack-trace@0.0.10
21 silly idealTree ├── statuses@1.5.0
21 silly idealTree ├── strip-ansi@3.0.1
21 silly idealTree ├── supports-color@2.0.0
21 silly idealTree ├── toidentifier@1.0.0
21 silly idealTree ├── tough-cookie@2.5.0
21 silly idealTree ├── tunnel-agent@0.6.0
21 silly idealTree ├── tweetnacl@0.14.5
21 silly idealTree ├── type-is@1.6.18
21 silly idealTree ├── uid-safe@2.1.5
21 silly idealTree ├── ultron@1.0.2
21 silly idealTree ├── unpipe@1.0.0
21 silly idealTree ├── uri-js@4.4.1
21 silly idealTree ├── url-join@0.0.1
21 silly idealTree ├── utils-merge@1.0.1
21 silly idealTree ├── uuid@3.4.0
21 silly idealTree ├── vary@1.1.2
21 silly idealTree ├── verror@1.10.0
21 silly idealTree ├─┬ winston@2.4.5
21 silly idealTree │ └── async@1.0.0
21 silly idealTree └── ws@1.1.5
22 silly install generateActionsToTake
23 timing stage:generateActionsToTake Completed in 81ms
24 silly diffTrees action count 33
25 silly diffTrees add finalhandler@1.1.2
26 silly diffTrees update raw-body@2.4.0
27 silly diffTrees update body-parser@1.19.0
28 silly diffTrees add uri-js@4.4.1
29 silly diffTrees add ajv@6.12.6
30 silly diffTrees add har-validator@5.1.5
31 silly diffTrees add url-join@0.0.1
32 silly diffTrees add utils-merge@1.0.1
33 silly diffTrees add uuid@3.4.0
34 silly diffTrees add vary@1.1.2
35 silly diffTrees update express@4.17.1
36 silly diffTrees add verror@1.10.0
37 silly diffTrees add jsprim@1.4.1
38 silly diffTrees update http-signature@1.2.0
39 silly diffTrees update request@2.88.2
40 silly diffTrees add async@1.0.0
41 silly diffTrees add winston@2.4.5
42 silly diffTrees add ws@1.1.5
43 silly diffTrees update @slack/client@3.16.1-sec.2
44 silly diffTrees update hubot@3.3.2
45 silly diffTrees update hubot-diagnostics@1.0.0
46 silly diffTrees update hubot-google-images@0.2.7
47 silly diffTrees update hubot-google-translate@0.2.1
48 silly diffTrees update hubot-help@1.0.1
49 silly diffTrees update hubot-heroku-keepalive@1.0.3
50 silly diffTrees update hubot-maps@0.0.3
51 silly diffTrees update hubot-pugme@0.1.1
52 silly diffTrees update hubot-redis-brain@1.0.0
53 silly diffTrees update hubot-rules@1.0.0
54 silly diffTrees update hubot-scripts@2.17.2
55 silly diffTrees update hubot-shipit@0.2.1
56 silly diffTrees update hubot-slack@4.9.0
57 silly diffTrees add siritoriApp@file:siritoriApp
58 silly decomposeActions action count 300
59 silly decomposeActions fetch finalhandler@1.1.2
60 silly decomposeActions extract finalhandler@1.1.2
61 silly decomposeActions preinstall finalhandler@1.1.2
62 silly decomposeActions build finalhandler@1.1.2
63 silly decomposeActions install finalhandler@1.1.2
64 silly decomposeActions postinstall finalhandler@1.1.2
65 silly decomposeActions finalize finalhandler@1.1.2
66 silly decomposeActions refresh-package-json finalhandler@1.1.2
67 silly decomposeActions unbuild raw-body
68 silly decomposeActions remove raw-body
69 silly decomposeActions fetch raw-body@2.4.0
70 silly decomposeActions extract raw-body@2.4.0
71 silly decomposeActions preinstall raw-body@2.4.0
72 silly decomposeActions build raw-body@2.4.0
73 silly decomposeActions install raw-body@2.4.0
74 silly decomposeActions postinstall raw-body@2.4.0
75 silly decomposeActions finalize raw-body@2.4.0
76 silly decomposeActions refresh-package-json raw-body@2.4.0
77 silly decomposeActions unbuild body-parser
78 silly decomposeActions remove body-parser
79 silly decomposeActions fetch body-parser@1.19.0
80 silly decomposeActions extract body-parser@1.19.0
81 silly decomposeActions preinstall body-parser@1.19.0
82 silly decomposeActions build body-parser@1.19.0
83 silly decomposeActions install body-parser@1.19.0
84 silly decomposeActions postinstall body-parser@1.19.0
85 silly decomposeActions finalize body-parser@1.19.0
86 silly decomposeActions refresh-package-json body-parser@1.19.0
87 silly decomposeActions fetch uri-js@4.4.1
88 silly decomposeActions extract uri-js@4.4.1
89 silly decomposeActions preinstall uri-js@4.4.1
90 silly decomposeActions build uri-js@4.4.1
91 silly decomposeActions install uri-js@4.4.1
92 silly decomposeActions postinstall uri-js@4.4.1
93 silly decomposeActions finalize uri-js@4.4.1
94 silly decomposeActions refresh-package-json uri-js@4.4.1
95 silly decomposeActions fetch ajv@6.12.6
96 silly decomposeActions extract ajv@6.12.6
97 silly decomposeActions preinstall ajv@6.12.6
98 silly decomposeActions build ajv@6.12.6
99 silly decomposeActions install ajv@6.12.6
100 silly decomposeActions postinstall ajv@6.12.6
101 silly decomposeActions finalize ajv@6.12.6
102 silly decomposeActions refresh-package-json ajv@6.12.6
103 silly decomposeActions fetch har-validator@5.1.5
104 silly decomposeActions extract har-validator@5.1.5
105 silly decomposeActions preinstall har-validator@5.1.5
106 silly decomposeActions build har-validator@5.1.5
107 silly decomposeActions install har-validator@5.1.5
108 silly decomposeActions postinstall har-validator@5.1.5
109 silly decomposeActions finalize har-validator@5.1.5
110 silly decomposeActions refresh-package-json har-validator@5.1.5
111 silly decomposeActions fetch url-join@0.0.1
112 silly decomposeActions extract url-join@0.0.1
113 silly decomposeActions preinstall url-join@0.0.1
114 silly decomposeActions build url-join@0.0.1
115 silly decomposeActions install url-join@0.0.1
116 silly decomposeActions postinstall url-join@0.0.1
117 silly decomposeActions finalize url-join@0.0.1
118 silly decomposeActions refresh-package-json url-join@0.0.1
119 silly decomposeActions fetch utils-merge@1.0.1
120 silly decomposeActions extract utils-merge@1.0.1
121 silly decomposeActions preinstall utils-merge@1.0.1
122 silly decomposeActions build utils-merge@1.0.1
123 silly decomposeActions install utils-merge@1.0.1
124 silly decomposeActions postinstall utils-merge@1.0.1
125 silly decomposeActions finalize utils-merge@1.0.1
126 silly decomposeActions refresh-package-json utils-merge@1.0.1
127 silly decomposeActions fetch uuid@3.4.0
128 silly decomposeActions extract uuid@3.4.0
129 silly decomposeActions preinstall uuid@3.4.0
130 silly decomposeActions build uuid@3.4.0
131 silly decomposeActions install uuid@3.4.0
132 silly decomposeActions postinstall uuid@3.4.0
133 silly decomposeActions finalize uuid@3.4.0
134 silly decomposeActions refresh-package-json uuid@3.4.0
135 silly decomposeActions fetch vary@1.1.2
136 silly decomposeActions extract vary@1.1.2
137 silly decomposeActions preinstall vary@1.1.2
138 silly decomposeActions build vary@1.1.2
139 silly decomposeActions install vary@1.1.2
140 silly decomposeActions postinstall vary@1.1.2
141 silly decomposeActions finalize vary@1.1.2
142 silly decomposeActions refresh-package-json vary@1.1.2
143 silly decomposeActions unbuild express
144 silly decomposeActions remove express
145 silly decomposeActions fetch express@4.17.1
146 silly decomposeActions extract express@4.17.1
147 silly decomposeActions preinstall express@4.17.1
148 silly decomposeActions build express@4.17.1
149 silly decomposeActions install express@4.17.1
150 silly decomposeActions postinstall express@4.17.1
151 silly decomposeActions finalize express@4.17.1
152 silly decomposeActions refresh-package-json express@4.17.1
153 silly decomposeActions fetch verror@1.10.0
154 silly decomposeActions extract verror@1.10.0
155 silly decomposeActions preinstall verror@1.10.0
156 silly decomposeActions build verror@1.10.0
157 silly decomposeActions install verror@1.10.0
158 silly decomposeActions postinstall verror@1.10.0
159 silly decomposeActions finalize verror@1.10.0
160 silly decomposeActions refresh-package-json verror@1.10.0
161 silly decomposeActions fetch jsprim@1.4.1
162 silly decomposeActions extract jsprim@1.4.1
163 silly decomposeActions preinstall jsprim@1.4.1
164 silly decomposeActions build jsprim@1.4.1
165 silly decomposeActions install jsprim@1.4.1
166 silly decomposeActions postinstall jsprim@1.4.1
167 silly decomposeActions finalize jsprim@1.4.1
168 silly decomposeActions refresh-package-json jsprim@1.4.1
169 silly decomposeActions unbuild http-signature
170 silly decomposeActions remove http-signature
171 silly decomposeActions fetch http-signature@1.2.0
172 silly decomposeActions extract http-signature@1.2.0
173 silly decomposeActions preinstall http-signature@1.2.0
174 silly decomposeActions build http-signature@1.2.0
175 silly decomposeActions install http-signature@1.2.0
176 silly decomposeActions postinstall http-signature@1.2.0
177 silly decomposeActions finalize http-signature@1.2.0
178 silly decomposeActions refresh-package-json http-signature@1.2.0
179 silly decomposeActions unbuild request
180 silly decomposeActions remove request
181 silly decomposeActions fetch request@2.88.2
182 silly decomposeActions extract request@2.88.2
183 silly decomposeActions preinstall request@2.88.2
184 silly decomposeActions build request@2.88.2
185 silly decomposeActions install request@2.88.2
186 silly decomposeActions postinstall request@2.88.2
187 silly decomposeActions finalize request@2.88.2
188 silly decomposeActions refresh-package-json request@2.88.2
189 silly decomposeActions fetch async@1.0.0
190 silly decomposeActions extract async@1.0.0
191 silly decomposeActions preinstall async@1.0.0
192 silly decomposeActions build async@1.0.0
193 silly decomposeActions install async@1.0.0
194 silly decomposeActions postinstall async@1.0.0
195 silly decomposeActions finalize async@1.0.0
196 silly decomposeActions refresh-package-json async@1.0.0
197 silly decomposeActions fetch winston@2.4.5
198 silly decomposeActions extract winston@2.4.5
199 silly decomposeActions preinstall winston@2.4.5
200 silly decomposeActions build winston@2.4.5
201 silly decomposeActions install winston@2.4.5
202 silly decomposeActions postinstall winston@2.4.5
203 silly decomposeActions finalize winston@2.4.5
204 silly decomposeActions refresh-package-json winston@2.4.5
205 silly decomposeActions fetch ws@1.1.5
206 silly decomposeActions extract ws@1.1.5
207 silly decomposeActions preinstall ws@1.1.5
208 silly decomposeActions build ws@1.1.5
209 silly decomposeActions install ws@1.1.5
210 silly decomposeActions postinstall ws@1.1.5
211 silly decomposeActions finalize ws@1.1.5
212 silly decomposeActions refresh-package-json ws@1.1.5
213 silly decomposeActions unbuild @slack/client
214 silly decomposeActions remove @slack/client
215 silly decomposeActions fetch @slack/client@3.16.1-sec.2
216 silly decomposeActions extract @slack/client@3.16.1-sec.2
217 silly decomposeActions preinstall @slack/client@3.16.1-sec.2
218 silly decomposeActions build @slack/client@3.16.1-sec.2
219 silly decomposeActions install @slack/client@3.16.1-sec.2
220 silly decomposeActions postinstall @slack/client@3.16.1-sec.2
221 silly decomposeActions finalize @slack/client@3.16.1-sec.2
222 silly decomposeActions refresh-package-json @slack/client@3.16.1-sec.2
223 silly decomposeActions unbuild hubot
224 silly decomposeActions remove hubot
225 silly decomposeActions fetch hubot@3.3.2
226 silly decomposeActions extract hubot@3.3.2
227 silly decomposeActions preinstall hubot@3.3.2
228 silly decomposeActions build hubot@3.3.2
229 silly decomposeActions install hubot@3.3.2
230 silly decomposeActions postinstall hubot@3.3.2
231 silly decomposeActions finalize hubot@3.3.2
232 silly decomposeActions refresh-package-json hubot@3.3.2
233 silly decomposeActions unbuild hubot-diagnostics
234 silly decomposeActions remove hubot-diagnostics
235 silly decomposeActions fetch hubot-diagnostics@1.0.0
236 silly decomposeActions extract hubot-diagnostics@1.0.0
237 silly decomposeActions preinstall hubot-diagnostics@1.0.0
238 silly decomposeActions build hubot-diagnostics@1.0.0
239 silly decomposeActions install hubot-diagnostics@1.0.0
240 silly decomposeActions postinstall hubot-diagnostics@1.0.0
241 silly decomposeActions finalize hubot-diagnostics@1.0.0
242 silly decomposeActions refresh-package-json hubot-diagnostics@1.0.0
243 silly decomposeActions unbuild hubot-google-images
244 silly decomposeActions remove hubot-google-images
245 silly decomposeActions fetch hubot-google-images@0.2.7
246 silly decomposeActions extract hubot-google-images@0.2.7
247 silly decomposeActions preinstall hubot-google-images@0.2.7
248 silly decomposeActions build hubot-google-images@0.2.7
249 silly decomposeActions install hubot-google-images@0.2.7
250 silly decomposeActions postinstall hubot-google-images@0.2.7
251 silly decomposeActions finalize hubot-google-images@0.2.7
252 silly decomposeActions refresh-package-json hubot-google-images@0.2.7
253 silly decomposeActions unbuild hubot-google-translate
254 silly decomposeActions remove hubot-google-translate
255 silly decomposeActions fetch hubot-google-translate@0.2.1
256 silly decomposeActions extract hubot-google-translate@0.2.1
257 silly decomposeActions preinstall hubot-google-translate@0.2.1
258 silly decomposeActions build hubot-google-translate@0.2.1
259 silly decomposeActions install hubot-google-translate@0.2.1
260 silly decomposeActions postinstall hubot-google-translate@0.2.1
261 silly decomposeActions finalize hubot-google-translate@0.2.1
262 silly decomposeActions refresh-package-json hubot-google-translate@0.2.1
263 silly decomposeActions unbuild hubot-help
264 silly decomposeActions remove hubot-help
265 silly decomposeActions fetch hubot-help@1.0.1
266 silly decomposeActions extract hubot-help@1.0.1
267 silly decomposeActions preinstall hubot-help@1.0.1
268 silly decomposeActions build hubot-help@1.0.1
269 silly decomposeActions install hubot-help@1.0.1
270 silly decomposeActions postinstall hubot-help@1.0.1
271 silly decomposeActions finalize hubot-help@1.0.1
272 silly decomposeActions refresh-package-json hubot-help@1.0.1
273 silly decomposeActions unbuild hubot-heroku-keepalive
274 silly decomposeActions remove hubot-heroku-keepalive
275 silly decomposeActions fetch hubot-heroku-keepalive@1.0.3
276 silly decomposeActions extract hubot-heroku-keepalive@1.0.3
277 silly decomposeActions preinstall hubot-heroku-keepalive@1.0.3
278 silly decomposeActions build hubot-heroku-keepalive@1.0.3
279 silly decomposeActions install hubot-heroku-keepalive@1.0.3
280 silly decomposeActions postinstall hubot-heroku-keepalive@1.0.3
281 silly decomposeActions finalize hubot-heroku-keepalive@1.0.3
282 silly decomposeActions refresh-package-json hubot-heroku-keepalive@1.0.3
283 silly decomposeActions unbuild hubot-maps
284 silly decomposeActions remove hubot-maps
285 silly decomposeActions fetch hubot-maps@0.0.3
286 silly decomposeActions extract hubot-maps@0.0.3
287 silly decomposeActions preinstall hubot-maps@0.0.3
288 silly decomposeActions build hubot-maps@0.0.3
289 silly decomposeActions install hubot-maps@0.0.3
290 silly decomposeActions postinstall hubot-maps@0.0.3
291 silly decomposeActions finalize hubot-maps@0.0.3
292 silly decomposeActions refresh-package-json hubot-maps@0.0.3
293 silly decomposeActions unbuild hubot-pugme
294 silly decomposeActions remove hubot-pugme
295 silly decomposeActions fetch hubot-pugme@0.1.1
296 silly decomposeActions extract hubot-pugme@0.1.1
297 silly decomposeActions preinstall hubot-pugme@0.1.1
298 silly decomposeActions build hubot-pugme@0.1.1
299 silly decomposeActions install hubot-pugme@0.1.1
300 silly decomposeActions postinstall hubot-pugme@0.1.1
301 silly decomposeActions finalize hubot-pugme@0.1.1
302 silly decomposeActions refresh-package-json hubot-pugme@0.1.1
303 silly decomposeActions unbuild hubot-redis-brain
304 silly decomposeActions remove hubot-redis-brain
305 silly decomposeActions fetch hubot-redis-brain@1.0.0
306 silly decomposeActions extract hubot-redis-brain@1.0.0
307 silly decomposeActions preinstall hubot-redis-brain@1.0.0
308 silly decomposeActions build hubot-redis-brain@1.0.0
309 silly decomposeActions install hubot-redis-brain@1.0.0
310 silly decomposeActions postinstall hubot-redis-brain@1.0.0
311 silly decomposeActions finalize hubot-redis-brain@1.0.0
312 silly decomposeActions refresh-package-json hubot-redis-brain@1.0.0
313 silly decomposeActions unbuild hubot-rules
314 silly decomposeActions remove hubot-rules
315 silly decomposeActions fetch hubot-rules@1.0.0
316 silly decomposeActions extract hubot-rules@1.0.0
317 silly decomposeActions preinstall hubot-rules@1.0.0
318 silly decomposeActions build hubot-rules@1.0.0
319 silly decomposeActions install hubot-rules@1.0.0
320 silly decomposeActions postinstall hubot-rules@1.0.0
321 silly decomposeActions finalize hubot-rules@1.0.0
322 silly decomposeActions refresh-package-json hubot-rules@1.0.0
323 silly decomposeActions unbuild hubot-scripts
324 silly decomposeActions remove hubot-scripts
325 silly decomposeActions fetch hubot-scripts@2.17.2
326 silly decomposeActions extract hubot-scripts@2.17.2
327 silly decomposeActions preinstall hubot-scripts@2.17.2
328 silly decomposeActions build hubot-scripts@2.17.2
329 silly decomposeActions install hubot-scripts@2.17.2
330 silly decomposeActions postinstall hubot-scripts@2.17.2
331 silly decomposeActions finalize hubot-scripts@2.17.2
332 silly decomposeActions refresh-package-json hubot-scripts@2.17.2
333 silly decomposeActions unbuild hubot-shipit
334 silly decomposeActions remove hubot-shipit
335 silly decomposeActions fetch hubot-shipit@0.2.1
336 silly decomposeActions extract hubot-shipit@0.2.1
337 silly decomposeActions preinstall hubot-shipit@0.2.1
338 silly decomposeActions build hubot-shipit@0.2.1
339 silly decomposeActions install hubot-shipit@0.2.1
340 silly decomposeActions postinstall hubot-shipit@0.2.1
341 silly decomposeActions finalize hubot-shipit@0.2.1
342 silly decomposeActions refresh-package-json hubot-shipit@0.2.1
343 silly decomposeActions unbuild hubot-slack
344 silly decomposeActions remove hubot-slack
345 silly decomposeActions fetch hubot-slack@4.9.0
346 silly decomposeActions extract hubot-slack@4.9.0
347 silly decomposeActions preinstall hubot-slack@4.9.0
348 silly decomposeActions build hubot-slack@4.9.0
349 silly decomposeActions install hubot-slack@4.9.0
350 silly decomposeActions postinstall hubot-slack@4.9.0
351 silly decomposeActions finalize hubot-slack@4.9.0
352 silly decomposeActions refresh-package-json hubot-slack@4.9.0
353 silly decomposeActions preinstall siritoriApp@file:siritoriApp
354 silly decomposeActions build siritoriApp@file:siritoriApp
355 silly decomposeActions install siritoriApp@file:siritoriApp
356 silly decomposeActions postinstall siritoriApp@file:siritoriApp
357 silly decomposeActions finalize siritoriApp@file:siritoriApp
358 silly decomposeActions refresh-package-json siritoriApp@file:siritoriApp
359 silly install executeActions
360 silly doSerial global-install 300
361 verbose correctMkdir /home/siritorihubot/.npm/_locks correctMkdir not in flight; initializing
362 verbose lock using /home/siritorihubot/.npm/_locks/staging-84e12cf60e694cfb.lock for /home/siritorihubot/node_modules/.staging
363 silly doParallel extract 32
364 silly extract finalhandler@1.1.2
365 silly extract raw-body@2.4.0
366 silly extract body-parser@1.19.0
367 silly extract uri-js@4.4.1
368 silly extract ajv@6.12.6
369 silly extract har-validator@5.1.5
370 silly extract url-join@0.0.1
371 silly extract utils-merge@1.0.1
372 silly extract uuid@3.4.0
373 silly extract vary@1.1.2
374 silly extract express@4.17.1
375 silly extract verror@1.10.0
376 silly extract jsprim@1.4.1
377 silly extract http-signature@1.2.0
378 silly extract request@2.88.2
379 silly extract async@1.0.0
380 silly extract winston@2.4.5
381 silly extract ws@1.1.5
382 silly extract @slack/client@3.16.1-sec.2
383 silly extract hubot@3.3.2
384 silly extract hubot-diagnostics@1.0.0
385 silly extract hubot-google-images@0.2.7
386 silly extract hubot-google-translate@0.2.1
387 silly extract hubot-help@1.0.1
388 silly extract hubot-heroku-keepalive@1.0.3
389 silly extract hubot-maps@0.0.3
390 silly extract hubot-pugme@0.1.1
391 silly extract hubot-redis-brain@1.0.0
392 silly extract hubot-rules@1.0.0
393 silly extract hubot-scripts@2.17.2
394 silly extract hubot-shipit@0.2.1
395 silly extract hubot-slack@4.9.0
396 silly tarball trying body-parser@1.19.0 by hash: sha512-dhEPs72UPbDnAQJ9ZKMNTP6ptJaionhP5cBb541nXPlW60Jepo9RV/a4fX4XWW9CuFNK22krhrj1+rgzifNCsw==
397 silly tarball trying hubot-slack@4.9.0 by hash: sha512-liNHxyii/XZe2ypXP8IEPas5paJwVVRVZYMcVy3cHlIYzRaY+99ayBptEI+KWfqzhzxnLGV2aGjHUjolBsl0iA==
398 silly tarball trying uri-js@4.4.1 by hash: sha512-7rKUyy33Q1yc98pQ1DAmLtwX109F7TIfWlW1Ydo8Wl1ii1SeHieeh0HHfPeL2fMXK6z0s8ecKs9frCuLJvndBg==
399 silly tarball trying raw-body@2.4.0 by hash: sha512-4Oz8DUIwdvoa5qMJelxipzi/iJIi40O5cGV1wNYp5hvZP8ZN0T+jiNkL0QepXs+EsQ9XJ8ipEDoiH70ySUJP3Q==
400 silly tarball trying finalhandler@1.1.2 by hash: sha512-aAWcW57uxVNrQZqFXjITpW3sIUQmHGG3qSb9mUah9MgMC4NeWhNOlNjXEYq3HjRAvL6arUviZGGJsBg6z0zsWA==
401 silly tarball trying ajv@6.12.6 by hash: sha512-j3fVLgvTo527anyYyJOGTYJbG+vnnQYvE0m5mmkc1TK+nxAppkCLMIL0aZ4dblVCNoGShhm+kzE4ZUykBoMg4g==
402 silly tarball trying har-validator@5.1.5 by hash: sha512-nmT2T0lljbxdQZfspsno9hgrG3Uir6Ks5afism62poxqBM6sDnMEuPmzTq8XN0OEwqKLLdh1jQI3qyE66Nzb3w==
403 silly tarball trying utils-merge@1.0.1 by hash: sha1-n5VxD1CiZ5R7LMwSR0HBAoQn5xM=
404 silly tarball trying url-join@0.0.1 by hash: sha1-HbSK1CLTQCRpqH99l73r/k+x48g=
405 silly tarball trying uuid@3.4.0 by hash: sha512-HjSDRw6gZE5JMggctHBcjVak08+KEVhSIiDzFnT9S9aegmp85S/bReBVTb4QTFaRNptJ9kuYaNhnbNEOkbKb/A==
406 silly tarball trying express@4.17.1 by hash: sha512-mHJ9O79RqluphRrcw2X/GTh3k9tVv8YcoyY4Kkh4WDMUYKRZUq0h1o0w2rrrxBqM7VoeUVqgb27xlEMXTnYt4g==
407 silly tarball trying verror@1.10.0 by hash: sha1-OhBcoXBTr1XW4nDB+CiGguGNpAA=
408 silly tarball trying vary@1.1.2 by hash: sha1-IpnwLG3tMNSllhsLn3RSShj2NPw=
409 silly tarball trying jsprim@1.4.1 by hash: sha1-MT5mvB5cwG5Di8G3SZwuXFastqI=
410 silly tarball trying async@1.0.0 by hash: sha1-+PwEyjoTeErenhZBr5hXjPvWR6k=
411 silly tarball trying http-signature@1.2.0 by hash: sha1-muzZJRFHcvPZW2WmCruPfBj7rOE=
412 silly tarball trying winston@2.4.5 by hash: sha512-TWoamHt5yYvsMarGlGEQE59SbJHqGsZV8/lwC+iCcGeAe0vUaOh+Lv6SYM17ouzC/a/LB1/hz/7sxFBtlu1l4A==
413 silly tarball trying request@2.88.2 by hash: sha512-MsvtOrfG9ZcrOwAW+Qi+F6HbD0CWXEh9ou77uOb7FM2WPhwT7smM833PzanhJLsgXjN89Ir6V2PczXNnMpwKhw==
414 silly tarball trying @slack/client@3.16.1-sec.2 by hash: sha512-FAERJJAurczrvgShW+9V95NdVYgf8FdIexUqfBgNuToRrLRDRcWNf0nGyfKAvl2RH1ncppzJp3iXgMNJFnJXhQ==
415 silly tarball trying ws@1.1.5 by hash: sha512-o3KqipXNUdS7wpQzBHSe180lBGO60SoK0yVo3CYJgb2MkobuWuBX6dhkYP5ORCLd55y+SaflMOV5fqAB53ux4w==
416 silly tarball trying hubot@3.3.2 by hash: sha512-+8h/s+t5GirjuDW5K1QjTGBGzOU8ksEi51HeLdFghYOWj40x6ndhAU3C6SRPk/7yHj6luVPuVi/Y8s0P+lqM9Q==
417 silly tarball trying hubot-google-translate@0.2.1 by hash: sha1-P0lsfywgmU1ZS0t1GDiY4rYnu34=
418 silly tarball trying hubot-diagnostics@1.0.0 by hash: sha512-4kuR04lULoDDra/Z7B/rgMQMZW531Ve5hwhd8xNOKAl8e1cb5bZNqVpGFYF174eYcN54+RZuWQFHsntjvczyag==
419 silly tarball trying hubot-help@1.0.1 by hash: sha512-1gL7ywROwQG6Grom68Bhi8O7YHn/qEkg3tGgap+tFejZGxVnFyJ/LcStBScW/zUj4yf0GlDaExR/vsaTjzBRsA==
420 silly tarball trying hubot-google-images@0.2.7 by hash: sha1-qKH5CU12gwvxkxdwiI+rDcDBGk0=
421 silly tarball trying hubot-heroku-keepalive@1.0.3 by hash: sha1-KVDigJXuSmrOK3b5DiqRupHmgTw=
422 silly tarball trying hubot-redis-brain@1.0.0 by hash: sha512-F3udeIfYZ+49ezeWKQgcI41PblsyRnHvAWrqjJV/HGApPCxX1P0cPiNna3B/ml6V5EOOZLsVeelukwtxDhh09A==
423 silly tarball trying hubot-pugme@0.1.1 by hash: sha1-u/O5k4MVFsgU9WnPDwUxP7mjFFg=
424 silly tarball trying hubot-maps@0.0.3 by hash: sha1-yPxbA0h1TmJhbVuZsr85BMXuWDw=
425 silly tarball trying hubot-scripts@2.17.2 by hash: sha1-mwjpB9XPq6cteDIEBnp4zp3zriQ=
426 silly tarball trying hubot-shipit@0.2.1 by hash: sha1-T7yeFhlTv3kB/cNuKnAsExA/FrI=
427 silly tarball trying hubot-rules@1.0.0 by hash: sha512-IXeTYp6aK25Hgio8ezYr9vruLt1dICL9+kImaXefbfanSjNiNDvltNZfwANqeBx4Zm92A6yi36XxbWR5ZS5kNg==
428 silly extract finalhandler@1.1.2 extracted to /home/siritorihubot/node_modules/.staging/finalhandler-aacc6d5d (278ms)
429 silly extract utils-merge@1.0.1 extracted to /home/siritorihubot/node_modules/.staging/utils-merge-527980f0 (277ms)
430 silly extract vary@1.1.2 extracted to /home/siritorihubot/node_modules/.staging/vary-2d4e580c (281ms)
431 silly extract hubot-help@1.0.1 extracted to /home/siritorihubot/node_modules/.staging/hubot-help-7dc05b4a (282ms)
432 silly extract har-validator@5.1.5 extracted to /home/siritorihubot/node_modules/.staging/har-validator-59439039 (308ms)
433 silly extract url-join@0.0.1 extracted to /home/siritorihubot/node_modules/.staging/url-join-df69c66b (310ms)
434 silly extract raw-body@2.4.0 extracted to /home/siritorihubot/node_modules/.staging/raw-body-6f3fc3e9 (318ms)
435 silly extract jsprim@1.4.1 extracted to /home/siritorihubot/node_modules/.staging/jsprim-8b88e84a (325ms)
436 silly extract hubot-maps@0.0.3 extracted to /home/siritorihubot/node_modules/.staging/hubot-maps-785638b4 (326ms)
437 silly extract hubot-rules@1.0.0 extracted to /home/siritorihubot/node_modules/.staging/hubot-rules-23d7b18f (349ms)
438 silly extract verror@1.10.0 extracted to /home/siritorihubot/node_modules/.staging/verror-41e050ec (355ms)
439 silly extract hubot-diagnostics@1.0.0 extracted to /home/siritorihubot/node_modules/.staging/hubot-diagnostics-5d06626d (365ms)
440 silly extract hubot-shipit@0.2.1 extracted to /home/siritorihubot/node_modules/.staging/hubot-shipit-9db5d724 (367ms)
441 silly extract hubot-redis-brain@1.0.0 extracted to /home/siritorihubot/node_modules/.staging/hubot-redis-brain-c7fb3a33 (373ms)
442 silly extract hubot-google-translate@0.2.1 extracted to /home/siritorihubot/node_modules/.staging/hubot-google-translate-23456d78 (380ms)
443 silly extract hubot-pugme@0.1.1 extracted to /home/siritorihubot/node_modules/.staging/hubot-pugme-baf8ad7f (380ms)
444 silly extract hubot-google-images@0.2.7 extracted to /home/siritorihubot/node_modules/.staging/hubot-google-images-8bdb894e (388ms)
445 silly extract hubot-heroku-keepalive@1.0.3 extracted to /home/siritorihubot/node_modules/.staging/hubot-heroku-keepalive-30405c77 (395ms)
446 silly extract body-parser@1.19.0 extracted to /home/siritorihubot/node_modules/.staging/body-parser-d9163a69 (399ms)
447 silly extract http-signature@1.2.0 extracted to /home/siritorihubot/node_modules/.staging/http-signature-32d5797e (411ms)
448 silly extract async@1.0.0 extracted to /home/siritorihubot/node_modules/.staging/async-753dcdbe (420ms)
449 silly extract uuid@3.4.0 extracted to /home/siritorihubot/node_modules/.staging/uuid-ce368aa3 (440ms)
450 silly extract ws@1.1.5 extracted to /home/siritorihubot/node_modules/.staging/ws-68f7ace1 (459ms)
451 silly extract express@4.17.1 extracted to /home/siritorihubot/node_modules/.staging/express-87416089 (483ms)
452 silly extract request@2.88.2 extracted to /home/siritorihubot/node_modules/.staging/request-6907681c (483ms)
453 silly extract winston@2.4.5 extracted to /home/siritorihubot/node_modules/.staging/winston-3e2ba7b7 (599ms)
454 silly extract uri-js@4.4.1 extracted to /home/siritorihubot/node_modules/.staging/uri-js-ae580b6b (667ms)
455 silly extract hubot@3.3.2 extracted to /home/siritorihubot/node_modules/.staging/hubot-6399f7ba (708ms)
456 timing audit submit Completed in 749ms
457 http fetch POST 200 https://registry.npmjs.org/-/npm/v1/security/audits/quick 748ms
458 timing audit body Completed in 1ms
459 silly extract hubot-slack@4.9.0 extracted to /home/siritorihubot/node_modules/.staging/hubot-slack-b89ecbe0 (721ms)
460 silly extract ajv@6.12.6 extracted to /home/siritorihubot/node_modules/.staging/ajv-a41208e8 (825ms)
461 silly extract @slack/client@3.16.1-sec.2 extracted to /home/siritorihubot/node_modules/.staging/@slack/client-e4992150 (1051ms)
462 silly extract hubot-scripts@2.17.2 extracted to /home/siritorihubot/node_modules/.staging/hubot-scripts-5da6be86 (1269ms)
463 timing action:extract Completed in 1277ms
464 silly doReverseSerial unbuild 300
465 silly unbuild hubot-slack
466 info lifecycle undefined~preuninstall: undefined
467 info lifecycle undefined~uninstall: undefined
468 verbose unbuild rmStuff undefined from /home/siritorihubot/node_modules
469 info lifecycle undefined~postuninstall: undefined
470 silly unbuild hubot-shipit
471 info lifecycle undefined~preuninstall: undefined
472 info lifecycle undefined~uninstall: undefined
473 verbose unbuild rmStuff undefined from /home/siritorihubot/node_modules
474 info lifecycle undefined~postuninstall: undefined
475 silly unbuild hubot-scripts
476 info lifecycle undefined~preuninstall: undefined
477 info lifecycle undefined~uninstall: undefined
478 verbose unbuild rmStuff undefined from /home/siritorihubot/node_modules
479 info lifecycle undefined~postuninstall: undefined
480 silly unbuild hubot-rules
481 info lifecycle undefined~preuninstall: undefined
482 info lifecycle undefined~uninstall: undefined
483 verbose unbuild rmStuff undefined from /home/siritorihubot/node_modules
484 info lifecycle undefined~postuninstall: undefined
485 silly unbuild hubot-redis-brain
486 info lifecycle undefined~preuninstall: undefined
487 info lifecycle undefined~uninstall: undefined
488 verbose unbuild rmStuff undefined from /home/siritorihubot/node_modules
489 info lifecycle undefined~postuninstall: undefined
490 silly unbuild hubot-pugme
491 info lifecycle undefined~preuninstall: undefined
492 info lifecycle undefined~uninstall: undefined
493 verbose unbuild rmStuff undefined from /home/siritorihubot/node_modules
494 info lifecycle undefined~postuninstall: undefined
495 silly unbuild hubot-maps
496 info lifecycle undefined~preuninstall: undefined
497 info lifecycle undefined~uninstall: undefined
498 verbose unbuild rmStuff undefined from /home/siritorihubot/node_modules
499 info lifecycle undefined~postuninstall: undefined
500 silly unbuild hubot-heroku-keepalive
501 info lifecycle undefined~preuninstall: undefined
502 info lifecycle undefined~uninstall: undefined
503 verbose unbuild rmStuff undefined from /home/siritorihubot/node_modules
504 info lifecycle undefined~postuninstall: undefined
505 silly unbuild hubot-help
506 info lifecycle undefined~preuninstall: undefined
507 info lifecycle undefined~uninstall: undefined
508 verbose unbuild rmStuff undefined from /home/siritorihubot/node_modules
509 info lifecycle undefined~postuninstall: undefined
510 silly unbuild hubot-google-translate
511 info lifecycle undefined~preuninstall: undefined
512 info lifecycle undefined~uninstall: undefined
513 verbose unbuild rmStuff undefined from /home/siritorihubot/node_modules
514 info lifecycle undefined~postuninstall: undefined
515 silly unbuild hubot-google-images
516 info lifecycle undefined~preuninstall: undefined
517 info lifecycle undefined~uninstall: undefined
518 verbose unbuild rmStuff undefined from /home/siritorihubot/node_modules
519 info lifecycle undefined~postuninstall: undefined
520 silly unbuild hubot-diagnostics
521 info lifecycle undefined~preuninstall: undefined
522 info lifecycle undefined~uninstall: undefined
523 verbose unbuild rmStuff undefined from /home/siritorihubot/node_modules
524 info lifecycle undefined~postuninstall: undefined
525 silly unbuild hubot
526 info lifecycle undefined~preuninstall: undefined
527 info lifecycle undefined~uninstall: undefined
528 verbose unbuild rmStuff undefined from /home/siritorihubot/node_modules
529 info lifecycle undefined~postuninstall: undefined
530 silly unbuild @slack/client
531 info lifecycle undefined~preuninstall: undefined
532 info lifecycle undefined~uninstall: undefined
533 verbose unbuild rmStuff undefined from /home/siritorihubot/node_modules
534 info lifecycle undefined~postuninstall: undefined
535 silly unbuild request
536 info lifecycle undefined~preuninstall: undefined
537 info lifecycle undefined~uninstall: undefined
538 verbose unbuild rmStuff undefined from /home/siritorihubot/node_modules
539 info lifecycle undefined~postuninstall: undefined
540 silly unbuild http-signature
541 info lifecycle undefined~preuninstall: undefined
542 info lifecycle undefined~uninstall: undefined
543 verbose unbuild rmStuff undefined from /home/siritorihubot/node_modules
544 info lifecycle undefined~postuninstall: undefined
545 silly unbuild express
546 info lifecycle undefined~preuninstall: undefined
547 info lifecycle undefined~uninstall: undefined
548 verbose unbuild rmStuff undefined from /home/siritorihubot/node_modules
549 info lifecycle undefined~postuninstall: undefined
550 silly unbuild body-parser
551 info lifecycle undefined~preuninstall: undefined
552 info lifecycle undefined~uninstall: undefined
553 verbose unbuild rmStuff undefined from /home/siritorihubot/node_modules
554 info lifecycle undefined~postuninstall: undefined
555 silly unbuild raw-body
556 info lifecycle undefined~preuninstall: undefined
557 info lifecycle undefined~uninstall: undefined
558 verbose unbuild rmStuff undefined from /home/siritorihubot/node_modules
559 info lifecycle undefined~postuninstall: undefined
560 timing action:unbuild Completed in 7ms
561 silly doSerial remove 300
562 silly remove /home/siritorihubot/node_modules/raw-body
563 silly remove /home/siritorihubot/node_modules/body-parser
564 silly remove /home/siritorihubot/node_modules/express
565 silly remove /home/siritorihubot/node_modules/http-signature
566 silly remove /home/siritorihubot/node_modules/request
567 silly remove /home/siritorihubot/node_modules/@slack/client
568 silly remove /home/siritorihubot/node_modules/hubot
569 silly remove /home/siritorihubot/node_modules/hubot-diagnostics
570 silly remove /home/siritorihubot/node_modules/hubot-google-images
571 silly remove /home/siritorihubot/node_modules/hubot-google-translate
572 silly remove /home/siritorihubot/node_modules/hubot-help
573 silly remove /home/siritorihubot/node_modules/hubot-heroku-keepalive
574 silly remove /home/siritorihubot/node_modules/hubot-maps
575 silly remove /home/siritorihubot/node_modules/hubot-pugme
576 silly remove /home/siritorihubot/node_modules/hubot-redis-brain
577 silly remove /home/siritorihubot/node_modules/hubot-rules
578 silly remove /home/siritorihubot/node_modules/hubot-scripts
579 silly remove /home/siritorihubot/node_modules/hubot-shipit
580 silly remove /home/siritorihubot/node_modules/hubot-slack
581 timing action:remove Completed in 355ms
582 silly doSerial move 300
583 silly doSerial finalize 300
584 silly finalize /home/siritorihubot/node_modules/finalhandler
585 silly finalize /home/siritorihubot/node_modules/raw-body
586 silly finalize /home/siritorihubot/node_modules/body-parser
587 silly finalize /home/siritorihubot/node_modules/uri-js
588 silly finalize /home/siritorihubot/node_modules/ajv
589 silly finalize /home/siritorihubot/node_modules/har-validator
590 silly finalize /home/siritorihubot/node_modules/url-join
591 silly finalize /home/siritorihubot/node_modules/utils-merge
592 silly finalize /home/siritorihubot/node_modules/uuid
593 silly finalize /home/siritorihubot/node_modules/vary
594 silly finalize /home/siritorihubot/node_modules/express
595 silly finalize /home/siritorihubot/node_modules/verror
596 silly finalize /home/siritorihubot/node_modules/jsprim
597 silly finalize /home/siritorihubot/node_modules/http-signature
598 silly finalize /home/siritorihubot/node_modules/request
599 silly finalize /home/siritorihubot/node_modules/winston/node_modules/async
600 timing action:finalize Completed in 218ms
601 verbose unlock done using /home/siritorihubot/.npm/_locks/staging-84e12cf60e694cfb.lock for /home/siritorihubot/node_modules/.staging
602 timing stage:rollbackFailedOptional Completed in 2ms
603 timing stage:runTopLevelLifecycles Completed in 3877ms
604 silly saveTree siritorihubot@0.0.0
604 silly saveTree ├── hubot-diagnostics@1.0.0
604 silly saveTree ├── hubot-google-images@0.2.7
604 silly saveTree ├── hubot-google-translate@0.2.1
604 silly saveTree ├── hubot-help@1.0.1
604 silly saveTree ├── hubot-heroku-keepalive@1.0.3
604 silly saveTree ├── hubot-maps@0.0.3
604 silly saveTree ├── hubot-pugme@0.1.1
604 silly saveTree ├─┬ hubot-redis-brain@1.0.0
604 silly saveTree │ └─┬ redis@2.8.0
604 silly saveTree │   ├── double-ended-queue@2.1.0-0
604 silly saveTree │   ├── redis-commands@1.7.0
604 silly saveTree │   └── redis-parser@2.6.0
604 silly saveTree ├── hubot-rules@1.0.0
604 silly saveTree ├─┬ hubot-scripts@2.17.2
604 silly saveTree │ └── redis@0.8.4
604 silly saveTree ├── hubot-shipit@0.2.1
604 silly saveTree ├─┬ hubot-slack@4.9.0
604 silly saveTree │ ├─┬ @slack/client@3.16.1-sec.2
604 silly saveTree │ │ ├── async@1.5.2
604 silly saveTree │ │ ├── bluebird@3.7.2
604 silly saveTree │ │ ├── eventemitter3@1.2.0
604 silly saveTree │ │ ├─┬ https-proxy-agent@2.2.4
604 silly saveTree │ │ │ ├─┬ agent-base@4.3.0
604 silly saveTree │ │ │ │ └─┬ es6-promisify@5.0.0
604 silly saveTree │ │ │ │   └── es6-promise@4.2.8
604 silly saveTree │ │ │ └─┬ debug@3.2.7
604 silly saveTree │ │ │   └── ms@2.1.3
604 silly saveTree │ │ ├── inherits@2.0.4
604 silly saveTree │ │ ├── lodash@4.17.21
604 silly saveTree │ │ ├── pkginfo@0.4.1
604 silly saveTree │ │ ├─┬ request@2.88.2
604 silly saveTree │ │ │ ├── aws-sign2@0.7.0
604 silly saveTree │ │ │ ├── aws4@1.11.0
604 silly saveTree │ │ │ ├── caseless@0.12.0
604 silly saveTree │ │ │ ├─┬ combined-stream@1.0.8
604 silly saveTree │ │ │ │ └── delayed-stream@1.0.0
604 silly saveTree │ │ │ ├── extend@3.0.2
604 silly saveTree │ │ │ ├── forever-agent@0.6.1
604 silly saveTree │ │ │ ├─┬ form-data@2.3.3
604 silly saveTree │ │ │ │ ├── asynckit@0.4.0
604 silly saveTree │ │ │ │ └─┬ mime-types@2.1.32
604 silly saveTree │ │ │ │   └── mime-db@1.49.0
604 silly saveTree │ │ │ ├─┬ har-validator@5.1.5
604 silly saveTree │ │ │ │ ├─┬ ajv@6.12.6
604 silly saveTree │ │ │ │ │ ├── fast-deep-equal@3.1.3
604 silly saveTree │ │ │ │ │ ├── fast-json-stable-stringify@2.1.0
604 silly saveTree │ │ │ │ │ ├── json-schema-traverse@0.4.1
604 silly saveTree │ │ │ │ │ └─┬ uri-js@4.4.1
604 silly saveTree │ │ │ │ │   └── punycode@2.1.1
604 silly saveTree │ │ │ │ └── har-schema@2.0.0
604 silly saveTree │ │ │ ├─┬ http-signature@1.2.0
604 silly saveTree │ │ │ │ ├── assert-plus@1.0.0
604 silly saveTree │ │ │ │ ├─┬ jsprim@1.4.1
604 silly saveTree │ │ │ │ │ ├── extsprintf@1.3.0
604 silly saveTree │ │ │ │ │ ├── json-schema@0.2.3
604 silly saveTree │ │ │ │ │ └─┬ verror@1.10.0
604 silly saveTree │ │ │ │ │   └── core-util-is@1.0.2
604 silly saveTree │ │ │ │ └─┬ sshpk@1.16.1
604 silly saveTree │ │ │ │   ├─┬ asn1@0.2.4
604 silly saveTree │ │ │ │   │ └── safer-buffer@2.1.2
604 silly saveTree │ │ │ │   ├─┬ bcrypt-pbkdf@1.0.2
604 silly saveTree │ │ │ │   │ └── tweetnacl@0.14.5
604 silly saveTree │ │ │ │   ├── dashdash@1.14.1
604 silly saveTree │ │ │ │   ├─┬ ecc-jsbn@0.1.2
604 silly saveTree │ │ │ │   │ └── jsbn@0.1.1
604 silly saveTree │ │ │ │   ├── getpass@0.1.7
604 silly saveTree │ │ │ │   ├── jsbn@0.1.1
604 silly saveTree │ │ │ │   ├── safer-buffer@2.1.2
604 silly saveTree │ │ │ │   └── tweetnacl@0.14.5
604 silly saveTree │ │ │ ├── is-typedarray@1.0.0
604 silly saveTree │ │ │ ├── isstream@0.1.2
604 silly saveTree │ │ │ ├── json-stringify-safe@5.0.1
604 silly saveTree │ │ │ ├── mime-types@2.1.32
604 silly saveTree │ │ │ ├── oauth-sign@0.9.0
604 silly saveTree │ │ │ ├── performance-now@2.1.0
604 silly saveTree │ │ │ ├── qs@6.5.2
604 silly saveTree │ │ │ ├── safe-buffer@5.2.1
604 silly saveTree │ │ │ ├─┬ tough-cookie@2.5.0
604 silly saveTree │ │ │ │ └── psl@1.8.0
604 silly saveTree │ │ │ ├── tunnel-agent@0.6.0
604 silly saveTree │ │ │ └── uuid@3.4.0
604 silly saveTree │ │ ├── retry@0.9.0
604 silly saveTree │ │ ├── url-join@0.0.1
604 silly saveTree │ │ ├─┬ winston@2.4.5
604 silly saveTree │ │ │ ├── async@1.0.0
604 silly saveTree │ │ │ ├── colors@1.0.3
604 silly saveTree │ │ │ ├── cycle@1.0.3
604 silly saveTree │ │ │ ├── eyes@0.1.8
604 silly saveTree │ │ │ └── stack-trace@0.0.10
604 silly saveTree │ │ └─┬ ws@1.1.5
604 silly saveTree │ │   ├── options@0.0.6
604 silly saveTree │ │   └── ultron@1.0.2
604 silly saveTree │ ├── bluebird@3.7.2
604 silly saveTree │ └── lodash@4.17.21
604 silly saveTree ├─┬ hubot@3.3.2
604 silly saveTree │ ├── async@0.9.2
604 silly saveTree │ ├─┬ chalk@1.1.3
604 silly saveTree │ │ ├── ansi-styles@2.2.1
604 silly saveTree │ │ ├── escape-string-regexp@1.0.5
604 silly saveTree │ │ ├─┬ has-ansi@2.0.0
604 silly saveTree │ │ │ └── ansi-regex@2.1.1
604 silly saveTree │ │ ├── strip-ansi@3.0.1
604 silly saveTree │ │ └── supports-color@2.0.0
604 silly saveTree │ ├── cline@0.8.2
604 silly saveTree │ ├── coffeescript@1.6.3
604 silly saveTree │ ├─┬ connect-multiparty@2.2.0
604 silly saveTree │ │ ├─┬ http-errors@1.7.3
604 silly saveTree │ │ │ ├── depd@1.1.2
604 silly saveTree │ │ │ ├── setprototypeof@1.1.1
604 silly saveTree │ │ │ ├── statuses@1.5.0
604 silly saveTree │ │ │ └── toidentifier@1.0.0
604 silly saveTree │ │ ├─┬ multiparty@4.2.2
604 silly saveTree │ │ │ ├─┬ http-errors@1.8.0
604 silly saveTree │ │ │ │ └── setprototypeof@1.2.0
604 silly saveTree │ │ │ └─┬ uid-safe@2.1.5
604 silly saveTree │ │ │   └── random-bytes@1.0.0
604 silly saveTree │ │ ├─┬ on-finished@2.3.0
604 silly saveTree │ │ │ └── ee-first@1.1.1
604 silly saveTree │ │ └─┬ type-is@1.6.18
604 silly saveTree │ │   └── media-typer@0.3.0
604 silly saveTree │ ├─┬ express@4.17.1
604 silly saveTree │ │ ├─┬ accepts@1.3.7
604 silly saveTree │ │ │ └── negotiator@0.6.2
604 silly saveTree │ │ ├── array-flatten@1.1.1
604 silly saveTree │ │ ├─┬ body-parser@1.19.0
604 silly saveTree │ │ │ ├── bytes@3.1.0
604 silly saveTree │ │ │ ├── content-type@1.0.4
604 silly saveTree │ │ │ ├─┬ debug@2.6.9
604 silly saveTree │ │ │ │ └── ms@2.0.0
604 silly saveTree │ │ │ ├─┬ http-errors@1.7.2
604 silly saveTree │ │ │ │ └── inherits@2.0.3
604 silly saveTree │ │ │ ├── iconv-lite@0.4.24
604 silly saveTree │ │ │ ├── qs@6.7.0
604 silly saveTree │ │ │ └─┬ raw-body@2.4.0
604 silly saveTree │ │ │   ├─┬ http-errors@1.7.2
604 silly saveTree │ │ │   │ └── inherits@2.0.3
604 silly saveTree │ │ │   └── unpipe@1.0.0
604 silly saveTree │ │ ├─┬ content-disposition@0.5.3
604 silly saveTree │ │ │ └── safe-buffer@5.1.2
604 silly saveTree │ │ ├── content-type@1.0.4
604 silly saveTree │ │ ├── cookie-signature@1.0.6
604 silly saveTree │ │ ├── cookie@0.4.0
604 silly saveTree │ │ ├── debug@2.6.9
604 silly saveTree │ │ ├── encodeurl@1.0.2
604 silly saveTree │ │ ├── escape-html@1.0.3
604 silly saveTree │ │ ├── etag@1.8.1
604 silly saveTree │ │ ├─┬ finalhandler@1.1.2
604 silly saveTree │ │ │ └── parseurl@1.3.3
604 silly saveTree │ │ ├── fresh@0.5.2
604 silly saveTree │ │ ├── merge-descriptors@1.0.1
604 silly saveTree │ │ ├── methods@1.1.2
604 silly saveTree │ │ ├── parseurl@1.3.3
604 silly saveTree │ │ ├── path-to-regexp@0.1.7
604 silly saveTree │ │ ├─┬ proxy-addr@2.0.7
604 silly saveTree │ │ │ ├── forwarded@0.2.0
604 silly saveTree │ │ │ └── ipaddr.js@1.9.1
604 silly saveTree │ │ ├── qs@6.7.0
604 silly saveTree │ │ ├── range-parser@1.2.1
604 silly saveTree │ │ ├── safe-buffer@5.1.2
604 silly saveTree │ │ ├─┬ send@0.17.1
604 silly saveTree │ │ │ ├── destroy@1.0.4
604 silly saveTree │ │ │ ├── mime@1.6.0
604 silly saveTree │ │ │ └── ms@2.1.1
604 silly saveTree │ │ ├── serve-static@1.14.1
604 silly saveTree │ │ ├── utils-merge@1.0.1
604 silly saveTree │ │ └── vary@1.1.2
604 silly saveTree │ ├── log@1.4.0
604 silly saveTree │ ├── optparse@1.0.4
604 silly saveTree │ └── scoped-http-client@0.11.0
604 silly saveTree └── siritoriApp@file:siritoriApp
605 verbose stack Error: ENOENT: no such file or directory, rename '/home/siritorihubot/node_modules/winston/node_modules/async' -> '/home/siritorihubot/node_modules/winston/node_modules/.async.DELETE'
606 verbose cwd /home/siritorihubot
607 verbose Linux 5.4.72-microsoft-standard-WSL2
608 verbose argv "/usr/local/bin/node" "/usr/local/bin/npm" "install"
609 verbose node v14.15.4
610 verbose npm  v6.14.10
611 error code ENOENT
612 error syscall rename
613 error path /home/siritorihubot/node_modules/winston/node_modules/async
614 error dest /home/siritorihubot/node_modules/winston/node_modules/.async.DELETE
615 error errno -2
616 error enoent ENOENT: no such file or directory, rename '/home/siritorihubot/node_modules/winston/node_modules/async' -> '/home/siritorihubot/node_modules/winston/node_modules/.async.DELETE'
617 error enoent This is related to npm not being able to find a file.
618 verbose exit [ -2, true ]
