0 info it worked if it ends with ok
1 verbose cli [ '/usr/local/bin/node', '/usr/local/bin/npm', 'install' ]
2 info using npm@6.14.10
3 info using node@v14.15.4
4 verbose config Skipping project config: /home/siritorihubot/.npmrc. (matches userconfig)
5 verbose npm-session 7f9d22f6b36e6933
6 silly install runPreinstallTopLevelLifecycles
7 silly preinstall siritorihubot@0.0.0
8 info lifecycle siritorihubot@0.0.0~preinstall: siritorihubot@0.0.0
9 silly install loadCurrentTree
10 silly install readLocalPackageData
11 timing stage:loadCurrentTree Completed in 453ms
12 silly install loadIdealTree
13 silly install cloneCurrentTreeToIdealTree
14 timing stage:loadIdealTree:cloneCurrentTree Completed in 1ms
15 silly install loadShrinkwrap
16 timing stage:loadIdealTree:loadShrinkwrap Completed in 108ms
17 silly install loadAllDepsIntoIdealTree
18 silly pacote directory manifest for siritoriApp@file:siritoriApp fetched in 5ms
19 silly resolveWithNewModule siritoriApp@1.0.0 checking installable status
20 timing stage:loadIdealTree:loadAllDepsIntoIdealTree Completed in 159ms
21 timing stage:loadIdealTree Completed in 302ms
22 silly currentTree siritorihubot@0.0.0
22 silly currentTree ├─┬ @slack/client
22 silly currentTree │ └── async@1.5.2
22 silly currentTree ├── accepts@1.3.7
22 silly currentTree ├── agent-base@4.3.0
22 silly currentTree ├── ansi-regex@2.1.1
22 silly currentTree ├── ansi-styles@2.2.1
22 silly currentTree ├── array-flatten@1.1.1
22 silly currentTree ├── assert-plus@1.0.0
22 silly currentTree ├── async@0.9.2
22 silly currentTree ├── asynckit@0.4.0
22 silly currentTree ├── aws-sign2@0.7.0
22 silly currentTree ├── aws4@1.11.0
22 silly currentTree ├── bluebird@3.7.2
22 silly currentTree ├─┬ body-parser
22 silly currentTree │ ├── http-errors@1.7.2
22 silly currentTree │ ├── inherits@2.0.3
22 silly currentTree │ └── qs@6.7.0
22 silly currentTree ├── bytes@3.1.0
22 silly currentTree ├── caseless@0.12.0
22 silly currentTree ├── chalk@1.1.3
22 silly currentTree ├── cline@0.8.2
22 silly currentTree ├── coffeescript@1.6.3
22 silly currentTree ├── colors@1.0.3
22 silly currentTree ├── combined-stream@1.0.8
22 silly currentTree ├─┬ connect-multiparty
22 silly currentTree │ ├─┬ multiparty
22 silly currentTree │ │ └── http-errors@1.8.0
22 silly currentTree │ └── setprototypeof@1.2.0
22 silly currentTree ├─┬ content-disposition@0.5.3
22 silly currentTree │ └── safe-buffer@5.1.2
22 silly currentTree ├── content-type@1.0.4
22 silly currentTree ├── cookie-signature@1.0.6
22 silly currentTree ├── cookie@0.4.0
22 silly currentTree ├── core-util-is@1.0.2
22 silly currentTree ├── cycle@1.0.3
22 silly currentTree ├── dashdash@1.14.1
22 silly currentTree ├── debug@2.6.9
22 silly currentTree ├── delayed-stream@1.0.0
22 silly currentTree ├── depd@1.1.2
22 silly currentTree ├── destroy@1.0.4
22 silly currentTree ├── double-ended-queue@2.1.0-0
22 silly currentTree ├── ee-first@1.1.1
22 silly currentTree ├── encodeurl@1.0.2
22 silly currentTree ├── es6-promise@4.2.8
22 silly currentTree ├── es6-promisify@5.0.0
22 silly currentTree ├── escape-html@1.0.3
22 silly currentTree ├── escape-string-regexp@1.0.5
22 silly currentTree ├── etag@1.8.1
22 silly currentTree ├── eventemitter3@1.2.0
22 silly currentTree ├─┬ express
22 silly currentTree │ ├── qs@6.7.0
22 silly currentTree │ └── safe-buffer@5.1.2
22 silly currentTree ├── extend@3.0.2
22 silly currentTree ├── extsprintf@1.3.0
22 silly currentTree ├── eyes@0.1.8
22 silly currentTree ├── fast-deep-equal@3.1.3
22 silly currentTree ├── fast-json-stable-stringify@2.1.0
22 silly currentTree ├── forever-agent@0.6.1
22 silly currentTree ├── form-data@2.3.3
22 silly currentTree ├── forwarded@0.2.0
22 silly currentTree ├── fresh@0.5.2
22 silly currentTree ├── getpass@0.1.7
22 silly currentTree ├── har-schema@2.0.0
22 silly currentTree ├── has-ansi@2.0.0
22 silly currentTree ├── http-errors@1.7.3
22 silly currentTree ├── http-signature
22 silly currentTree ├─┬ https-proxy-agent@2.2.4
22 silly currentTree │ ├── debug@3.2.7
22 silly currentTree │ └── ms@2.1.3
22 silly currentTree ├── hubot
22 silly currentTree ├── hubot-diagnostics
22 silly currentTree ├── hubot-google-images
22 silly currentTree ├── hubot-google-translate
22 silly currentTree ├── hubot-help
22 silly currentTree ├── hubot-heroku-keepalive
22 silly currentTree ├── hubot-maps
22 silly currentTree ├── hubot-pugme
22 silly currentTree ├── hubot-redis-brain
22 silly currentTree ├── hubot-rules
22 silly currentTree ├─┬ hubot-scripts
22 silly currentTree │ └── redis@0.8.4
22 silly currentTree ├── hubot-shipit
22 silly currentTree ├── hubot-slack
22 silly currentTree ├── iconv-lite@0.4.24
22 silly currentTree ├── inherits@2.0.4
22 silly currentTree ├── ipaddr.js@1.9.1
22 silly currentTree ├── is-typedarray@1.0.0
22 silly currentTree ├── isstream@0.1.2
22 silly currentTree ├── jsbn@0.1.1
22 silly currentTree ├── json-schema-traverse@0.4.1
22 silly currentTree ├── json-schema@0.2.3
22 silly currentTree ├── json-stringify-safe@5.0.1
22 silly currentTree ├── lodash@4.17.21
22 silly currentTree ├── log@1.4.0
22 silly currentTree ├── media-typer@0.3.0
22 silly currentTree ├── merge-descriptors@1.0.1
22 silly currentTree ├── methods@1.1.2
22 silly currentTree ├── mime-db@1.49.0
22 silly currentTree ├── mime-types@2.1.32
22 silly currentTree ├── mime@1.6.0
22 silly currentTree ├── ms@2.0.0
22 silly currentTree ├── negotiator@0.6.2
22 silly currentTree ├── oauth-sign@0.9.0
22 silly currentTree ├── on-finished@2.3.0
22 silly currentTree ├── options@0.0.6
22 silly currentTree ├── optparse@1.0.4
22 silly currentTree ├── parseurl@1.3.3
22 silly currentTree ├── path-to-regexp@0.1.7
22 silly currentTree ├── performance-now@2.1.0
22 silly currentTree ├── pkginfo@0.4.1
22 silly currentTree ├── proxy-addr@2.0.7
22 silly currentTree ├── psl@1.8.0
22 silly currentTree ├── punycode@2.1.1
22 silly currentTree ├── qs@6.5.2
22 silly currentTree ├── random-bytes@1.0.0
22 silly currentTree ├── range-parser@1.2.1
22 silly currentTree ├─┬ raw-body
22 silly currentTree │ ├── http-errors@1.7.2
22 silly currentTree │ └── inherits@2.0.3
22 silly currentTree ├── redis-commands@1.7.0
22 silly currentTree ├── redis-parser@2.6.0
22 silly currentTree ├── redis@2.8.0
22 silly currentTree ├── request
22 silly currentTree ├── retry@0.9.0
22 silly currentTree ├── safe-buffer@5.2.1
22 silly currentTree ├── safer-buffer@2.1.2
22 silly currentTree ├── scoped-http-client@0.11.0
22 silly currentTree ├─┬ send@0.17.1
22 silly currentTree │ └── ms@2.1.1
22 silly currentTree ├── serve-static@1.14.1
22 silly currentTree ├── setprototypeof@1.1.1
22 silly currentTree ├── stack-trace@0.0.10
22 silly currentTree ├── statuses@1.5.0
22 silly currentTree ├── strip-ansi@3.0.1
22 silly currentTree ├── supports-color@2.0.0
22 silly currentTree ├── toidentifier@1.0.0
22 silly currentTree ├── tough-cookie@2.5.0
22 silly currentTree └── tunnel-agent@0.6.0
23 silly idealTree siritorihubot@0.0.0
23 silly idealTree ├─┬ @slack/client@3.16.1-sec.2
23 silly idealTree │ └── async@1.5.2
23 silly idealTree ├── accepts@1.3.7
23 silly idealTree ├── agent-base@4.3.0
23 silly idealTree ├── ajv@6.12.6
23 silly idealTree ├── ansi-regex@2.1.1
23 silly idealTree ├── ansi-styles@2.2.1
23 silly idealTree ├── array-flatten@1.1.1
23 silly idealTree ├── asn1@0.2.4
23 silly idealTree ├── assert-plus@1.0.0
23 silly idealTree ├── async@0.9.2
23 silly idealTree ├── asynckit@0.4.0
23 silly idealTree ├── aws-sign2@0.7.0
23 silly idealTree ├── aws4@1.11.0
23 silly idealTree ├── bcrypt-pbkdf@1.0.2
23 silly idealTree ├── bluebird@3.7.2
23 silly idealTree ├─┬ body-parser@1.19.0
23 silly idealTree │ ├── http-errors@1.7.2
23 silly idealTree │ ├── inherits@2.0.3
23 silly idealTree │ └── qs@6.7.0
23 silly idealTree ├── bytes@3.1.0
23 silly idealTree ├── caseless@0.12.0
23 silly idealTree ├── chalk@1.1.3
23 silly idealTree ├── cline@0.8.2
23 silly idealTree ├── coffeescript@1.6.3
23 silly idealTree ├── colors@1.0.3
23 silly idealTree ├── combined-stream@1.0.8
23 silly idealTree ├─┬ connect-multiparty@2.2.0
23 silly idealTree │ ├─┬ multiparty@4.2.2
23 silly idealTree │ │ └── http-errors@1.8.0
23 silly idealTree │ └── setprototypeof@1.2.0
23 silly idealTree ├─┬ content-disposition@0.5.3
23 silly idealTree │ └── safe-buffer@5.1.2
23 silly idealTree ├── content-type@1.0.4
23 silly idealTree ├── cookie-signature@1.0.6
23 silly idealTree ├── cookie@0.4.0
23 silly idealTree ├── core-util-is@1.0.2
23 silly idealTree ├── cycle@1.0.3
23 silly idealTree ├── dashdash@1.14.1
23 silly idealTree ├── debug@2.6.9
23 silly idealTree ├── delayed-stream@1.0.0
23 silly idealTree ├── depd@1.1.2
23 silly idealTree ├── destroy@1.0.4
23 silly idealTree ├── double-ended-queue@2.1.0-0
23 silly idealTree ├── ecc-jsbn@0.1.2
23 silly idealTree ├── ee-first@1.1.1
23 silly idealTree ├── encodeurl@1.0.2
23 silly idealTree ├── es6-promise@4.2.8
23 silly idealTree ├── es6-promisify@5.0.0
23 silly idealTree ├── escape-html@1.0.3
23 silly idealTree ├── escape-string-regexp@1.0.5
23 silly idealTree ├── etag@1.8.1
23 silly idealTree ├── eventemitter3@1.2.0
23 silly idealTree ├─┬ express@4.17.1
23 silly idealTree │ ├── qs@6.7.0
23 silly idealTree │ └── safe-buffer@5.1.2
23 silly idealTree ├── extend@3.0.2
23 silly idealTree ├── extsprintf@1.3.0
23 silly idealTree ├── eyes@0.1.8
23 silly idealTree ├── fast-deep-equal@3.1.3
23 silly idealTree ├── fast-json-stable-stringify@2.1.0
23 silly idealTree ├── finalhandler@1.1.2
23 silly idealTree ├── forever-agent@0.6.1
23 silly idealTree ├── form-data@2.3.3
23 silly idealTree ├── forwarded@0.2.0
23 silly idealTree ├── fresh@0.5.2
23 silly idealTree ├── getpass@0.1.7
23 silly idealTree ├── har-schema@2.0.0
23 silly idealTree ├── har-validator@5.1.5
23 silly idealTree ├── has-ansi@2.0.0
23 silly idealTree ├── http-errors@1.7.3
23 silly idealTree ├── http-signature@1.2.0
23 silly idealTree ├─┬ https-proxy-agent@2.2.4
23 silly idealTree │ ├── debug@3.2.7
23 silly idealTree │ └── ms@2.1.3
23 silly idealTree ├── hubot-diagnostics@1.0.0
23 silly idealTree ├── hubot-google-images@0.2.7
23 silly idealTree ├── hubot-google-translate@0.2.1
23 silly idealTree ├── hubot-help@1.0.1
23 silly idealTree ├── hubot-heroku-keepalive@1.0.3
23 silly idealTree ├── hubot-maps@0.0.3
23 silly idealTree ├── hubot-pugme@0.1.1
23 silly idealTree ├── hubot-redis-brain@1.0.0
23 silly idealTree ├── hubot-rules@1.0.0
23 silly idealTree ├─┬ hubot-scripts@2.17.2
23 silly idealTree │ └── redis@0.8.4
23 silly idealTree ├── hubot-shipit@0.2.1
23 silly idealTree ├── hubot-slack@4.9.0
23 silly idealTree ├── hubot@3.3.2
23 silly idealTree ├── iconv-lite@0.4.24
23 silly idealTree ├── inherits@2.0.4
23 silly idealTree ├── ipaddr.js@1.9.1
23 silly idealTree ├── is-typedarray@1.0.0
23 silly idealTree ├── isstream@0.1.2
23 silly idealTree ├── jsbn@0.1.1
23 silly idealTree ├── json-schema-traverse@0.4.1
23 silly idealTree ├── json-schema@0.2.3
23 silly idealTree ├── json-stringify-safe@5.0.1
23 silly idealTree ├── jsprim@1.4.1
23 silly idealTree ├── lodash@4.17.21
23 silly idealTree ├── log@1.4.0
23 silly idealTree ├── media-typer@0.3.0
23 silly idealTree ├── merge-descriptors@1.0.1
23 silly idealTree ├── methods@1.1.2
23 silly idealTree ├── mime-db@1.49.0
23 silly idealTree ├── mime-types@2.1.32
23 silly idealTree ├── mime@1.6.0
23 silly idealTree ├── ms@2.0.0
23 silly idealTree ├── negotiator@0.6.2
23 silly idealTree ├── oauth-sign@0.9.0
23 silly idealTree ├── on-finished@2.3.0
23 silly idealTree ├── options@0.0.6
23 silly idealTree ├── optparse@1.0.4
23 silly idealTree ├── parseurl@1.3.3
23 silly idealTree ├── path-to-regexp@0.1.7
23 silly idealTree ├── performance-now@2.1.0
23 silly idealTree ├── pkginfo@0.4.1
23 silly idealTree ├── proxy-addr@2.0.7
23 silly idealTree ├── psl@1.8.0
23 silly idealTree ├── punycode@2.1.1
23 silly idealTree ├── qs@6.5.2
23 silly idealTree ├── random-bytes@1.0.0
23 silly idealTree ├── range-parser@1.2.1
23 silly idealTree ├─┬ raw-body@2.4.0
23 silly idealTree │ ├── http-errors@1.7.2
23 silly idealTree │ └── inherits@2.0.3
23 silly idealTree ├── redis-commands@1.7.0
23 silly idealTree ├── redis-parser@2.6.0
23 silly idealTree ├── redis@2.8.0
23 silly idealTree ├── request@2.88.2
23 silly idealTree ├── retry@0.9.0
23 silly idealTree ├── safe-buffer@5.2.1
23 silly idealTree ├── safer-buffer@2.1.2
23 silly idealTree ├── scoped-http-client@0.11.0
23 silly idealTree ├─┬ send@0.17.1
23 silly idealTree │ └── ms@2.1.1
23 silly idealTree ├── serve-static@1.14.1
23 silly idealTree ├── setprototypeof@1.1.1
23 silly idealTree ├── siritoriApp@1.0.0
23 silly idealTree ├── sshpk@1.16.1
23 silly idealTree ├── stack-trace@0.0.10
23 silly idealTree ├── statuses@1.5.0
23 silly idealTree ├── strip-ansi@3.0.1
23 silly idealTree ├── supports-color@2.0.0
23 silly idealTree ├── toidentifier@1.0.0
23 silly idealTree ├── tough-cookie@2.5.0
23 silly idealTree ├── tunnel-agent@0.6.0
23 silly idealTree ├── tweetnacl@0.14.5
23 silly idealTree ├── type-is@1.6.18
23 silly idealTree ├── uid-safe@2.1.5
23 silly idealTree ├── ultron@1.0.2
23 silly idealTree ├── unpipe@1.0.0
23 silly idealTree ├── uri-js@4.4.1
23 silly idealTree ├── url-join@0.0.1
23 silly idealTree ├── utils-merge@1.0.1
23 silly idealTree ├── uuid@3.4.0
23 silly idealTree ├── vary@1.1.2
23 silly idealTree ├── verror@1.10.0
23 silly idealTree ├─┬ winston@2.4.5
23 silly idealTree │ └── async@1.0.0
23 silly idealTree └── ws@1.1.5
24 silly install generateActionsToTake
25 timing stage:generateActionsToTake Completed in 80ms
26 silly diffTrees action count 44
27 silly diffTrees add asn1@0.2.4
28 silly diffTrees add ecc-jsbn@0.1.2
29 silly diffTrees add tweetnacl@0.14.5
30 silly diffTrees add bcrypt-pbkdf@1.0.2
31 silly diffTrees add sshpk@1.16.1
32 silly diffTrees add type-is@1.6.18
33 silly diffTrees add uid-safe@2.1.5
34 silly diffTrees update multiparty@4.2.2
35 silly diffTrees update connect-multiparty@2.2.0
36 silly diffTrees add ultron@1.0.2
37 silly diffTrees add unpipe@1.0.0
38 silly diffTrees add finalhandler@1.1.2
39 silly diffTrees update raw-body@2.4.0
40 silly diffTrees update body-parser@1.19.0
41 silly diffTrees add uri-js@4.4.1
42 silly diffTrees add ajv@6.12.6
43 silly diffTrees add har-validator@5.1.5
44 silly diffTrees add url-join@0.0.1
45 silly diffTrees add utils-merge@1.0.1
46 silly diffTrees add uuid@3.4.0
47 silly diffTrees add vary@1.1.2
48 silly diffTrees update express@4.17.1
49 silly diffTrees add verror@1.10.0
50 silly diffTrees add jsprim@1.4.1
51 silly diffTrees update http-signature@1.2.0
52 silly diffTrees update request@2.88.2
53 silly diffTrees add async@1.0.0
54 silly diffTrees add winston@2.4.5
55 silly diffTrees add ws@1.1.5
56 silly diffTrees update @slack/client@3.16.1-sec.2
57 silly diffTrees update hubot@3.3.2
58 silly diffTrees update hubot-diagnostics@1.0.0
59 silly diffTrees update hubot-google-images@0.2.7
60 silly diffTrees update hubot-google-translate@0.2.1
61 silly diffTrees update hubot-help@1.0.1
62 silly diffTrees update hubot-heroku-keepalive@1.0.3
63 silly diffTrees update hubot-maps@0.0.3
64 silly diffTrees update hubot-pugme@0.1.1
65 silly diffTrees update hubot-redis-brain@1.0.0
66 silly diffTrees update hubot-rules@1.0.0
67 silly diffTrees update hubot-scripts@2.17.2
68 silly diffTrees update hubot-shipit@0.2.1
69 silly diffTrees update hubot-slack@4.9.0
70 silly diffTrees add siritoriApp@1.0.0
71 silly decomposeActions action count 392
72 silly decomposeActions fetch asn1@0.2.4
73 silly decomposeActions extract asn1@0.2.4
74 silly decomposeActions preinstall asn1@0.2.4
75 silly decomposeActions build asn1@0.2.4
76 silly decomposeActions install asn1@0.2.4
77 silly decomposeActions postinstall asn1@0.2.4
78 silly decomposeActions finalize asn1@0.2.4
79 silly decomposeActions refresh-package-json asn1@0.2.4
80 silly decomposeActions fetch ecc-jsbn@0.1.2
81 silly decomposeActions extract ecc-jsbn@0.1.2
82 silly decomposeActions preinstall ecc-jsbn@0.1.2
83 silly decomposeActions build ecc-jsbn@0.1.2
84 silly decomposeActions install ecc-jsbn@0.1.2
85 silly decomposeActions postinstall ecc-jsbn@0.1.2
86 silly decomposeActions finalize ecc-jsbn@0.1.2
87 silly decomposeActions refresh-package-json ecc-jsbn@0.1.2
88 silly decomposeActions fetch tweetnacl@0.14.5
89 silly decomposeActions extract tweetnacl@0.14.5
90 silly decomposeActions preinstall tweetnacl@0.14.5
91 silly decomposeActions build tweetnacl@0.14.5
92 silly decomposeActions install tweetnacl@0.14.5
93 silly decomposeActions postinstall tweetnacl@0.14.5
94 silly decomposeActions finalize tweetnacl@0.14.5
95 silly decomposeActions refresh-package-json tweetnacl@0.14.5
96 silly decomposeActions fetch bcrypt-pbkdf@1.0.2
97 silly decomposeActions extract bcrypt-pbkdf@1.0.2
98 silly decomposeActions preinstall bcrypt-pbkdf@1.0.2
99 silly decomposeActions build bcrypt-pbkdf@1.0.2
100 silly decomposeActions install bcrypt-pbkdf@1.0.2
101 silly decomposeActions postinstall bcrypt-pbkdf@1.0.2
102 silly decomposeActions finalize bcrypt-pbkdf@1.0.2
103 silly decomposeActions refresh-package-json bcrypt-pbkdf@1.0.2
104 silly decomposeActions fetch sshpk@1.16.1
105 silly decomposeActions extract sshpk@1.16.1
106 silly decomposeActions preinstall sshpk@1.16.1
107 silly decomposeActions build sshpk@1.16.1
108 silly decomposeActions install sshpk@1.16.1
109 silly decomposeActions postinstall sshpk@1.16.1
110 silly decomposeActions finalize sshpk@1.16.1
111 silly decomposeActions refresh-package-json sshpk@1.16.1
112 silly decomposeActions fetch type-is@1.6.18
113 silly decomposeActions extract type-is@1.6.18
114 silly decomposeActions preinstall type-is@1.6.18
115 silly decomposeActions build type-is@1.6.18
116 silly decomposeActions install type-is@1.6.18
117 silly decomposeActions postinstall type-is@1.6.18
118 silly decomposeActions finalize type-is@1.6.18
119 silly decomposeActions refresh-package-json type-is@1.6.18
120 silly decomposeActions fetch uid-safe@2.1.5
121 silly decomposeActions extract uid-safe@2.1.5
122 silly decomposeActions preinstall uid-safe@2.1.5
123 silly decomposeActions build uid-safe@2.1.5
124 silly decomposeActions install uid-safe@2.1.5
125 silly decomposeActions postinstall uid-safe@2.1.5
126 silly decomposeActions finalize uid-safe@2.1.5
127 silly decomposeActions refresh-package-json uid-safe@2.1.5
128 silly decomposeActions unbuild multiparty
129 silly decomposeActions remove multiparty
130 silly decomposeActions fetch multiparty@4.2.2
131 silly decomposeActions extract multiparty@4.2.2
132 silly decomposeActions preinstall multiparty@4.2.2
133 silly decomposeActions build multiparty@4.2.2
134 silly decomposeActions install multiparty@4.2.2
135 silly decomposeActions postinstall multiparty@4.2.2
136 silly decomposeActions finalize multiparty@4.2.2
137 silly decomposeActions refresh-package-json multiparty@4.2.2
138 silly decomposeActions unbuild connect-multiparty
139 silly decomposeActions remove connect-multiparty
140 silly decomposeActions fetch connect-multiparty@2.2.0
141 silly decomposeActions extract connect-multiparty@2.2.0
142 silly decomposeActions preinstall connect-multiparty@2.2.0
143 silly decomposeActions build connect-multiparty@2.2.0
144 silly decomposeActions install connect-multiparty@2.2.0
145 silly decomposeActions postinstall connect-multiparty@2.2.0
146 silly decomposeActions finalize connect-multiparty@2.2.0
147 silly decomposeActions refresh-package-json connect-multiparty@2.2.0
148 silly decomposeActions fetch ultron@1.0.2
149 silly decomposeActions extract ultron@1.0.2
150 silly decomposeActions preinstall ultron@1.0.2
151 silly decomposeActions build ultron@1.0.2
152 silly decomposeActions install ultron@1.0.2
153 silly decomposeActions postinstall ultron@1.0.2
154 silly decomposeActions finalize ultron@1.0.2
155 silly decomposeActions refresh-package-json ultron@1.0.2
156 silly decomposeActions fetch unpipe@1.0.0
157 silly decomposeActions extract unpipe@1.0.0
158 silly decomposeActions preinstall unpipe@1.0.0
159 silly decomposeActions build unpipe@1.0.0
160 silly decomposeActions install unpipe@1.0.0
161 silly decomposeActions postinstall unpipe@1.0.0
162 silly decomposeActions finalize unpipe@1.0.0
163 silly decomposeActions refresh-package-json unpipe@1.0.0
164 silly decomposeActions fetch finalhandler@1.1.2
165 silly decomposeActions extract finalhandler@1.1.2
166 silly decomposeActions preinstall finalhandler@1.1.2
167 silly decomposeActions build finalhandler@1.1.2
168 silly decomposeActions install finalhandler@1.1.2
169 silly decomposeActions postinstall finalhandler@1.1.2
170 silly decomposeActions finalize finalhandler@1.1.2
171 silly decomposeActions refresh-package-json finalhandler@1.1.2
172 silly decomposeActions unbuild raw-body
173 silly decomposeActions remove raw-body
174 silly decomposeActions fetch raw-body@2.4.0
175 silly decomposeActions extract raw-body@2.4.0
176 silly decomposeActions preinstall raw-body@2.4.0
177 silly decomposeActions build raw-body@2.4.0
178 silly decomposeActions install raw-body@2.4.0
179 silly decomposeActions postinstall raw-body@2.4.0
180 silly decomposeActions finalize raw-body@2.4.0
181 silly decomposeActions refresh-package-json raw-body@2.4.0
182 silly decomposeActions unbuild body-parser
183 silly decomposeActions remove body-parser
184 silly decomposeActions fetch body-parser@1.19.0
185 silly decomposeActions extract body-parser@1.19.0
186 silly decomposeActions preinstall body-parser@1.19.0
187 silly decomposeActions build body-parser@1.19.0
188 silly decomposeActions install body-parser@1.19.0
189 silly decomposeActions postinstall body-parser@1.19.0
190 silly decomposeActions finalize body-parser@1.19.0
191 silly decomposeActions refresh-package-json body-parser@1.19.0
192 silly decomposeActions fetch uri-js@4.4.1
193 silly decomposeActions extract uri-js@4.4.1
194 silly decomposeActions preinstall uri-js@4.4.1
195 silly decomposeActions build uri-js@4.4.1
196 silly decomposeActions install uri-js@4.4.1
197 silly decomposeActions postinstall uri-js@4.4.1
198 silly decomposeActions finalize uri-js@4.4.1
199 silly decomposeActions refresh-package-json uri-js@4.4.1
200 silly decomposeActions fetch ajv@6.12.6
201 silly decomposeActions extract ajv@6.12.6
202 silly decomposeActions preinstall ajv@6.12.6
203 silly decomposeActions build ajv@6.12.6
204 silly decomposeActions install ajv@6.12.6
205 silly decomposeActions postinstall ajv@6.12.6
206 silly decomposeActions finalize ajv@6.12.6
207 silly decomposeActions refresh-package-json ajv@6.12.6
208 silly decomposeActions fetch har-validator@5.1.5
209 silly decomposeActions extract har-validator@5.1.5
210 silly decomposeActions preinstall har-validator@5.1.5
211 silly decomposeActions build har-validator@5.1.5
212 silly decomposeActions install har-validator@5.1.5
213 silly decomposeActions postinstall har-validator@5.1.5
214 silly decomposeActions finalize har-validator@5.1.5
215 silly decomposeActions refresh-package-json har-validator@5.1.5
216 silly decomposeActions fetch url-join@0.0.1
217 silly decomposeActions extract url-join@0.0.1
218 silly decomposeActions preinstall url-join@0.0.1
219 silly decomposeActions build url-join@0.0.1
220 silly decomposeActions install url-join@0.0.1
221 silly decomposeActions postinstall url-join@0.0.1
222 silly decomposeActions finalize url-join@0.0.1
223 silly decomposeActions refresh-package-json url-join@0.0.1
224 silly decomposeActions fetch utils-merge@1.0.1
225 silly decomposeActions extract utils-merge@1.0.1
226 silly decomposeActions preinstall utils-merge@1.0.1
227 silly decomposeActions build utils-merge@1.0.1
228 silly decomposeActions install utils-merge@1.0.1
229 silly decomposeActions postinstall utils-merge@1.0.1
230 silly decomposeActions finalize utils-merge@1.0.1
231 silly decomposeActions refresh-package-json utils-merge@1.0.1
232 silly decomposeActions fetch uuid@3.4.0
233 silly decomposeActions extract uuid@3.4.0
234 silly decomposeActions preinstall uuid@3.4.0
235 silly decomposeActions build uuid@3.4.0
236 silly decomposeActions install uuid@3.4.0
237 silly decomposeActions postinstall uuid@3.4.0
238 silly decomposeActions finalize uuid@3.4.0
239 silly decomposeActions refresh-package-json uuid@3.4.0
240 silly decomposeActions fetch vary@1.1.2
241 silly decomposeActions extract vary@1.1.2
242 silly decomposeActions preinstall vary@1.1.2
243 silly decomposeActions build vary@1.1.2
244 silly decomposeActions install vary@1.1.2
245 silly decomposeActions postinstall vary@1.1.2
246 silly decomposeActions finalize vary@1.1.2
247 silly decomposeActions refresh-package-json vary@1.1.2
248 silly decomposeActions unbuild express
249 silly decomposeActions remove express
250 silly decomposeActions fetch express@4.17.1
251 silly decomposeActions extract express@4.17.1
252 silly decomposeActions preinstall express@4.17.1
253 silly decomposeActions build express@4.17.1
254 silly decomposeActions install express@4.17.1
255 silly decomposeActions postinstall express@4.17.1
256 silly decomposeActions finalize express@4.17.1
257 silly decomposeActions refresh-package-json express@4.17.1
258 silly decomposeActions fetch verror@1.10.0
259 silly decomposeActions extract verror@1.10.0
260 silly decomposeActions preinstall verror@1.10.0
261 silly decomposeActions build verror@1.10.0
262 silly decomposeActions install verror@1.10.0
263 silly decomposeActions postinstall verror@1.10.0
264 silly decomposeActions finalize verror@1.10.0
265 silly decomposeActions refresh-package-json verror@1.10.0
266 silly decomposeActions fetch jsprim@1.4.1
267 silly decomposeActions extract jsprim@1.4.1
268 silly decomposeActions preinstall jsprim@1.4.1
269 silly decomposeActions build jsprim@1.4.1
270 silly decomposeActions install jsprim@1.4.1
271 silly decomposeActions postinstall jsprim@1.4.1
272 silly decomposeActions finalize jsprim@1.4.1
273 silly decomposeActions refresh-package-json jsprim@1.4.1
274 silly decomposeActions unbuild http-signature
275 silly decomposeActions remove http-signature
276 silly decomposeActions fetch http-signature@1.2.0
277 silly decomposeActions extract http-signature@1.2.0
278 silly decomposeActions preinstall http-signature@1.2.0
279 silly decomposeActions build http-signature@1.2.0
280 silly decomposeActions install http-signature@1.2.0
281 silly decomposeActions postinstall http-signature@1.2.0
282 silly decomposeActions finalize http-signature@1.2.0
283 silly decomposeActions refresh-package-json http-signature@1.2.0
284 silly decomposeActions unbuild request
285 silly decomposeActions remove request
286 silly decomposeActions fetch request@2.88.2
287 silly decomposeActions extract request@2.88.2
288 silly decomposeActions preinstall request@2.88.2
289 silly decomposeActions build request@2.88.2
290 silly decomposeActions install request@2.88.2
291 silly decomposeActions postinstall request@2.88.2
292 silly decomposeActions finalize request@2.88.2
293 silly decomposeActions refresh-package-json request@2.88.2
294 silly decomposeActions fetch async@1.0.0
295 silly decomposeActions extract async@1.0.0
296 silly decomposeActions preinstall async@1.0.0
297 silly decomposeActions build async@1.0.0
298 silly decomposeActions install async@1.0.0
299 silly decomposeActions postinstall async@1.0.0
300 silly decomposeActions finalize async@1.0.0
301 silly decomposeActions refresh-package-json async@1.0.0
302 silly decomposeActions fetch winston@2.4.5
303 silly decomposeActions extract winston@2.4.5
304 silly decomposeActions preinstall winston@2.4.5
305 silly decomposeActions build winston@2.4.5
306 silly decomposeActions install winston@2.4.5
307 silly decomposeActions postinstall winston@2.4.5
308 silly decomposeActions finalize winston@2.4.5
309 silly decomposeActions refresh-package-json winston@2.4.5
310 silly decomposeActions fetch ws@1.1.5
311 silly decomposeActions extract ws@1.1.5
312 silly decomposeActions preinstall ws@1.1.5
313 silly decomposeActions build ws@1.1.5
314 silly decomposeActions install ws@1.1.5
315 silly decomposeActions postinstall ws@1.1.5
316 silly decomposeActions finalize ws@1.1.5
317 silly decomposeActions refresh-package-json ws@1.1.5
318 silly decomposeActions unbuild @slack/client
319 silly decomposeActions remove @slack/client
320 silly decomposeActions fetch @slack/client@3.16.1-sec.2
321 silly decomposeActions extract @slack/client@3.16.1-sec.2
322 silly decomposeActions preinstall @slack/client@3.16.1-sec.2
323 silly decomposeActions build @slack/client@3.16.1-sec.2
324 silly decomposeActions install @slack/client@3.16.1-sec.2
325 silly decomposeActions postinstall @slack/client@3.16.1-sec.2
326 silly decomposeActions finalize @slack/client@3.16.1-sec.2
327 silly decomposeActions refresh-package-json @slack/client@3.16.1-sec.2
328 silly decomposeActions unbuild hubot
329 silly decomposeActions remove hubot
330 silly decomposeActions fetch hubot@3.3.2
331 silly decomposeActions extract hubot@3.3.2
332 silly decomposeActions preinstall hubot@3.3.2
333 silly decomposeActions build hubot@3.3.2
334 silly decomposeActions install hubot@3.3.2
335 silly decomposeActions postinstall hubot@3.3.2
336 silly decomposeActions finalize hubot@3.3.2
337 silly decomposeActions refresh-package-json hubot@3.3.2
338 silly decomposeActions unbuild hubot-diagnostics
339 silly decomposeActions remove hubot-diagnostics
340 silly decomposeActions fetch hubot-diagnostics@1.0.0
341 silly decomposeActions extract hubot-diagnostics@1.0.0
342 silly decomposeActions preinstall hubot-diagnostics@1.0.0
343 silly decomposeActions build hubot-diagnostics@1.0.0
344 silly decomposeActions install hubot-diagnostics@1.0.0
345 silly decomposeActions postinstall hubot-diagnostics@1.0.0
346 silly decomposeActions finalize hubot-diagnostics@1.0.0
347 silly decomposeActions refresh-package-json hubot-diagnostics@1.0.0
348 silly decomposeActions unbuild hubot-google-images
349 silly decomposeActions remove hubot-google-images
350 silly decomposeActions fetch hubot-google-images@0.2.7
351 silly decomposeActions extract hubot-google-images@0.2.7
352 silly decomposeActions preinstall hubot-google-images@0.2.7
353 silly decomposeActions build hubot-google-images@0.2.7
354 silly decomposeActions install hubot-google-images@0.2.7
355 silly decomposeActions postinstall hubot-google-images@0.2.7
356 silly decomposeActions finalize hubot-google-images@0.2.7
357 silly decomposeActions refresh-package-json hubot-google-images@0.2.7
358 silly decomposeActions unbuild hubot-google-translate
359 silly decomposeActions remove hubot-google-translate
360 silly decomposeActions fetch hubot-google-translate@0.2.1
361 silly decomposeActions extract hubot-google-translate@0.2.1
362 silly decomposeActions preinstall hubot-google-translate@0.2.1
363 silly decomposeActions build hubot-google-translate@0.2.1
364 silly decomposeActions install hubot-google-translate@0.2.1
365 silly decomposeActions postinstall hubot-google-translate@0.2.1
366 silly decomposeActions finalize hubot-google-translate@0.2.1
367 silly decomposeActions refresh-package-json hubot-google-translate@0.2.1
368 silly decomposeActions unbuild hubot-help
369 silly decomposeActions remove hubot-help
370 silly decomposeActions fetch hubot-help@1.0.1
371 silly decomposeActions extract hubot-help@1.0.1
372 silly decomposeActions preinstall hubot-help@1.0.1
373 silly decomposeActions build hubot-help@1.0.1
374 silly decomposeActions install hubot-help@1.0.1
375 silly decomposeActions postinstall hubot-help@1.0.1
376 silly decomposeActions finalize hubot-help@1.0.1
377 silly decomposeActions refresh-package-json hubot-help@1.0.1
378 silly decomposeActions unbuild hubot-heroku-keepalive
379 silly decomposeActions remove hubot-heroku-keepalive
380 silly decomposeActions fetch hubot-heroku-keepalive@1.0.3
381 silly decomposeActions extract hubot-heroku-keepalive@1.0.3
382 silly decomposeActions preinstall hubot-heroku-keepalive@1.0.3
383 silly decomposeActions build hubot-heroku-keepalive@1.0.3
384 silly decomposeActions install hubot-heroku-keepalive@1.0.3
385 silly decomposeActions postinstall hubot-heroku-keepalive@1.0.3
386 silly decomposeActions finalize hubot-heroku-keepalive@1.0.3
387 silly decomposeActions refresh-package-json hubot-heroku-keepalive@1.0.3
388 silly decomposeActions unbuild hubot-maps
389 silly decomposeActions remove hubot-maps
390 silly decomposeActions fetch hubot-maps@0.0.3
391 silly decomposeActions extract hubot-maps@0.0.3
392 silly decomposeActions preinstall hubot-maps@0.0.3
393 silly decomposeActions build hubot-maps@0.0.3
394 silly decomposeActions install hubot-maps@0.0.3
395 silly decomposeActions postinstall hubot-maps@0.0.3
396 silly decomposeActions finalize hubot-maps@0.0.3
397 silly decomposeActions refresh-package-json hubot-maps@0.0.3
398 silly decomposeActions unbuild hubot-pugme
399 silly decomposeActions remove hubot-pugme
400 silly decomposeActions fetch hubot-pugme@0.1.1
401 silly decomposeActions extract hubot-pugme@0.1.1
402 silly decomposeActions preinstall hubot-pugme@0.1.1
403 silly decomposeActions build hubot-pugme@0.1.1
404 silly decomposeActions install hubot-pugme@0.1.1
405 silly decomposeActions postinstall hubot-pugme@0.1.1
406 silly decomposeActions finalize hubot-pugme@0.1.1
407 silly decomposeActions refresh-package-json hubot-pugme@0.1.1
408 silly decomposeActions unbuild hubot-redis-brain
409 silly decomposeActions remove hubot-redis-brain
410 silly decomposeActions fetch hubot-redis-brain@1.0.0
411 silly decomposeActions extract hubot-redis-brain@1.0.0
412 silly decomposeActions preinstall hubot-redis-brain@1.0.0
413 silly decomposeActions build hubot-redis-brain@1.0.0
414 silly decomposeActions install hubot-redis-brain@1.0.0
415 silly decomposeActions postinstall hubot-redis-brain@1.0.0
416 silly decomposeActions finalize hubot-redis-brain@1.0.0
417 silly decomposeActions refresh-package-json hubot-redis-brain@1.0.0
418 silly decomposeActions unbuild hubot-rules
419 silly decomposeActions remove hubot-rules
420 silly decomposeActions fetch hubot-rules@1.0.0
421 silly decomposeActions extract hubot-rules@1.0.0
422 silly decomposeActions preinstall hubot-rules@1.0.0
423 silly decomposeActions build hubot-rules@1.0.0
424 silly decomposeActions install hubot-rules@1.0.0
425 silly decomposeActions postinstall hubot-rules@1.0.0
426 silly decomposeActions finalize hubot-rules@1.0.0
427 silly decomposeActions refresh-package-json hubot-rules@1.0.0
428 silly decomposeActions unbuild hubot-scripts
429 silly decomposeActions remove hubot-scripts
430 silly decomposeActions fetch hubot-scripts@2.17.2
431 silly decomposeActions extract hubot-scripts@2.17.2
432 silly decomposeActions preinstall hubot-scripts@2.17.2
433 silly decomposeActions build hubot-scripts@2.17.2
434 silly decomposeActions install hubot-scripts@2.17.2
435 silly decomposeActions postinstall hubot-scripts@2.17.2
436 silly decomposeActions finalize hubot-scripts@2.17.2
437 silly decomposeActions refresh-package-json hubot-scripts@2.17.2
438 silly decomposeActions unbuild hubot-shipit
439 silly decomposeActions remove hubot-shipit
440 silly decomposeActions fetch hubot-shipit@0.2.1
441 silly decomposeActions extract hubot-shipit@0.2.1
442 silly decomposeActions preinstall hubot-shipit@0.2.1
443 silly decomposeActions build hubot-shipit@0.2.1
444 silly decomposeActions install hubot-shipit@0.2.1
445 silly decomposeActions postinstall hubot-shipit@0.2.1
446 silly decomposeActions finalize hubot-shipit@0.2.1
447 silly decomposeActions refresh-package-json hubot-shipit@0.2.1
448 silly decomposeActions unbuild hubot-slack
449 silly decomposeActions remove hubot-slack
450 silly decomposeActions fetch hubot-slack@4.9.0
451 silly decomposeActions extract hubot-slack@4.9.0
452 silly decomposeActions preinstall hubot-slack@4.9.0
453 silly decomposeActions build hubot-slack@4.9.0
454 silly decomposeActions install hubot-slack@4.9.0
455 silly decomposeActions postinstall hubot-slack@4.9.0
456 silly decomposeActions finalize hubot-slack@4.9.0
457 silly decomposeActions refresh-package-json hubot-slack@4.9.0
458 silly decomposeActions preinstall siritoriApp@1.0.0
459 silly decomposeActions build siritoriApp@1.0.0
460 silly decomposeActions install siritoriApp@1.0.0
461 silly decomposeActions postinstall siritoriApp@1.0.0
462 silly decomposeActions finalize siritoriApp@1.0.0
463 silly decomposeActions refresh-package-json siritoriApp@1.0.0
464 silly install executeActions
465 silly doSerial global-install 392
466 verbose correctMkdir /home/siritorihubot/.npm/_locks correctMkdir not in flight; initializing
467 verbose lock using /home/siritorihubot/.npm/_locks/staging-84e12cf60e694cfb.lock for /home/siritorihubot/node_modules/.staging
468 silly doParallel extract 43
469 silly extract asn1@0.2.4
470 silly extract ecc-jsbn@0.1.2
471 silly extract tweetnacl@0.14.5
472 silly extract bcrypt-pbkdf@1.0.2
473 silly extract sshpk@1.16.1
474 silly extract type-is@1.6.18
475 silly extract uid-safe@2.1.5
476 silly extract multiparty@4.2.2
477 silly extract connect-multiparty@2.2.0
478 silly extract ultron@1.0.2
479 silly extract unpipe@1.0.0
480 silly extract finalhandler@1.1.2
481 silly extract raw-body@2.4.0
482 silly extract body-parser@1.19.0
483 silly extract uri-js@4.4.1
484 silly extract ajv@6.12.6
485 silly extract har-validator@5.1.5
486 silly extract url-join@0.0.1
487 silly extract utils-merge@1.0.1
488 silly extract uuid@3.4.0
489 silly extract vary@1.1.2
490 silly extract express@4.17.1
491 silly extract verror@1.10.0
492 silly extract jsprim@1.4.1
493 silly extract http-signature@1.2.0
494 silly extract request@2.88.2
495 silly extract async@1.0.0
496 silly extract winston@2.4.5
497 silly extract ws@1.1.5
498 silly extract @slack/client@3.16.1-sec.2
499 silly extract hubot@3.3.2
500 silly extract hubot-diagnostics@1.0.0
501 silly extract hubot-google-images@0.2.7
502 silly extract hubot-google-translate@0.2.1
503 silly extract hubot-help@1.0.1
504 silly extract hubot-heroku-keepalive@1.0.3
505 silly extract hubot-maps@0.0.3
506 silly extract hubot-pugme@0.1.1
507 silly extract hubot-redis-brain@1.0.0
508 silly extract hubot-rules@1.0.0
509 silly extract hubot-scripts@2.17.2
510 silly extract hubot-shipit@0.2.1
511 silly extract hubot-slack@4.9.0
512 silly tarball trying asn1@0.2.4 by hash: sha512-jxwzQpLQjSmWXgwaCZE9Nz+glAG01yF1QnWgbhGwHI5A6FRIEY6IVqtHhIepHqI7/kyEyQEagBC5mBEFlIYvdg==
513 silly tarball trying hubot-slack@4.9.0 by hash: sha512-liNHxyii/XZe2ypXP8IEPas5paJwVVRVZYMcVy3cHlIYzRaY+99ayBptEI+KWfqzhzxnLGV2aGjHUjolBsl0iA==
514 silly tarball trying hubot-rules@1.0.0 by hash: sha512-IXeTYp6aK25Hgio8ezYr9vruLt1dICL9+kImaXefbfanSjNiNDvltNZfwANqeBx4Zm92A6yi36XxbWR5ZS5kNg==
515 silly tarball trying hubot-scripts@2.17.2 by hash: sha1-mwjpB9XPq6cteDIEBnp4zp3zriQ=
516 silly tarball trying ecc-jsbn@0.1.2 by hash: sha1-OoOpBOVDUyh4dMVkt1SThoSamMk=
517 silly tarball trying tweetnacl@0.14.5 by hash: sha1-WuaBd/GS1EViadEIr6k/+HQ/T2Q=
518 silly tarball trying bcrypt-pbkdf@1.0.2 by hash: sha1-pDAdOJtqQ/m2f/PKEaP2Y342Dp4=
519 silly tarball trying uid-safe@2.1.5 by hash: sha512-KPHm4VL5dDXKz01UuEd88Df+KzynaohSL9fBh096KWAxSKZQDI2uBrVqtvRM4rwrIrRRKsdLNML/lnaaVSRioA==
520 silly tarball trying connect-multiparty@2.2.0 by hash: sha512-zKcpA7cuXGEhuw9Pz7JmVCFmp85jzGLGm/iiagXTwyEAJp4ypLPtRS/V4IGuGb9KjjrgHBs6P/gDCpZHnFzksA==
521 silly tarball trying sshpk@1.16.1 by hash: sha512-HXXqVUq7+pcKeLqqZj6mHFUMvXtOJt1uoUx09pFW6011inTMxqI8BA8PM95myrIyyKwdnzjdFjLiE6KBPVtJIg==
522 silly tarball trying type-is@1.6.18 by hash: sha512-TkRKr9sUTxEH8MdfuCSP7VizJyzRNMjj2J2do2Jr3Kym598JVdEksuzPQCnlFPW4ky9Q+iA+ma9BGm06XQBy8g==
523 silly tarball trying unpipe@1.0.0 by hash: sha1-sr9O6FFKrmFltIF4KdIbLvSZBOw=
524 silly tarball trying ultron@1.0.2 by hash: sha1-rOEWq1V80Zc4ak6I9GhTeMiy5Po=
525 silly tarball trying finalhandler@1.1.2 by hash: sha512-aAWcW57uxVNrQZqFXjITpW3sIUQmHGG3qSb9mUah9MgMC4NeWhNOlNjXEYq3HjRAvL6arUviZGGJsBg6z0zsWA==
526 silly tarball trying multiparty@4.2.2 by hash: sha512-NtZLjlvsjcoGrzojtwQwn/Tm90aWJ6XXtPppYF4WmOk/6ncdwMMKggFY2NlRRN9yiCEIVxpOfPWahVEG2HAG8Q==
527 silly tarball trying raw-body@2.4.0 by hash: sha512-4Oz8DUIwdvoa5qMJelxipzi/iJIi40O5cGV1wNYp5hvZP8ZN0T+jiNkL0QepXs+EsQ9XJ8ipEDoiH70ySUJP3Q==
528 silly tarball trying uri-js@4.4.1 by hash: sha512-7rKUyy33Q1yc98pQ1DAmLtwX109F7TIfWlW1Ydo8Wl1ii1SeHieeh0HHfPeL2fMXK6z0s8ecKs9frCuLJvndBg==
529 silly tarball trying body-parser@1.19.0 by hash: sha512-dhEPs72UPbDnAQJ9ZKMNTP6ptJaionhP5cBb541nXPlW60Jepo9RV/a4fX4XWW9CuFNK22krhrj1+rgzifNCsw==
530 silly tarball trying ajv@6.12.6 by hash: sha512-j3fVLgvTo527anyYyJOGTYJbG+vnnQYvE0m5mmkc1TK+nxAppkCLMIL0aZ4dblVCNoGShhm+kzE4ZUykBoMg4g==
531 silly tarball trying url-join@0.0.1 by hash: sha1-HbSK1CLTQCRpqH99l73r/k+x48g=
532 silly tarball trying har-validator@5.1.5 by hash: sha512-nmT2T0lljbxdQZfspsno9hgrG3Uir6Ks5afism62poxqBM6sDnMEuPmzTq8XN0OEwqKLLdh1jQI3qyE66Nzb3w==
533 silly tarball trying utils-merge@1.0.1 by hash: sha1-n5VxD1CiZ5R7LMwSR0HBAoQn5xM=
534 silly tarball trying uuid@3.4.0 by hash: sha512-HjSDRw6gZE5JMggctHBcjVak08+KEVhSIiDzFnT9S9aegmp85S/bReBVTb4QTFaRNptJ9kuYaNhnbNEOkbKb/A==
535 silly tarball trying express@4.17.1 by hash: sha512-mHJ9O79RqluphRrcw2X/GTh3k9tVv8YcoyY4Kkh4WDMUYKRZUq0h1o0w2rrrxBqM7VoeUVqgb27xlEMXTnYt4g==
536 silly tarball trying vary@1.1.2 by hash: sha1-IpnwLG3tMNSllhsLn3RSShj2NPw=
537 silly tarball trying verror@1.10.0 by hash: sha1-OhBcoXBTr1XW4nDB+CiGguGNpAA=
538 silly tarball trying http-signature@1.2.0 by hash: sha1-muzZJRFHcvPZW2WmCruPfBj7rOE=
539 silly tarball trying jsprim@1.4.1 by hash: sha1-MT5mvB5cwG5Di8G3SZwuXFastqI=
540 silly tarball trying async@1.0.0 by hash: sha1-+PwEyjoTeErenhZBr5hXjPvWR6k=
541 silly tarball trying request@2.88.2 by hash: sha512-MsvtOrfG9ZcrOwAW+Qi+F6HbD0CWXEh9ou77uOb7FM2WPhwT7smM833PzanhJLsgXjN89Ir6V2PczXNnMpwKhw==
542 silly tarball trying ws@1.1.5 by hash: sha512-o3KqipXNUdS7wpQzBHSe180lBGO60SoK0yVo3CYJgb2MkobuWuBX6dhkYP5ORCLd55y+SaflMOV5fqAB53ux4w==
543 silly tarball trying winston@2.4.5 by hash: sha512-TWoamHt5yYvsMarGlGEQE59SbJHqGsZV8/lwC+iCcGeAe0vUaOh+Lv6SYM17ouzC/a/LB1/hz/7sxFBtlu1l4A==
544 silly tarball trying hubot-google-images@0.2.7 by hash: sha1-qKH5CU12gwvxkxdwiI+rDcDBGk0=
545 silly tarball trying @slack/client@3.16.1-sec.2 by hash: sha512-FAERJJAurczrvgShW+9V95NdVYgf8FdIexUqfBgNuToRrLRDRcWNf0nGyfKAvl2RH1ncppzJp3iXgMNJFnJXhQ==
546 silly tarball trying hubot@3.3.2 by hash: sha512-+8h/s+t5GirjuDW5K1QjTGBGzOU8ksEi51HeLdFghYOWj40x6ndhAU3C6SRPk/7yHj6luVPuVi/Y8s0P+lqM9Q==
547 silly tarball trying hubot-diagnostics@1.0.0 by hash: sha512-4kuR04lULoDDra/Z7B/rgMQMZW531Ve5hwhd8xNOKAl8e1cb5bZNqVpGFYF174eYcN54+RZuWQFHsntjvczyag==
548 silly tarball trying hubot-google-translate@0.2.1 by hash: sha1-P0lsfywgmU1ZS0t1GDiY4rYnu34=
549 silly tarball trying hubot-maps@0.0.3 by hash: sha1-yPxbA0h1TmJhbVuZsr85BMXuWDw=
550 silly tarball trying hubot-help@1.0.1 by hash: sha512-1gL7ywROwQG6Grom68Bhi8O7YHn/qEkg3tGgap+tFejZGxVnFyJ/LcStBScW/zUj4yf0GlDaExR/vsaTjzBRsA==
551 silly tarball trying hubot-pugme@0.1.1 by hash: sha1-u/O5k4MVFsgU9WnPDwUxP7mjFFg=
552 silly tarball trying hubot-redis-brain@1.0.0 by hash: sha512-F3udeIfYZ+49ezeWKQgcI41PblsyRnHvAWrqjJV/HGApPCxX1P0cPiNna3B/ml6V5EOOZLsVeelukwtxDhh09A==
553 silly tarball trying hubot-heroku-keepalive@1.0.3 by hash: sha1-KVDigJXuSmrOK3b5DiqRupHmgTw=
554 silly tarball trying hubot-shipit@0.2.1 by hash: sha1-T7yeFhlTv3kB/cNuKnAsExA/FrI=
555 silly extract uid-safe@2.1.5 extracted to /home/siritorihubot/node_modules/.staging/uid-safe-2d58cfd0 (343ms)
556 silly extract connect-multiparty@2.2.0 extracted to /home/siritorihubot/node_modules/.staging/connect-multiparty-94174a55 (343ms)
557 silly extract type-is@1.6.18 extracted to /home/siritorihubot/node_modules/.staging/type-is-b075384e (345ms)
558 silly extract unpipe@1.0.0 extracted to /home/siritorihubot/node_modules/.staging/unpipe-6f0bda69 (344ms)
559 silly extract finalhandler@1.1.2 extracted to /home/siritorihubot/node_modules/.staging/finalhandler-aacc6d5d (345ms)
560 silly extract utils-merge@1.0.1 extracted to /home/siritorihubot/node_modules/.staging/utils-merge-527980f0 (348ms)
561 silly extract vary@1.1.2 extracted to /home/siritorihubot/node_modules/.staging/vary-2d4e580c (349ms)
562 silly extract hubot-help@1.0.1 extracted to /home/siritorihubot/node_modules/.staging/hubot-help-7dc05b4a (351ms)
563 silly extract har-validator@5.1.5 extracted to /home/siritorihubot/node_modules/.staging/har-validator-59439039 (381ms)
564 timing audit submit Completed in 418ms
565 http fetch POST 200 https://registry.npmjs.org/-/npm/v1/security/audits/quick 418ms
566 timing audit body Completed in 1ms
567 silly extract url-join@0.0.1 extracted to /home/siritorihubot/node_modules/.staging/url-join-df69c66b (384ms)
568 silly extract bcrypt-pbkdf@1.0.2 extracted to /home/siritorihubot/node_modules/.staging/bcrypt-pbkdf-a809bcd7 (395ms)
569 silly extract raw-body@2.4.0 extracted to /home/siritorihubot/node_modules/.staging/raw-body-6f3fc3e9 (400ms)
570 silly extract jsprim@1.4.1 extracted to /home/siritorihubot/node_modules/.staging/jsprim-8b88e84a (403ms)
571 silly extract hubot-maps@0.0.3 extracted to /home/siritorihubot/node_modules/.staging/hubot-maps-785638b4 (404ms)
572 silly extract multiparty@4.2.2 extracted to /home/siritorihubot/node_modules/.staging/multiparty-c27611c5 (413ms)
573 silly extract ultron@1.0.2 extracted to /home/siritorihubot/node_modules/.staging/ultron-ac55581a (412ms)
574 silly extract verror@1.10.0 extracted to /home/siritorihubot/node_modules/.staging/verror-41e050ec (441ms)
575 silly extract hubot-rules@1.0.0 extracted to /home/siritorihubot/node_modules/.staging/hubot-rules-23d7b18f (443ms)
576 silly extract hubot-diagnostics@1.0.0 extracted to /home/siritorihubot/node_modules/.staging/hubot-diagnostics-5d06626d (453ms)
577 silly extract asn1@0.2.4 extracted to /home/siritorihubot/node_modules/.staging/asn1-993058b5 (461ms)
578 silly extract hubot-shipit@0.2.1 extracted to /home/siritorihubot/node_modules/.staging/hubot-shipit-9db5d724 (456ms)
579 silly extract hubot-redis-brain@1.0.0 extracted to /home/siritorihubot/node_modules/.staging/hubot-redis-brain-c7fb3a33 (463ms)
580 silly extract hubot-google-translate@0.2.1 extracted to /home/siritorihubot/node_modules/.staging/hubot-google-translate-23456d78 (473ms)
581 silly extract hubot-pugme@0.1.1 extracted to /home/siritorihubot/node_modules/.staging/hubot-pugme-baf8ad7f (473ms)
582 silly extract hubot-google-images@0.2.7 extracted to /home/siritorihubot/node_modules/.staging/hubot-google-images-8bdb894e (482ms)
583 silly extract hubot-heroku-keepalive@1.0.3 extracted to /home/siritorihubot/node_modules/.staging/hubot-heroku-keepalive-30405c77 (495ms)
584 silly extract body-parser@1.19.0 extracted to /home/siritorihubot/node_modules/.staging/body-parser-d9163a69 (511ms)
585 silly extract http-signature@1.2.0 extracted to /home/siritorihubot/node_modules/.staging/http-signature-32d5797e (517ms)
586 silly extract ecc-jsbn@0.1.2 extracted to /home/siritorihubot/node_modules/.staging/ecc-jsbn-b50c0683 (524ms)
587 silly extract async@1.0.0 extracted to /home/siritorihubot/node_modules/.staging/async-753dcdbe (525ms)
588 silly extract uuid@3.4.0 extracted to /home/siritorihubot/node_modules/.staging/uuid-ce368aa3 (553ms)
589 silly extract tweetnacl@0.14.5 extracted to /home/siritorihubot/node_modules/.staging/tweetnacl-dce8224f (567ms)
590 silly extract ws@1.1.5 extracted to /home/siritorihubot/node_modules/.staging/ws-68f7ace1 (575ms)
591 silly extract express@4.17.1 extracted to /home/siritorihubot/node_modules/.staging/express-87416089 (606ms)
592 silly extract request@2.88.2 extracted to /home/siritorihubot/node_modules/.staging/request-6907681c (606ms)
593 silly extract winston@2.4.5 extracted to /home/siritorihubot/node_modules/.staging/winston-3e2ba7b7 (722ms)
594 silly extract sshpk@1.16.1 extracted to /home/siritorihubot/node_modules/.staging/sshpk-3eda9af8 (753ms)
595 silly extract uri-js@4.4.1 extracted to /home/siritorihubot/node_modules/.staging/uri-js-ae580b6b (818ms)
596 silly extract hubot@3.3.2 extracted to /home/siritorihubot/node_modules/.staging/hubot-6399f7ba (854ms)
597 silly extract hubot-slack@4.9.0 extracted to /home/siritorihubot/node_modules/.staging/hubot-slack-b89ecbe0 (872ms)
598 silly extract ajv@6.12.6 extracted to /home/siritorihubot/node_modules/.staging/ajv-a41208e8 (972ms)
599 silly extract @slack/client@3.16.1-sec.2 extracted to /home/siritorihubot/node_modules/.staging/@slack/client-e4992150 (1212ms)
600 silly extract hubot-scripts@2.17.2 extracted to /home/siritorihubot/node_modules/.staging/hubot-scripts-5da6be86 (1442ms)
601 timing action:extract Completed in 1452ms
602 silly doReverseSerial unbuild 392
603 silly unbuild hubot-slack
604 info lifecycle undefined~preuninstall: undefined
605 info lifecycle undefined~uninstall: undefined
606 verbose unbuild rmStuff undefined from /home/siritorihubot/node_modules
607 info lifecycle undefined~postuninstall: undefined
608 silly unbuild hubot-shipit
609 info lifecycle undefined~preuninstall: undefined
610 info lifecycle undefined~uninstall: undefined
611 verbose unbuild rmStuff undefined from /home/siritorihubot/node_modules
612 info lifecycle undefined~postuninstall: undefined
613 silly unbuild hubot-scripts
614 info lifecycle undefined~preuninstall: undefined
615 info lifecycle undefined~uninstall: undefined
616 verbose unbuild rmStuff undefined from /home/siritorihubot/node_modules
617 info lifecycle undefined~postuninstall: undefined
618 silly unbuild hubot-rules
619 info lifecycle undefined~preuninstall: undefined
620 info lifecycle undefined~uninstall: undefined
621 verbose unbuild rmStuff undefined from /home/siritorihubot/node_modules
622 info lifecycle undefined~postuninstall: undefined
623 silly unbuild hubot-redis-brain
624 info lifecycle undefined~preuninstall: undefined
625 info lifecycle undefined~uninstall: undefined
626 verbose unbuild rmStuff undefined from /home/siritorihubot/node_modules
627 info lifecycle undefined~postuninstall: undefined
628 silly unbuild hubot-pugme
629 info lifecycle undefined~preuninstall: undefined
630 info lifecycle undefined~uninstall: undefined
631 verbose unbuild rmStuff undefined from /home/siritorihubot/node_modules
632 info lifecycle undefined~postuninstall: undefined
633 silly unbuild hubot-maps
634 info lifecycle undefined~preuninstall: undefined
635 info lifecycle undefined~uninstall: undefined
636 verbose unbuild rmStuff undefined from /home/siritorihubot/node_modules
637 info lifecycle undefined~postuninstall: undefined
638 silly unbuild hubot-heroku-keepalive
639 info lifecycle undefined~preuninstall: undefined
640 info lifecycle undefined~uninstall: undefined
641 verbose unbuild rmStuff undefined from /home/siritorihubot/node_modules
642 info lifecycle undefined~postuninstall: undefined
643 silly unbuild hubot-help
644 info lifecycle undefined~preuninstall: undefined
645 info lifecycle undefined~uninstall: undefined
646 verbose unbuild rmStuff undefined from /home/siritorihubot/node_modules
647 info lifecycle undefined~postuninstall: undefined
648 silly unbuild hubot-google-translate
649 info lifecycle undefined~preuninstall: undefined
650 info lifecycle undefined~uninstall: undefined
651 verbose unbuild rmStuff undefined from /home/siritorihubot/node_modules
652 info lifecycle undefined~postuninstall: undefined
653 silly unbuild hubot-google-images
654 info lifecycle undefined~preuninstall: undefined
655 info lifecycle undefined~uninstall: undefined
656 verbose unbuild rmStuff undefined from /home/siritorihubot/node_modules
657 info lifecycle undefined~postuninstall: undefined
658 silly unbuild hubot-diagnostics
659 info lifecycle undefined~preuninstall: undefined
660 info lifecycle undefined~uninstall: undefined
661 verbose unbuild rmStuff undefined from /home/siritorihubot/node_modules
662 info lifecycle undefined~postuninstall: undefined
663 silly unbuild hubot
664 info lifecycle undefined~preuninstall: undefined
665 info lifecycle undefined~uninstall: undefined
666 verbose unbuild rmStuff undefined from /home/siritorihubot/node_modules
667 info lifecycle undefined~postuninstall: undefined
668 silly unbuild @slack/client
669 info lifecycle undefined~preuninstall: undefined
670 info lifecycle undefined~uninstall: undefined
671 verbose unbuild rmStuff undefined from /home/siritorihubot/node_modules
672 info lifecycle undefined~postuninstall: undefined
673 silly unbuild request
674 info lifecycle undefined~preuninstall: undefined
675 info lifecycle undefined~uninstall: undefined
676 verbose unbuild rmStuff undefined from /home/siritorihubot/node_modules
677 info lifecycle undefined~postuninstall: undefined
678 silly unbuild http-signature
679 info lifecycle undefined~preuninstall: undefined
680 info lifecycle undefined~uninstall: undefined
681 verbose unbuild rmStuff undefined from /home/siritorihubot/node_modules
682 info lifecycle undefined~postuninstall: undefined
683 silly unbuild express
684 info lifecycle undefined~preuninstall: undefined
685 info lifecycle undefined~uninstall: undefined
686 verbose unbuild rmStuff undefined from /home/siritorihubot/node_modules
687 info lifecycle undefined~postuninstall: undefined
688 silly unbuild body-parser
689 info lifecycle undefined~preuninstall: undefined
690 info lifecycle undefined~uninstall: undefined
691 verbose unbuild rmStuff undefined from /home/siritorihubot/node_modules
692 info lifecycle undefined~postuninstall: undefined
693 silly unbuild raw-body
694 info lifecycle undefined~preuninstall: undefined
695 info lifecycle undefined~uninstall: undefined
696 verbose unbuild rmStuff undefined from /home/siritorihubot/node_modules
697 info lifecycle undefined~postuninstall: undefined
698 silly unbuild connect-multiparty
699 info lifecycle undefined~preuninstall: undefined
700 info lifecycle undefined~uninstall: undefined
701 verbose unbuild rmStuff undefined from /home/siritorihubot/node_modules
702 info lifecycle undefined~postuninstall: undefined
703 silly unbuild multiparty
704 info lifecycle undefined~preuninstall: undefined
705 info lifecycle undefined~uninstall: undefined
706 verbose unbuild rmStuff undefined from /home/siritorihubot/node_modules
707 verbose unbuild rmStuff in /home/siritorihubot/node_modules/connect-multiparty/node_modules
708 info lifecycle undefined~postuninstall: undefined
709 timing action:unbuild Completed in 7ms
710 silly doSerial remove 392
711 silly remove /home/siritorihubot/node_modules/connect-multiparty/node_modules/multiparty
712 silly remove /home/siritorihubot/node_modules/connect-multiparty
713 silly remove /home/siritorihubot/node_modules/raw-body
714 silly remove /home/siritorihubot/node_modules/body-parser
715 silly remove /home/siritorihubot/node_modules/express
716 silly remove /home/siritorihubot/node_modules/http-signature
717 silly remove /home/siritorihubot/node_modules/request
718 silly remove /home/siritorihubot/node_modules/@slack/client
719 silly remove /home/siritorihubot/node_modules/hubot
720 silly remove /home/siritorihubot/node_modules/hubot-diagnostics
721 silly remove /home/siritorihubot/node_modules/hubot-google-images
722 silly remove /home/siritorihubot/node_modules/hubot-google-translate
723 silly remove /home/siritorihubot/node_modules/hubot-help
724 silly remove /home/siritorihubot/node_modules/hubot-heroku-keepalive
725 silly remove /home/siritorihubot/node_modules/hubot-maps
726 silly remove /home/siritorihubot/node_modules/hubot-pugme
727 silly remove /home/siritorihubot/node_modules/hubot-redis-brain
728 silly remove /home/siritorihubot/node_modules/hubot-rules
729 silly remove /home/siritorihubot/node_modules/hubot-scripts
730 silly remove /home/siritorihubot/node_modules/hubot-shipit
731 silly remove /home/siritorihubot/node_modules/hubot-slack
732 timing action:remove Completed in 439ms
733 silly doSerial move 392
734 silly doSerial finalize 392
735 silly finalize /home/siritorihubot/node_modules/asn1
736 silly finalize /home/siritorihubot/node_modules/ecc-jsbn
737 silly finalize /home/siritorihubot/node_modules/tweetnacl
738 silly finalize /home/siritorihubot/node_modules/bcrypt-pbkdf
739 silly finalize /home/siritorihubot/node_modules/sshpk
740 silly finalize /home/siritorihubot/node_modules/type-is
741 silly finalize /home/siritorihubot/node_modules/uid-safe
742 silly finalize /home/siritorihubot/node_modules/connect-multiparty/node_modules/multiparty
743 silly finalize /home/siritorihubot/node_modules/connect-multiparty
744 silly finalize /home/siritorihubot/node_modules/ultron
745 silly finalize /home/siritorihubot/node_modules/unpipe
746 silly finalize /home/siritorihubot/node_modules/finalhandler
747 silly finalize /home/siritorihubot/node_modules/raw-body
748 silly finalize /home/siritorihubot/node_modules/body-parser
749 silly finalize /home/siritorihubot/node_modules/uri-js
750 silly finalize /home/siritorihubot/node_modules/ajv
751 silly finalize /home/siritorihubot/node_modules/har-validator
752 silly finalize /home/siritorihubot/node_modules/url-join
753 silly finalize /home/siritorihubot/node_modules/utils-merge
754 silly finalize /home/siritorihubot/node_modules/uuid
755 silly finalize /home/siritorihubot/node_modules/vary
756 silly finalize /home/siritorihubot/node_modules/express
757 silly finalize /home/siritorihubot/node_modules/verror
758 silly finalize /home/siritorihubot/node_modules/jsprim
759 silly finalize /home/siritorihubot/node_modules/http-signature
760 silly finalize /home/siritorihubot/node_modules/request
761 silly finalize /home/siritorihubot/node_modules/winston/node_modules/async
762 silly finalize /home/siritorihubot/node_modules/winston
763 silly finalize /home/siritorihubot/node_modules/ws
764 timing action:finalize Completed in 386ms
765 verbose unlock done using /home/siritorihubot/.npm/_locks/staging-84e12cf60e694cfb.lock for /home/siritorihubot/node_modules/.staging
766 timing stage:rollbackFailedOptional Completed in 15ms
767 timing stage:runTopLevelLifecycles Completed in 4255ms
768 silly saveTree siritorihubot@0.0.0
768 silly saveTree ├── hubot-diagnostics@1.0.0
768 silly saveTree ├── hubot-google-images@0.2.7
768 silly saveTree ├── hubot-google-translate@0.2.1
768 silly saveTree ├── hubot-help@1.0.1
768 silly saveTree ├── hubot-heroku-keepalive@1.0.3
768 silly saveTree ├── hubot-maps@0.0.3
768 silly saveTree ├── hubot-pugme@0.1.1
768 silly saveTree ├─┬ hubot-redis-brain@1.0.0
768 silly saveTree │ └─┬ redis@2.8.0
768 silly saveTree │   ├── double-ended-queue@2.1.0-0
768 silly saveTree │   ├── redis-commands@1.7.0
768 silly saveTree │   └── redis-parser@2.6.0
768 silly saveTree ├── hubot-rules@1.0.0
768 silly saveTree ├─┬ hubot-scripts@2.17.2
768 silly saveTree │ └── redis@0.8.4
768 silly saveTree ├── hubot-shipit@0.2.1
768 silly saveTree ├─┬ hubot-slack@4.9.0
768 silly saveTree │ ├─┬ @slack/client@3.16.1-sec.2
768 silly saveTree │ │ ├── async@1.5.2
768 silly saveTree │ │ ├── bluebird@3.7.2
768 silly saveTree │ │ ├── eventemitter3@1.2.0
768 silly saveTree │ │ ├─┬ https-proxy-agent@2.2.4
768 silly saveTree │ │ │ ├─┬ agent-base@4.3.0
768 silly saveTree │ │ │ │ └─┬ es6-promisify@5.0.0
768 silly saveTree │ │ │ │   └── es6-promise@4.2.8
768 silly saveTree │ │ │ └─┬ debug@3.2.7
768 silly saveTree │ │ │   └── ms@2.1.3
768 silly saveTree │ │ ├── inherits@2.0.4
768 silly saveTree │ │ ├── lodash@4.17.21
768 silly saveTree │ │ ├── pkginfo@0.4.1
768 silly saveTree │ │ ├─┬ request@2.88.2
768 silly saveTree │ │ │ ├── aws-sign2@0.7.0
768 silly saveTree │ │ │ ├── aws4@1.11.0
768 silly saveTree │ │ │ ├── caseless@0.12.0
768 silly saveTree │ │ │ ├─┬ combined-stream@1.0.8
768 silly saveTree │ │ │ │ └── delayed-stream@1.0.0
768 silly saveTree │ │ │ ├── extend@3.0.2
768 silly saveTree │ │ │ ├── forever-agent@0.6.1
768 silly saveTree │ │ │ ├─┬ form-data@2.3.3
768 silly saveTree │ │ │ │ ├── asynckit@0.4.0
768 silly saveTree │ │ │ │ └─┬ mime-types@2.1.32
768 silly saveTree │ │ │ │   └── mime-db@1.49.0
768 silly saveTree │ │ │ ├─┬ har-validator@5.1.5
768 silly saveTree │ │ │ │ ├─┬ ajv@6.12.6
768 silly saveTree │ │ │ │ │ ├── fast-deep-equal@3.1.3
768 silly saveTree │ │ │ │ │ ├── fast-json-stable-stringify@2.1.0
768 silly saveTree │ │ │ │ │ ├── json-schema-traverse@0.4.1
768 silly saveTree │ │ │ │ │ └─┬ uri-js@4.4.1
768 silly saveTree │ │ │ │ │   └── punycode@2.1.1
768 silly saveTree │ │ │ │ └── har-schema@2.0.0
768 silly saveTree │ │ │ ├─┬ http-signature@1.2.0
768 silly saveTree │ │ │ │ ├── assert-plus@1.0.0
768 silly saveTree │ │ │ │ ├─┬ jsprim@1.4.1
768 silly saveTree │ │ │ │ │ ├── extsprintf@1.3.0
768 silly saveTree │ │ │ │ │ ├── json-schema@0.2.3
768 silly saveTree │ │ │ │ │ └─┬ verror@1.10.0
768 silly saveTree │ │ │ │ │   └── core-util-is@1.0.2
768 silly saveTree │ │ │ │ └─┬ sshpk@1.16.1
768 silly saveTree │ │ │ │   ├─┬ asn1@0.2.4
768 silly saveTree │ │ │ │   │ └── safer-buffer@2.1.2
768 silly saveTree │ │ │ │   ├─┬ bcrypt-pbkdf@1.0.2
768 silly saveTree │ │ │ │   │ └── tweetnacl@0.14.5
768 silly saveTree │ │ │ │   ├── dashdash@1.14.1
768 silly saveTree │ │ │ │   ├─┬ ecc-jsbn@0.1.2
768 silly saveTree │ │ │ │   │ └── jsbn@0.1.1
768 silly saveTree │ │ │ │   ├── getpass@0.1.7
768 silly saveTree │ │ │ │   ├── jsbn@0.1.1
768 silly saveTree │ │ │ │   ├── safer-buffer@2.1.2
768 silly saveTree │ │ │ │   └── tweetnacl@0.14.5
768 silly saveTree │ │ │ ├── is-typedarray@1.0.0
768 silly saveTree │ │ │ ├── isstream@0.1.2
768 silly saveTree │ │ │ ├── json-stringify-safe@5.0.1
768 silly saveTree │ │ │ ├── mime-types@2.1.32
768 silly saveTree │ │ │ ├── oauth-sign@0.9.0
768 silly saveTree │ │ │ ├── performance-now@2.1.0
768 silly saveTree │ │ │ ├── qs@6.5.2
768 silly saveTree │ │ │ ├── safe-buffer@5.2.1
768 silly saveTree │ │ │ ├─┬ tough-cookie@2.5.0
768 silly saveTree │ │ │ │ └── psl@1.8.0
768 silly saveTree │ │ │ ├── tunnel-agent@0.6.0
768 silly saveTree │ │ │ └── uuid@3.4.0
768 silly saveTree │ │ ├── retry@0.9.0
768 silly saveTree │ │ ├── url-join@0.0.1
768 silly saveTree │ │ ├─┬ winston@2.4.5
768 silly saveTree │ │ │ ├── async@1.0.0
768 silly saveTree │ │ │ ├── colors@1.0.3
768 silly saveTree │ │ │ ├── cycle@1.0.3
768 silly saveTree │ │ │ ├── eyes@0.1.8
768 silly saveTree │ │ │ └── stack-trace@0.0.10
768 silly saveTree │ │ └─┬ ws@1.1.5
768 silly saveTree │ │   ├── options@0.0.6
768 silly saveTree │ │   └── ultron@1.0.2
768 silly saveTree │ ├── bluebird@3.7.2
768 silly saveTree │ └── lodash@4.17.21
768 silly saveTree ├─┬ hubot@3.3.2
768 silly saveTree │ ├── async@0.9.2
768 silly saveTree │ ├─┬ chalk@1.1.3
768 silly saveTree │ │ ├── ansi-styles@2.2.1
768 silly saveTree │ │ ├── escape-string-regexp@1.0.5
768 silly saveTree │ │ ├─┬ has-ansi@2.0.0
768 silly saveTree │ │ │ └── ansi-regex@2.1.1
768 silly saveTree │ │ ├── strip-ansi@3.0.1
768 silly saveTree │ │ └── supports-color@2.0.0
768 silly saveTree │ ├── cline@0.8.2
768 silly saveTree │ ├── coffeescript@1.6.3
768 silly saveTree │ ├─┬ connect-multiparty@2.2.0
768 silly saveTree │ │ ├─┬ http-errors@1.7.3
768 silly saveTree │ │ │ ├── depd@1.1.2
768 silly saveTree │ │ │ ├── setprototypeof@1.1.1
768 silly saveTree │ │ │ ├── statuses@1.5.0
768 silly saveTree │ │ │ └── toidentifier@1.0.0
768 silly saveTree │ │ ├─┬ multiparty@4.2.2
768 silly saveTree │ │ │ ├─┬ http-errors@1.8.0
768 silly saveTree │ │ │ │ └── setprototypeof@1.2.0
768 silly saveTree │ │ │ └─┬ uid-safe@2.1.5
768 silly saveTree │ │ │   └── random-bytes@1.0.0
768 silly saveTree │ │ ├─┬ on-finished@2.3.0
768 silly saveTree │ │ │ └── ee-first@1.1.1
768 silly saveTree │ │ └─┬ type-is@1.6.18
768 silly saveTree │ │   └── media-typer@0.3.0
768 silly saveTree │ ├─┬ express@4.17.1
768 silly saveTree │ │ ├─┬ accepts@1.3.7
768 silly saveTree │ │ │ └── negotiator@0.6.2
768 silly saveTree │ │ ├── array-flatten@1.1.1
768 silly saveTree │ │ ├─┬ body-parser@1.19.0
768 silly saveTree │ │ │ ├── bytes@3.1.0
768 silly saveTree │ │ │ ├── content-type@1.0.4
768 silly saveTree │ │ │ ├─┬ debug@2.6.9
768 silly saveTree │ │ │ │ └── ms@2.0.0
768 silly saveTree │ │ │ ├─┬ http-errors@1.7.2
768 silly saveTree │ │ │ │ └── inherits@2.0.3
768 silly saveTree │ │ │ ├── iconv-lite@0.4.24
768 silly saveTree │ │ │ ├── qs@6.7.0
768 silly saveTree │ │ │ └─┬ raw-body@2.4.0
768 silly saveTree │ │ │   ├─┬ http-errors@1.7.2
768 silly saveTree │ │ │   │ └── inherits@2.0.3
768 silly saveTree │ │ │   └── unpipe@1.0.0
768 silly saveTree │ │ ├─┬ content-disposition@0.5.3
768 silly saveTree │ │ │ └── safe-buffer@5.1.2
768 silly saveTree │ │ ├── content-type@1.0.4
768 silly saveTree │ │ ├── cookie-signature@1.0.6
768 silly saveTree │ │ ├── cookie@0.4.0
768 silly saveTree │ │ ├── debug@2.6.9
768 silly saveTree │ │ ├── encodeurl@1.0.2
768 silly saveTree │ │ ├── escape-html@1.0.3
768 silly saveTree │ │ ├── etag@1.8.1
768 silly saveTree │ │ ├─┬ finalhandler@1.1.2
768 silly saveTree │ │ │ └── parseurl@1.3.3
768 silly saveTree │ │ ├── fresh@0.5.2
768 silly saveTree │ │ ├── merge-descriptors@1.0.1
768 silly saveTree │ │ ├── methods@1.1.2
768 silly saveTree │ │ ├── parseurl@1.3.3
768 silly saveTree │ │ ├── path-to-regexp@0.1.7
768 silly saveTree │ │ ├─┬ proxy-addr@2.0.7
768 silly saveTree │ │ │ ├── forwarded@0.2.0
768 silly saveTree │ │ │ └── ipaddr.js@1.9.1
768 silly saveTree │ │ ├── qs@6.7.0
768 silly saveTree │ │ ├── range-parser@1.2.1
768 silly saveTree │ │ ├── safe-buffer@5.1.2
768 silly saveTree │ │ ├─┬ send@0.17.1
768 silly saveTree │ │ │ ├── destroy@1.0.4
768 silly saveTree │ │ │ ├── mime@1.6.0
768 silly saveTree │ │ │ └── ms@2.1.1
768 silly saveTree │ │ ├── serve-static@1.14.1
768 silly saveTree │ │ ├── utils-merge@1.0.1
768 silly saveTree │ │ └── vary@1.1.2
768 silly saveTree │ ├── log@1.4.0
768 silly saveTree │ ├── optparse@1.0.4
768 silly saveTree │ └── scoped-http-client@0.11.0
768 silly saveTree └── siritoriApp@1.0.0
769 verbose stack Error: ENOENT: no such file or directory, rename '/home/siritorihubot/node_modules/ws' -> '/home/siritorihubot/node_modules/.ws.DELETE'
770 verbose cwd /home/siritorihubot
771 verbose Linux 5.4.72-microsoft-standard-WSL2
772 verbose argv "/usr/local/bin/node" "/usr/local/bin/npm" "install"
773 verbose node v14.15.4
774 verbose npm  v6.14.10
775 error code ENOENT
776 error syscall rename
777 error path /home/siritorihubot/node_modules/ws
778 error dest /home/siritorihubot/node_modules/.ws.DELETE
779 error errno -2
780 error enoent ENOENT: no such file or directory, rename '/home/siritorihubot/node_modules/ws' -> '/home/siritorihubot/node_modules/.ws.DELETE'
781 error enoent This is related to npm not being able to find a file.
782 verbose exit [ -2, true ]
