0 info it worked if it ends with ok
1 verbose cli [ '/usr/local/bin/node', '/usr/local/bin/npm', 'install' ]
2 info using npm@6.14.10
3 info using node@v14.15.4
4 verbose config Skipping project config: /home/siritorihubot/.npmrc. (matches userconfig)
5 verbose npm-session e7214d9b056acd44
6 silly install runPreinstallTopLevelLifecycles
7 silly preinstall siritorihubot@0.0.0
8 info lifecycle siritorihubot@0.0.0~preinstall: siritorihubot@0.0.0
9 silly install loadCurrentTree
10 silly install readLocalPackageData
11 timing stage:loadCurrentTree Completed in 545ms
12 silly install loadIdealTree
13 silly install cloneCurrentTreeToIdealTree
14 timing stage:loadIdealTree:cloneCurrentTree Completed in 2ms
15 silly install loadShrinkwrap
16 timing stage:loadIdealTree:loadShrinkwrap Completed in 115ms
17 silly install loadAllDepsIntoIdealTree
18 timing stage:loadIdealTree:loadAllDepsIntoIdealTree Completed in 145ms
19 timing stage:loadIdealTree Completed in 290ms
20 silly currentTree siritorihubot@0.0.0
20 silly currentTree ├─┬ @slack/client
20 silly currentTree │ └── async@1.5.2
20 silly currentTree ├── accepts@1.3.7
20 silly currentTree ├── agent-base@4.3.0
20 silly currentTree ├── ajv@6.12.6
20 silly currentTree ├── ansi-regex@2.1.1
20 silly currentTree ├── ansi-styles@2.2.1
20 silly currentTree ├── array-flatten@1.1.1
20 silly currentTree ├── assert-plus@1.0.0
20 silly currentTree ├── async@0.9.2
20 silly currentTree ├── asynckit@0.4.0
20 silly currentTree ├── aws-sign2@0.7.0
20 silly currentTree ├── aws4@1.11.0
20 silly currentTree ├── bluebird@3.7.2
20 silly currentTree ├─┬ body-parser@1.19.0
20 silly currentTree │ ├── http-errors@1.7.2
20 silly currentTree │ ├── inherits@2.0.3
20 silly currentTree │ └── qs@6.7.0
20 silly currentTree ├── bytes@3.1.0
20 silly currentTree ├── caseless@0.12.0
20 silly currentTree ├── chalk@1.1.3
20 silly currentTree ├── cline@0.8.2
20 silly currentTree ├── coffeescript@1.6.3
20 silly currentTree ├── colors@1.0.3
20 silly currentTree ├── combined-stream@1.0.8
20 silly currentTree ├─┬ connect-multiparty@2.2.0
20 silly currentTree │ ├─┬ multiparty@4.2.2
20 silly currentTree │ │ └── http-errors@1.8.0
20 silly currentTree │ └── setprototypeof@1.2.0
20 silly currentTree ├─┬ content-disposition@0.5.3
20 silly currentTree │ └── safe-buffer@5.1.2
20 silly currentTree ├── content-type@1.0.4
20 silly currentTree ├── cookie-signature@1.0.6
20 silly currentTree ├── cookie@0.4.0
20 silly currentTree ├── core-util-is@1.0.2
20 silly currentTree ├── cycle@1.0.3
20 silly currentTree ├── dashdash@1.14.1
20 silly currentTree ├── debug@2.6.9
20 silly currentTree ├── delayed-stream@1.0.0
20 silly currentTree ├── depd@1.1.2
20 silly currentTree ├── destroy@1.0.4
20 silly currentTree ├── double-ended-queue@2.1.0-0
20 silly currentTree ├── ee-first@1.1.1
20 silly currentTree ├── encodeurl@1.0.2
20 silly currentTree ├── es6-promise@4.2.8
20 silly currentTree ├── es6-promisify@5.0.0
20 silly currentTree ├── escape-html@1.0.3
20 silly currentTree ├── escape-string-regexp@1.0.5
20 silly currentTree ├── etag@1.8.1
20 silly currentTree ├── eventemitter3@1.2.0
20 silly currentTree ├─┬ express@4.17.1
20 silly currentTree │ ├── qs@6.7.0
20 silly currentTree │ └── safe-buffer@5.1.2
20 silly currentTree ├── extend@3.0.2
20 silly currentTree ├── extsprintf@1.3.0
20 silly currentTree ├── eyes@0.1.8
20 silly currentTree ├── fast-deep-equal@3.1.3
20 silly currentTree ├── fast-json-stable-stringify@2.1.0
20 silly currentTree ├── finalhandler@1.1.2
20 silly currentTree ├── forever-agent@0.6.1
20 silly currentTree ├── form-data@2.3.3
20 silly currentTree ├── forwarded@0.2.0
20 silly currentTree ├── fresh@0.5.2
20 silly currentTree ├── getpass@0.1.7
20 silly currentTree ├── har-schema@2.0.0
20 silly currentTree ├── har-validator@5.1.5
20 silly currentTree ├── has-ansi@2.0.0
20 silly currentTree ├── http-errors@1.7.3
20 silly currentTree ├─┬ https-proxy-agent@2.2.4
20 silly currentTree │ ├── debug@3.2.7
20 silly currentTree │ └── ms@2.1.3
20 silly currentTree ├── hubot
20 silly currentTree ├── hubot-diagnostics
20 silly currentTree ├── hubot-google-images
20 silly currentTree ├── hubot-google-translate
20 silly currentTree ├── hubot-help
20 silly currentTree ├── hubot-heroku-keepalive
20 silly currentTree ├── hubot-maps
20 silly currentTree ├── hubot-pugme
20 silly currentTree ├── hubot-redis-brain
20 silly currentTree ├── hubot-rules
20 silly currentTree ├─┬ hubot-scripts
20 silly currentTree │ └── redis@0.8.4
20 silly currentTree ├── hubot-shipit
20 silly currentTree ├── hubot-slack
20 silly currentTree ├── iconv-lite@0.4.24
20 silly currentTree ├── inherits@2.0.4
20 silly currentTree ├── ipaddr.js@1.9.1
20 silly currentTree ├── is-typedarray@1.0.0
20 silly currentTree ├── isstream@0.1.2
20 silly currentTree ├── jsbn@0.1.1
20 silly currentTree ├── json-schema-traverse@0.4.1
20 silly currentTree ├── json-schema@0.2.3
20 silly currentTree ├── json-stringify-safe@5.0.1
20 silly currentTree ├── lodash@4.17.21
20 silly currentTree ├── log@1.4.0
20 silly currentTree ├── media-typer@0.3.0
20 silly currentTree ├── merge-descriptors@1.0.1
20 silly currentTree ├── methods@1.1.2
20 silly currentTree ├── mime-db@1.49.0
20 silly currentTree ├── mime-types@2.1.32
20 silly currentTree ├── mime@1.6.0
20 silly currentTree ├── ms@2.0.0
20 silly currentTree ├── negotiator@0.6.2
20 silly currentTree ├── oauth-sign@0.9.0
20 silly currentTree ├── on-finished@2.3.0
20 silly currentTree ├── options@0.0.6
20 silly currentTree ├── optparse@1.0.4
20 silly currentTree ├── parseurl@1.3.3
20 silly currentTree ├── path-to-regexp@0.1.7
20 silly currentTree ├── performance-now@2.1.0
20 silly currentTree ├── pkginfo@0.4.1
20 silly currentTree ├── proxy-addr@2.0.7
20 silly currentTree ├── psl@1.8.0
20 silly currentTree ├── punycode@2.1.1
20 silly currentTree ├── qs@6.5.2
20 silly currentTree ├── random-bytes@1.0.0
20 silly currentTree ├── range-parser@1.2.1
20 silly currentTree ├─┬ raw-body@2.4.0
20 silly currentTree │ ├── http-errors@1.7.2
20 silly currentTree │ └── inherits@2.0.3
20 silly currentTree ├── redis-commands@1.7.0
20 silly currentTree ├── redis-parser@2.6.0
20 silly currentTree ├── redis@2.8.0
20 silly currentTree ├── retry@0.9.0
20 silly currentTree ├── safe-buffer@5.2.1
20 silly currentTree ├── safer-buffer@2.1.2
20 silly currentTree ├── scoped-http-client@0.11.0
20 silly currentTree ├─┬ send@0.17.1
20 silly currentTree │ └── ms@2.1.1
20 silly currentTree ├── serve-static@1.14.1
20 silly currentTree ├── setprototypeof@1.1.1
20 silly currentTree ├── stack-trace@0.0.10
20 silly currentTree ├── statuses@1.5.0
20 silly currentTree ├── strip-ansi@3.0.1
20 silly currentTree ├── supports-color@2.0.0
20 silly currentTree ├── toidentifier@1.0.0
20 silly currentTree ├── tough-cookie@2.5.0
20 silly currentTree ├── tunnel-agent@0.6.0
20 silly currentTree ├── type-is@1.6.18
20 silly currentTree ├── uid-safe@2.1.5
20 silly currentTree ├── ultron@1.0.2
20 silly currentTree ├── unpipe@1.0.0
20 silly currentTree ├── uri-js@4.4.1
20 silly currentTree ├── url-join@0.0.1
20 silly currentTree ├── utils-merge@1.0.1
20 silly currentTree ├── uuid@3.4.0
20 silly currentTree └── vary@1.1.2
21 silly idealTree siritorihubot@0.0.0
21 silly idealTree ├─┬ @slack/client@3.16.1-sec.2
21 silly idealTree │ └── async@1.5.2
21 silly idealTree ├── accepts@1.3.7
21 silly idealTree ├── agent-base@4.3.0
21 silly idealTree ├── ajv@6.12.6
21 silly idealTree ├── ansi-regex@2.1.1
21 silly idealTree ├── ansi-styles@2.2.1
21 silly idealTree ├── array-flatten@1.1.1
21 silly idealTree ├── asn1@0.2.4
21 silly idealTree ├── assert-plus@1.0.0
21 silly idealTree ├── async@0.9.2
21 silly idealTree ├── asynckit@0.4.0
21 silly idealTree ├── aws-sign2@0.7.0
21 silly idealTree ├── aws4@1.11.0
21 silly idealTree ├── bcrypt-pbkdf@1.0.2
21 silly idealTree ├── bluebird@3.7.2
21 silly idealTree ├─┬ body-parser@1.19.0
21 silly idealTree │ ├── http-errors@1.7.2
21 silly idealTree │ ├── inherits@2.0.3
21 silly idealTree │ └── qs@6.7.0
21 silly idealTree ├── bytes@3.1.0
21 silly idealTree ├── caseless@0.12.0
21 silly idealTree ├── chalk@1.1.3
21 silly idealTree ├── cline@0.8.2
21 silly idealTree ├── coffeescript@1.6.3
21 silly idealTree ├── colors@1.0.3
21 silly idealTree ├── combined-stream@1.0.8
21 silly idealTree ├─┬ connect-multiparty@2.2.0
21 silly idealTree │ ├─┬ multiparty@4.2.2
21 silly idealTree │ │ └── http-errors@1.8.0
21 silly idealTree │ └── setprototypeof@1.2.0
21 silly idealTree ├─┬ content-disposition@0.5.3
21 silly idealTree │ └── safe-buffer@5.1.2
21 silly idealTree ├── content-type@1.0.4
21 silly idealTree ├── cookie-signature@1.0.6
21 silly idealTree ├── cookie@0.4.0
21 silly idealTree ├── core-util-is@1.0.2
21 silly idealTree ├── cycle@1.0.3
21 silly idealTree ├── dashdash@1.14.1
21 silly idealTree ├── debug@2.6.9
21 silly idealTree ├── delayed-stream@1.0.0
21 silly idealTree ├── depd@1.1.2
21 silly idealTree ├── destroy@1.0.4
21 silly idealTree ├── double-ended-queue@2.1.0-0
21 silly idealTree ├── ecc-jsbn@0.1.2
21 silly idealTree ├── ee-first@1.1.1
21 silly idealTree ├── encodeurl@1.0.2
21 silly idealTree ├── es6-promise@4.2.8
21 silly idealTree ├── es6-promisify@5.0.0
21 silly idealTree ├── escape-html@1.0.3
21 silly idealTree ├── escape-string-regexp@1.0.5
21 silly idealTree ├── etag@1.8.1
21 silly idealTree ├── eventemitter3@1.2.0
21 silly idealTree ├─┬ express@4.17.1
21 silly idealTree │ ├── qs@6.7.0
21 silly idealTree │ └── safe-buffer@5.1.2
21 silly idealTree ├── extend@3.0.2
21 silly idealTree ├── extsprintf@1.3.0
21 silly idealTree ├── eyes@0.1.8
21 silly idealTree ├── fast-deep-equal@3.1.3
21 silly idealTree ├── fast-json-stable-stringify@2.1.0
21 silly idealTree ├── finalhandler@1.1.2
21 silly idealTree ├── forever-agent@0.6.1
21 silly idealTree ├── form-data@2.3.3
21 silly idealTree ├── forwarded@0.2.0
21 silly idealTree ├── fresh@0.5.2
21 silly idealTree ├── getpass@0.1.7
21 silly idealTree ├── har-schema@2.0.0
21 silly idealTree ├── har-validator@5.1.5
21 silly idealTree ├── has-ansi@2.0.0
21 silly idealTree ├── http-errors@1.7.3
21 silly idealTree ├── http-signature@1.2.0
21 silly idealTree ├─┬ https-proxy-agent@2.2.4
21 silly idealTree │ ├── debug@3.2.7
21 silly idealTree │ └── ms@2.1.3
21 silly idealTree ├── hubot-diagnostics@1.0.0
21 silly idealTree ├── hubot-google-images@0.2.7
21 silly idealTree ├── hubot-google-translate@0.2.1
21 silly idealTree ├── hubot-help@1.0.1
21 silly idealTree ├── hubot-heroku-keepalive@1.0.3
21 silly idealTree ├── hubot-maps@0.0.3
21 silly idealTree ├── hubot-pugme@0.1.1
21 silly idealTree ├── hubot-redis-brain@1.0.0
21 silly idealTree ├── hubot-rules@1.0.0
21 silly idealTree ├─┬ hubot-scripts@2.17.2
21 silly idealTree │ └── redis@0.8.4
21 silly idealTree ├── hubot-shipit@0.2.1
21 silly idealTree ├── hubot-slack@4.9.0
21 silly idealTree ├── hubot@3.3.2
21 silly idealTree ├── iconv-lite@0.4.24
21 silly idealTree ├── inherits@2.0.4
21 silly idealTree ├── ipaddr.js@1.9.1
21 silly idealTree ├── is-typedarray@1.0.0
21 silly idealTree ├── isstream@0.1.2
21 silly idealTree ├── jsbn@0.1.1
21 silly idealTree ├── json-schema-traverse@0.4.1
21 silly idealTree ├── json-schema@0.2.3
21 silly idealTree ├── json-stringify-safe@5.0.1
21 silly idealTree ├── jsprim@1.4.1
21 silly idealTree ├── lodash@4.17.21
21 silly idealTree ├── log@1.4.0
21 silly idealTree ├── media-typer@0.3.0
21 silly idealTree ├── merge-descriptors@1.0.1
21 silly idealTree ├── methods@1.1.2
21 silly idealTree ├── mime-db@1.49.0
21 silly idealTree ├── mime-types@2.1.32
21 silly idealTree ├── mime@1.6.0
21 silly idealTree ├── ms@2.0.0
21 silly idealTree ├── negotiator@0.6.2
21 silly idealTree ├── oauth-sign@0.9.0
21 silly idealTree ├── on-finished@2.3.0
21 silly idealTree ├── options@0.0.6
21 silly idealTree ├── optparse@1.0.4
21 silly idealTree ├── parseurl@1.3.3
21 silly idealTree ├── path-to-regexp@0.1.7
21 silly idealTree ├── performance-now@2.1.0
21 silly idealTree ├── pkginfo@0.4.1
21 silly idealTree ├── proxy-addr@2.0.7
21 silly idealTree ├── psl@1.8.0
21 silly idealTree ├── punycode@2.1.1
21 silly idealTree ├── qs@6.5.2
21 silly idealTree ├── random-bytes@1.0.0
21 silly idealTree ├── range-parser@1.2.1
21 silly idealTree ├─┬ raw-body@2.4.0
21 silly idealTree │ ├── http-errors@1.7.2
21 silly idealTree │ └── inherits@2.0.3
21 silly idealTree ├── redis-commands@1.7.0
21 silly idealTree ├── redis-parser@2.6.0
21 silly idealTree ├── redis@2.8.0
21 silly idealTree ├── request@2.88.2
21 silly idealTree ├── retry@0.9.0
21 silly idealTree ├── safe-buffer@5.2.1
21 silly idealTree ├── safer-buffer@2.1.2
21 silly idealTree ├── scoped-http-client@0.11.0
21 silly idealTree ├─┬ send@0.17.1
21 silly idealTree │ └── ms@2.1.1
21 silly idealTree ├── serve-static@1.14.1
21 silly idealTree ├── setprototypeof@1.1.1
21 silly idealTree ├── siritoriApp@file:siritoriApp
21 silly idealTree ├── sshpk@1.16.1
21 silly idealTree ├── stack-trace@0.0.10
21 silly idealTree ├── statuses@1.5.0
21 silly idealTree ├── strip-ansi@3.0.1
21 silly idealTree ├── supports-color@2.0.0
21 silly idealTree ├── toidentifier@1.0.0
21 silly idealTree ├── tough-cookie@2.5.0
21 silly idealTree ├── tunnel-agent@0.6.0
21 silly idealTree ├── tweetnacl@0.14.5
21 silly idealTree ├── type-is@1.6.18
21 silly idealTree ├── uid-safe@2.1.5
21 silly idealTree ├── ultron@1.0.2
21 silly idealTree ├── unpipe@1.0.0
21 silly idealTree ├── uri-js@4.4.1
21 silly idealTree ├── url-join@0.0.1
21 silly idealTree ├── utils-merge@1.0.1
21 silly idealTree ├── uuid@3.4.0
21 silly idealTree ├── vary@1.1.2
21 silly idealTree ├── verror@1.10.0
21 silly idealTree ├─┬ winston@2.4.5
21 silly idealTree │ └── async@1.0.0
21 silly idealTree └── ws@1.1.5
22 silly install generateActionsToTake
23 timing stage:generateActionsToTake Completed in 80ms
24 silly diffTrees action count 27
25 silly diffTrees add asn1@0.2.4
26 silly diffTrees add ecc-jsbn@0.1.2
27 silly diffTrees add tweetnacl@0.14.5
28 silly diffTrees add bcrypt-pbkdf@1.0.2
29 silly diffTrees add sshpk@1.16.1
30 silly diffTrees add verror@1.10.0
31 silly diffTrees add jsprim@1.4.1
32 silly diffTrees add http-signature@1.2.0
33 silly diffTrees add request@2.88.2
34 silly diffTrees add async@1.0.0
35 silly diffTrees add winston@2.4.5
36 silly diffTrees add ws@1.1.5
37 silly diffTrees update @slack/client@3.16.1-sec.2
38 silly diffTrees update hubot@3.3.2
39 silly diffTrees update hubot-diagnostics@1.0.0
40 silly diffTrees update hubot-google-images@0.2.7
41 silly diffTrees update hubot-google-translate@0.2.1
42 silly diffTrees update hubot-help@1.0.1
43 silly diffTrees update hubot-heroku-keepalive@1.0.3
44 silly diffTrees update hubot-maps@0.0.3
45 silly diffTrees update hubot-pugme@0.1.1
46 silly diffTrees update hubot-redis-brain@1.0.0
47 silly diffTrees update hubot-rules@1.0.0
48 silly diffTrees update hubot-scripts@2.17.2
49 silly diffTrees update hubot-shipit@0.2.1
50 silly diffTrees update hubot-slack@4.9.0
51 silly diffTrees add siritoriApp@file:siritoriApp
52 silly decomposeActions action count 242
53 silly decomposeActions fetch asn1@0.2.4
54 silly decomposeActions extract asn1@0.2.4
55 silly decomposeActions preinstall asn1@0.2.4
56 silly decomposeActions build asn1@0.2.4
57 silly decomposeActions install asn1@0.2.4
58 silly decomposeActions postinstall asn1@0.2.4
59 silly decomposeActions finalize asn1@0.2.4
60 silly decomposeActions refresh-package-json asn1@0.2.4
61 silly decomposeActions fetch ecc-jsbn@0.1.2
62 silly decomposeActions extract ecc-jsbn@0.1.2
63 silly decomposeActions preinstall ecc-jsbn@0.1.2
64 silly decomposeActions build ecc-jsbn@0.1.2
65 silly decomposeActions install ecc-jsbn@0.1.2
66 silly decomposeActions postinstall ecc-jsbn@0.1.2
67 silly decomposeActions finalize ecc-jsbn@0.1.2
68 silly decomposeActions refresh-package-json ecc-jsbn@0.1.2
69 silly decomposeActions fetch tweetnacl@0.14.5
70 silly decomposeActions extract tweetnacl@0.14.5
71 silly decomposeActions preinstall tweetnacl@0.14.5
72 silly decomposeActions build tweetnacl@0.14.5
73 silly decomposeActions install tweetnacl@0.14.5
74 silly decomposeActions postinstall tweetnacl@0.14.5
75 silly decomposeActions finalize tweetnacl@0.14.5
76 silly decomposeActions refresh-package-json tweetnacl@0.14.5
77 silly decomposeActions fetch bcrypt-pbkdf@1.0.2
78 silly decomposeActions extract bcrypt-pbkdf@1.0.2
79 silly decomposeActions preinstall bcrypt-pbkdf@1.0.2
80 silly decomposeActions build bcrypt-pbkdf@1.0.2
81 silly decomposeActions install bcrypt-pbkdf@1.0.2
82 silly decomposeActions postinstall bcrypt-pbkdf@1.0.2
83 silly decomposeActions finalize bcrypt-pbkdf@1.0.2
84 silly decomposeActions refresh-package-json bcrypt-pbkdf@1.0.2
85 silly decomposeActions fetch sshpk@1.16.1
86 silly decomposeActions extract sshpk@1.16.1
87 silly decomposeActions preinstall sshpk@1.16.1
88 silly decomposeActions build sshpk@1.16.1
89 silly decomposeActions install sshpk@1.16.1
90 silly decomposeActions postinstall sshpk@1.16.1
91 silly decomposeActions finalize sshpk@1.16.1
92 silly decomposeActions refresh-package-json sshpk@1.16.1
93 silly decomposeActions fetch verror@1.10.0
94 silly decomposeActions extract verror@1.10.0
95 silly decomposeActions preinstall verror@1.10.0
96 silly decomposeActions build verror@1.10.0
97 silly decomposeActions install verror@1.10.0
98 silly decomposeActions postinstall verror@1.10.0
99 silly decomposeActions finalize verror@1.10.0
100 silly decomposeActions refresh-package-json verror@1.10.0
101 silly decomposeActions fetch jsprim@1.4.1
102 silly decomposeActions extract jsprim@1.4.1
103 silly decomposeActions preinstall jsprim@1.4.1
104 silly decomposeActions build jsprim@1.4.1
105 silly decomposeActions install jsprim@1.4.1
106 silly decomposeActions postinstall jsprim@1.4.1
107 silly decomposeActions finalize jsprim@1.4.1
108 silly decomposeActions refresh-package-json jsprim@1.4.1
109 silly decomposeActions fetch http-signature@1.2.0
110 silly decomposeActions extract http-signature@1.2.0
111 silly decomposeActions preinstall http-signature@1.2.0
112 silly decomposeActions build http-signature@1.2.0
113 silly decomposeActions install http-signature@1.2.0
114 silly decomposeActions postinstall http-signature@1.2.0
115 silly decomposeActions finalize http-signature@1.2.0
116 silly decomposeActions refresh-package-json http-signature@1.2.0
117 silly decomposeActions fetch request@2.88.2
118 silly decomposeActions extract request@2.88.2
119 silly decomposeActions preinstall request@2.88.2
120 silly decomposeActions build request@2.88.2
121 silly decomposeActions install request@2.88.2
122 silly decomposeActions postinstall request@2.88.2
123 silly decomposeActions finalize request@2.88.2
124 silly decomposeActions refresh-package-json request@2.88.2
125 silly decomposeActions fetch async@1.0.0
126 silly decomposeActions extract async@1.0.0
127 silly decomposeActions preinstall async@1.0.0
128 silly decomposeActions build async@1.0.0
129 silly decomposeActions install async@1.0.0
130 silly decomposeActions postinstall async@1.0.0
131 silly decomposeActions finalize async@1.0.0
132 silly decomposeActions refresh-package-json async@1.0.0
133 silly decomposeActions fetch winston@2.4.5
134 silly decomposeActions extract winston@2.4.5
135 silly decomposeActions preinstall winston@2.4.5
136 silly decomposeActions build winston@2.4.5
137 silly decomposeActions install winston@2.4.5
138 silly decomposeActions postinstall winston@2.4.5
139 silly decomposeActions finalize winston@2.4.5
140 silly decomposeActions refresh-package-json winston@2.4.5
141 silly decomposeActions fetch ws@1.1.5
142 silly decomposeActions extract ws@1.1.5
143 silly decomposeActions preinstall ws@1.1.5
144 silly decomposeActions build ws@1.1.5
145 silly decomposeActions install ws@1.1.5
146 silly decomposeActions postinstall ws@1.1.5
147 silly decomposeActions finalize ws@1.1.5
148 silly decomposeActions refresh-package-json ws@1.1.5
149 silly decomposeActions unbuild @slack/client
150 silly decomposeActions remove @slack/client
151 silly decomposeActions fetch @slack/client@3.16.1-sec.2
152 silly decomposeActions extract @slack/client@3.16.1-sec.2
153 silly decomposeActions preinstall @slack/client@3.16.1-sec.2
154 silly decomposeActions build @slack/client@3.16.1-sec.2
155 silly decomposeActions install @slack/client@3.16.1-sec.2
156 silly decomposeActions postinstall @slack/client@3.16.1-sec.2
157 silly decomposeActions finalize @slack/client@3.16.1-sec.2
158 silly decomposeActions refresh-package-json @slack/client@3.16.1-sec.2
159 silly decomposeActions unbuild hubot
160 silly decomposeActions remove hubot
161 silly decomposeActions fetch hubot@3.3.2
162 silly decomposeActions extract hubot@3.3.2
163 silly decomposeActions preinstall hubot@3.3.2
164 silly decomposeActions build hubot@3.3.2
165 silly decomposeActions install hubot@3.3.2
166 silly decomposeActions postinstall hubot@3.3.2
167 silly decomposeActions finalize hubot@3.3.2
168 silly decomposeActions refresh-package-json hubot@3.3.2
169 silly decomposeActions unbuild hubot-diagnostics
170 silly decomposeActions remove hubot-diagnostics
171 silly decomposeActions fetch hubot-diagnostics@1.0.0
172 silly decomposeActions extract hubot-diagnostics@1.0.0
173 silly decomposeActions preinstall hubot-diagnostics@1.0.0
174 silly decomposeActions build hubot-diagnostics@1.0.0
175 silly decomposeActions install hubot-diagnostics@1.0.0
176 silly decomposeActions postinstall hubot-diagnostics@1.0.0
177 silly decomposeActions finalize hubot-diagnostics@1.0.0
178 silly decomposeActions refresh-package-json hubot-diagnostics@1.0.0
179 silly decomposeActions unbuild hubot-google-images
180 silly decomposeActions remove hubot-google-images
181 silly decomposeActions fetch hubot-google-images@0.2.7
182 silly decomposeActions extract hubot-google-images@0.2.7
183 silly decomposeActions preinstall hubot-google-images@0.2.7
184 silly decomposeActions build hubot-google-images@0.2.7
185 silly decomposeActions install hubot-google-images@0.2.7
186 silly decomposeActions postinstall hubot-google-images@0.2.7
187 silly decomposeActions finalize hubot-google-images@0.2.7
188 silly decomposeActions refresh-package-json hubot-google-images@0.2.7
189 silly decomposeActions unbuild hubot-google-translate
190 silly decomposeActions remove hubot-google-translate
191 silly decomposeActions fetch hubot-google-translate@0.2.1
192 silly decomposeActions extract hubot-google-translate@0.2.1
193 silly decomposeActions preinstall hubot-google-translate@0.2.1
194 silly decomposeActions build hubot-google-translate@0.2.1
195 silly decomposeActions install hubot-google-translate@0.2.1
196 silly decomposeActions postinstall hubot-google-translate@0.2.1
197 silly decomposeActions finalize hubot-google-translate@0.2.1
198 silly decomposeActions refresh-package-json hubot-google-translate@0.2.1
199 silly decomposeActions unbuild hubot-help
200 silly decomposeActions remove hubot-help
201 silly decomposeActions fetch hubot-help@1.0.1
202 silly decomposeActions extract hubot-help@1.0.1
203 silly decomposeActions preinstall hubot-help@1.0.1
204 silly decomposeActions build hubot-help@1.0.1
205 silly decomposeActions install hubot-help@1.0.1
206 silly decomposeActions postinstall hubot-help@1.0.1
207 silly decomposeActions finalize hubot-help@1.0.1
208 silly decomposeActions refresh-package-json hubot-help@1.0.1
209 silly decomposeActions unbuild hubot-heroku-keepalive
210 silly decomposeActions remove hubot-heroku-keepalive
211 silly decomposeActions fetch hubot-heroku-keepalive@1.0.3
212 silly decomposeActions extract hubot-heroku-keepalive@1.0.3
213 silly decomposeActions preinstall hubot-heroku-keepalive@1.0.3
214 silly decomposeActions build hubot-heroku-keepalive@1.0.3
215 silly decomposeActions install hubot-heroku-keepalive@1.0.3
216 silly decomposeActions postinstall hubot-heroku-keepalive@1.0.3
217 silly decomposeActions finalize hubot-heroku-keepalive@1.0.3
218 silly decomposeActions refresh-package-json hubot-heroku-keepalive@1.0.3
219 silly decomposeActions unbuild hubot-maps
220 silly decomposeActions remove hubot-maps
221 silly decomposeActions fetch hubot-maps@0.0.3
222 silly decomposeActions extract hubot-maps@0.0.3
223 silly decomposeActions preinstall hubot-maps@0.0.3
224 silly decomposeActions build hubot-maps@0.0.3
225 silly decomposeActions install hubot-maps@0.0.3
226 silly decomposeActions postinstall hubot-maps@0.0.3
227 silly decomposeActions finalize hubot-maps@0.0.3
228 silly decomposeActions refresh-package-json hubot-maps@0.0.3
229 silly decomposeActions unbuild hubot-pugme
230 silly decomposeActions remove hubot-pugme
231 silly decomposeActions fetch hubot-pugme@0.1.1
232 silly decomposeActions extract hubot-pugme@0.1.1
233 silly decomposeActions preinstall hubot-pugme@0.1.1
234 silly decomposeActions build hubot-pugme@0.1.1
235 silly decomposeActions install hubot-pugme@0.1.1
236 silly decomposeActions postinstall hubot-pugme@0.1.1
237 silly decomposeActions finalize hubot-pugme@0.1.1
238 silly decomposeActions refresh-package-json hubot-pugme@0.1.1
239 silly decomposeActions unbuild hubot-redis-brain
240 silly decomposeActions remove hubot-redis-brain
241 silly decomposeActions fetch hubot-redis-brain@1.0.0
242 silly decomposeActions extract hubot-redis-brain@1.0.0
243 silly decomposeActions preinstall hubot-redis-brain@1.0.0
244 silly decomposeActions build hubot-redis-brain@1.0.0
245 silly decomposeActions install hubot-redis-brain@1.0.0
246 silly decomposeActions postinstall hubot-redis-brain@1.0.0
247 silly decomposeActions finalize hubot-redis-brain@1.0.0
248 silly decomposeActions refresh-package-json hubot-redis-brain@1.0.0
249 silly decomposeActions unbuild hubot-rules
250 silly decomposeActions remove hubot-rules
251 silly decomposeActions fetch hubot-rules@1.0.0
252 silly decomposeActions extract hubot-rules@1.0.0
253 silly decomposeActions preinstall hubot-rules@1.0.0
254 silly decomposeActions build hubot-rules@1.0.0
255 silly decomposeActions install hubot-rules@1.0.0
256 silly decomposeActions postinstall hubot-rules@1.0.0
257 silly decomposeActions finalize hubot-rules@1.0.0
258 silly decomposeActions refresh-package-json hubot-rules@1.0.0
259 silly decomposeActions unbuild hubot-scripts
260 silly decomposeActions remove hubot-scripts
261 silly decomposeActions fetch hubot-scripts@2.17.2
262 silly decomposeActions extract hubot-scripts@2.17.2
263 silly decomposeActions preinstall hubot-scripts@2.17.2
264 silly decomposeActions build hubot-scripts@2.17.2
265 silly decomposeActions install hubot-scripts@2.17.2
266 silly decomposeActions postinstall hubot-scripts@2.17.2
267 silly decomposeActions finalize hubot-scripts@2.17.2
268 silly decomposeActions refresh-package-json hubot-scripts@2.17.2
269 silly decomposeActions unbuild hubot-shipit
270 silly decomposeActions remove hubot-shipit
271 silly decomposeActions fetch hubot-shipit@0.2.1
272 silly decomposeActions extract hubot-shipit@0.2.1
273 silly decomposeActions preinstall hubot-shipit@0.2.1
274 silly decomposeActions build hubot-shipit@0.2.1
275 silly decomposeActions install hubot-shipit@0.2.1
276 silly decomposeActions postinstall hubot-shipit@0.2.1
277 silly decomposeActions finalize hubot-shipit@0.2.1
278 silly decomposeActions refresh-package-json hubot-shipit@0.2.1
279 silly decomposeActions unbuild hubot-slack
280 silly decomposeActions remove hubot-slack
281 silly decomposeActions fetch hubot-slack@4.9.0
282 silly decomposeActions extract hubot-slack@4.9.0
283 silly decomposeActions preinstall hubot-slack@4.9.0
284 silly decomposeActions build hubot-slack@4.9.0
285 silly decomposeActions install hubot-slack@4.9.0
286 silly decomposeActions postinstall hubot-slack@4.9.0
287 silly decomposeActions finalize hubot-slack@4.9.0
288 silly decomposeActions refresh-package-json hubot-slack@4.9.0
289 silly decomposeActions preinstall siritoriApp@file:siritoriApp
290 silly decomposeActions build siritoriApp@file:siritoriApp
291 silly decomposeActions install siritoriApp@file:siritoriApp
292 silly decomposeActions postinstall siritoriApp@file:siritoriApp
293 silly decomposeActions finalize siritoriApp@file:siritoriApp
294 silly decomposeActions refresh-package-json siritoriApp@file:siritoriApp
295 silly install executeActions
296 silly doSerial global-install 242
297 verbose correctMkdir /home/siritorihubot/.npm/_locks correctMkdir not in flight; initializing
298 verbose lock using /home/siritorihubot/.npm/_locks/staging-84e12cf60e694cfb.lock for /home/siritorihubot/node_modules/.staging
299 silly doParallel extract 26
300 silly extract asn1@0.2.4
301 silly extract ecc-jsbn@0.1.2
302 silly extract tweetnacl@0.14.5
303 silly extract bcrypt-pbkdf@1.0.2
304 silly extract sshpk@1.16.1
305 silly extract verror@1.10.0
306 silly extract jsprim@1.4.1
307 silly extract http-signature@1.2.0
308 silly extract request@2.88.2
309 silly extract async@1.0.0
310 silly extract winston@2.4.5
311 silly extract ws@1.1.5
312 silly extract @slack/client@3.16.1-sec.2
313 silly extract hubot@3.3.2
314 silly extract hubot-diagnostics@1.0.0
315 silly extract hubot-google-images@0.2.7
316 silly extract hubot-google-translate@0.2.1
317 silly extract hubot-help@1.0.1
318 silly extract hubot-heroku-keepalive@1.0.3
319 silly extract hubot-maps@0.0.3
320 silly extract hubot-pugme@0.1.1
321 silly extract hubot-redis-brain@1.0.0
322 silly extract hubot-rules@1.0.0
323 silly extract hubot-scripts@2.17.2
324 silly extract hubot-shipit@0.2.1
325 silly extract hubot-slack@4.9.0
326 silly tarball trying tweetnacl@0.14.5 by hash: sha1-WuaBd/GS1EViadEIr6k/+HQ/T2Q=
327 silly tarball trying hubot-shipit@0.2.1 by hash: sha1-T7yeFhlTv3kB/cNuKnAsExA/FrI=
328 silly tarball trying asn1@0.2.4 by hash: sha512-jxwzQpLQjSmWXgwaCZE9Nz+glAG01yF1QnWgbhGwHI5A6FRIEY6IVqtHhIepHqI7/kyEyQEagBC5mBEFlIYvdg==
329 silly tarball trying ecc-jsbn@0.1.2 by hash: sha1-OoOpBOVDUyh4dMVkt1SThoSamMk=
330 silly tarball trying bcrypt-pbkdf@1.0.2 by hash: sha1-pDAdOJtqQ/m2f/PKEaP2Y342Dp4=
331 silly tarball trying hubot-slack@4.9.0 by hash: sha512-liNHxyii/XZe2ypXP8IEPas5paJwVVRVZYMcVy3cHlIYzRaY+99ayBptEI+KWfqzhzxnLGV2aGjHUjolBsl0iA==
332 silly tarball trying verror@1.10.0 by hash: sha1-OhBcoXBTr1XW4nDB+CiGguGNpAA=
333 silly tarball trying http-signature@1.2.0 by hash: sha1-muzZJRFHcvPZW2WmCruPfBj7rOE=
334 silly tarball trying jsprim@1.4.1 by hash: sha1-MT5mvB5cwG5Di8G3SZwuXFastqI=
335 silly tarball trying async@1.0.0 by hash: sha1-+PwEyjoTeErenhZBr5hXjPvWR6k=
336 silly tarball trying sshpk@1.16.1 by hash: sha512-HXXqVUq7+pcKeLqqZj6mHFUMvXtOJt1uoUx09pFW6011inTMxqI8BA8PM95myrIyyKwdnzjdFjLiE6KBPVtJIg==
337 silly tarball trying @slack/client@3.16.1-sec.2 by hash: sha512-FAERJJAurczrvgShW+9V95NdVYgf8FdIexUqfBgNuToRrLRDRcWNf0nGyfKAvl2RH1ncppzJp3iXgMNJFnJXhQ==
338 silly tarball trying request@2.88.2 by hash: sha512-MsvtOrfG9ZcrOwAW+Qi+F6HbD0CWXEh9ou77uOb7FM2WPhwT7smM833PzanhJLsgXjN89Ir6V2PczXNnMpwKhw==
339 silly tarball trying winston@2.4.5 by hash: sha512-TWoamHt5yYvsMarGlGEQE59SbJHqGsZV8/lwC+iCcGeAe0vUaOh+Lv6SYM17ouzC/a/LB1/hz/7sxFBtlu1l4A==
340 silly tarball trying ws@1.1.5 by hash: sha512-o3KqipXNUdS7wpQzBHSe180lBGO60SoK0yVo3CYJgb2MkobuWuBX6dhkYP5ORCLd55y+SaflMOV5fqAB53ux4w==
341 silly tarball trying hubot-google-images@0.2.7 by hash: sha1-qKH5CU12gwvxkxdwiI+rDcDBGk0=
342 silly tarball trying hubot@3.3.2 by hash: sha512-+8h/s+t5GirjuDW5K1QjTGBGzOU8ksEi51HeLdFghYOWj40x6ndhAU3C6SRPk/7yHj6luVPuVi/Y8s0P+lqM9Q==
343 silly tarball trying hubot-diagnostics@1.0.0 by hash: sha512-4kuR04lULoDDra/Z7B/rgMQMZW531Ve5hwhd8xNOKAl8e1cb5bZNqVpGFYF174eYcN54+RZuWQFHsntjvczyag==
344 silly tarball trying hubot-google-translate@0.2.1 by hash: sha1-P0lsfywgmU1ZS0t1GDiY4rYnu34=
345 silly tarball trying hubot-heroku-keepalive@1.0.3 by hash: sha1-KVDigJXuSmrOK3b5DiqRupHmgTw=
346 silly tarball trying hubot-maps@0.0.3 by hash: sha1-yPxbA0h1TmJhbVuZsr85BMXuWDw=
347 silly tarball trying hubot-help@1.0.1 by hash: sha512-1gL7ywROwQG6Grom68Bhi8O7YHn/qEkg3tGgap+tFejZGxVnFyJ/LcStBScW/zUj4yf0GlDaExR/vsaTjzBRsA==
348 silly tarball trying hubot-pugme@0.1.1 by hash: sha1-u/O5k4MVFsgU9WnPDwUxP7mjFFg=
349 silly tarball trying hubot-redis-brain@1.0.0 by hash: sha512-F3udeIfYZ+49ezeWKQgcI41PblsyRnHvAWrqjJV/HGApPCxX1P0cPiNna3B/ml6V5EOOZLsVeelukwtxDhh09A==
350 silly tarball trying hubot-rules@1.0.0 by hash: sha512-IXeTYp6aK25Hgio8ezYr9vruLt1dICL9+kImaXefbfanSjNiNDvltNZfwANqeBx4Zm92A6yi36XxbWR5ZS5kNg==
351 silly tarball trying hubot-scripts@2.17.2 by hash: sha1-mwjpB9XPq6cteDIEBnp4zp3zriQ=
352 silly extract hubot-help@1.0.1 extracted to /home/siritorihubot/node_modules/.staging/hubot-help-7dc05b4a (253ms)
353 silly extract jsprim@1.4.1 extracted to /home/siritorihubot/node_modules/.staging/jsprim-8b88e84a (291ms)
354 silly extract hubot-maps@0.0.3 extracted to /home/siritorihubot/node_modules/.staging/hubot-maps-785638b4 (295ms)
355 silly extract bcrypt-pbkdf@1.0.2 extracted to /home/siritorihubot/node_modules/.staging/bcrypt-pbkdf-a809bcd7 (310ms)
356 silly extract hubot-rules@1.0.0 extracted to /home/siritorihubot/node_modules/.staging/hubot-rules-23d7b18f (318ms)
357 silly extract verror@1.10.0 extracted to /home/siritorihubot/node_modules/.staging/verror-41e050ec (323ms)
358 timing audit submit Completed in 365ms
359 http fetch POST 200 https://registry.npmjs.org/-/npm/v1/security/audits/quick 366ms
360 timing audit body Completed in 2ms
361 silly extract hubot-diagnostics@1.0.0 extracted to /home/siritorihubot/node_modules/.staging/hubot-diagnostics-5d06626d (337ms)
362 silly extract hubot-redis-brain@1.0.0 extracted to /home/siritorihubot/node_modules/.staging/hubot-redis-brain-c7fb3a33 (345ms)
363 silly extract hubot-shipit@0.2.1 extracted to /home/siritorihubot/node_modules/.staging/hubot-shipit-9db5d724 (346ms)
364 silly extract hubot-pugme@0.1.1 extracted to /home/siritorihubot/node_modules/.staging/hubot-pugme-baf8ad7f (350ms)
365 silly extract hubot-google-translate@0.2.1 extracted to /home/siritorihubot/node_modules/.staging/hubot-google-translate-23456d78 (352ms)
366 silly extract asn1@0.2.4 extracted to /home/siritorihubot/node_modules/.staging/asn1-993058b5 (354ms)
367 silly extract hubot-google-images@0.2.7 extracted to /home/siritorihubot/node_modules/.staging/hubot-google-images-8bdb894e (358ms)
368 silly extract hubot-heroku-keepalive@1.0.3 extracted to /home/siritorihubot/node_modules/.staging/hubot-heroku-keepalive-30405c77 (365ms)
369 silly extract http-signature@1.2.0 extracted to /home/siritorihubot/node_modules/.staging/http-signature-32d5797e (380ms)
370 silly extract ecc-jsbn@0.1.2 extracted to /home/siritorihubot/node_modules/.staging/ecc-jsbn-b50c0683 (388ms)
371 silly extract async@1.0.0 extracted to /home/siritorihubot/node_modules/.staging/async-753dcdbe (388ms)
372 silly extract tweetnacl@0.14.5 extracted to /home/siritorihubot/node_modules/.staging/tweetnacl-dce8224f (416ms)
373 silly extract ws@1.1.5 extracted to /home/siritorihubot/node_modules/.staging/ws-68f7ace1 (432ms)
374 silly extract request@2.88.2 extracted to /home/siritorihubot/node_modules/.staging/request-6907681c (454ms)
375 silly extract winston@2.4.5 extracted to /home/siritorihubot/node_modules/.staging/winston-3e2ba7b7 (566ms)
376 silly extract sshpk@1.16.1 extracted to /home/siritorihubot/node_modules/.staging/sshpk-3eda9af8 (578ms)
377 silly extract hubot@3.3.2 extracted to /home/siritorihubot/node_modules/.staging/hubot-6399f7ba (638ms)
378 silly extract hubot-slack@4.9.0 extracted to /home/siritorihubot/node_modules/.staging/hubot-slack-b89ecbe0 (662ms)
379 silly extract @slack/client@3.16.1-sec.2 extracted to /home/siritorihubot/node_modules/.staging/@slack/client-e4992150 (964ms)
380 silly extract hubot-scripts@2.17.2 extracted to /home/siritorihubot/node_modules/.staging/hubot-scripts-5da6be86 (1224ms)
381 timing action:extract Completed in 1231ms
382 silly doReverseSerial unbuild 242
383 silly unbuild hubot-slack
384 info lifecycle undefined~preuninstall: undefined
385 info lifecycle undefined~uninstall: undefined
386 verbose unbuild rmStuff undefined from /home/siritorihubot/node_modules
387 info lifecycle undefined~postuninstall: undefined
388 silly unbuild hubot-shipit
389 info lifecycle undefined~preuninstall: undefined
390 info lifecycle undefined~uninstall: undefined
391 verbose unbuild rmStuff undefined from /home/siritorihubot/node_modules
392 info lifecycle undefined~postuninstall: undefined
393 silly unbuild hubot-scripts
394 info lifecycle undefined~preuninstall: undefined
395 info lifecycle undefined~uninstall: undefined
396 verbose unbuild rmStuff undefined from /home/siritorihubot/node_modules
397 info lifecycle undefined~postuninstall: undefined
398 silly unbuild hubot-rules
399 info lifecycle undefined~preuninstall: undefined
400 info lifecycle undefined~uninstall: undefined
401 verbose unbuild rmStuff undefined from /home/siritorihubot/node_modules
402 info lifecycle undefined~postuninstall: undefined
403 silly unbuild hubot-redis-brain
404 info lifecycle undefined~preuninstall: undefined
405 info lifecycle undefined~uninstall: undefined
406 verbose unbuild rmStuff undefined from /home/siritorihubot/node_modules
407 info lifecycle undefined~postuninstall: undefined
408 silly unbuild hubot-pugme
409 info lifecycle undefined~preuninstall: undefined
410 info lifecycle undefined~uninstall: undefined
411 verbose unbuild rmStuff undefined from /home/siritorihubot/node_modules
412 info lifecycle undefined~postuninstall: undefined
413 silly unbuild hubot-maps
414 info lifecycle undefined~preuninstall: undefined
415 info lifecycle undefined~uninstall: undefined
416 verbose unbuild rmStuff undefined from /home/siritorihubot/node_modules
417 info lifecycle undefined~postuninstall: undefined
418 silly unbuild hubot-heroku-keepalive
419 info lifecycle undefined~preuninstall: undefined
420 info lifecycle undefined~uninstall: undefined
421 verbose unbuild rmStuff undefined from /home/siritorihubot/node_modules
422 info lifecycle undefined~postuninstall: undefined
423 silly unbuild hubot-help
424 info lifecycle undefined~preuninstall: undefined
425 info lifecycle undefined~uninstall: undefined
426 verbose unbuild rmStuff undefined from /home/siritorihubot/node_modules
427 info lifecycle undefined~postuninstall: undefined
428 silly unbuild hubot-google-translate
429 info lifecycle undefined~preuninstall: undefined
430 info lifecycle undefined~uninstall: undefined
431 verbose unbuild rmStuff undefined from /home/siritorihubot/node_modules
432 info lifecycle undefined~postuninstall: undefined
433 silly unbuild hubot-google-images
434 info lifecycle undefined~preuninstall: undefined
435 info lifecycle undefined~uninstall: undefined
436 verbose unbuild rmStuff undefined from /home/siritorihubot/node_modules
437 info lifecycle undefined~postuninstall: undefined
438 silly unbuild hubot-diagnostics
439 info lifecycle undefined~preuninstall: undefined
440 info lifecycle undefined~uninstall: undefined
441 verbose unbuild rmStuff undefined from /home/siritorihubot/node_modules
442 info lifecycle undefined~postuninstall: undefined
443 silly unbuild hubot
444 info lifecycle undefined~preuninstall: undefined
445 info lifecycle undefined~uninstall: undefined
446 verbose unbuild rmStuff undefined from /home/siritorihubot/node_modules
447 info lifecycle undefined~postuninstall: undefined
448 silly unbuild @slack/client
449 info lifecycle undefined~preuninstall: undefined
450 info lifecycle undefined~uninstall: undefined
451 verbose unbuild rmStuff undefined from /home/siritorihubot/node_modules
452 info lifecycle undefined~postuninstall: undefined
453 timing action:unbuild Completed in 6ms
454 silly doSerial remove 242
455 silly remove /home/siritorihubot/node_modules/@slack/client
456 silly remove /home/siritorihubot/node_modules/hubot
457 silly remove /home/siritorihubot/node_modules/hubot-diagnostics
458 silly remove /home/siritorihubot/node_modules/hubot-google-images
459 silly remove /home/siritorihubot/node_modules/hubot-google-translate
460 silly remove /home/siritorihubot/node_modules/hubot-help
461 silly remove /home/siritorihubot/node_modules/hubot-heroku-keepalive
462 silly remove /home/siritorihubot/node_modules/hubot-maps
463 silly remove /home/siritorihubot/node_modules/hubot-pugme
464 silly remove /home/siritorihubot/node_modules/hubot-redis-brain
465 silly remove /home/siritorihubot/node_modules/hubot-rules
466 silly remove /home/siritorihubot/node_modules/hubot-scripts
467 silly remove /home/siritorihubot/node_modules/hubot-shipit
468 silly remove /home/siritorihubot/node_modules/hubot-slack
469 timing action:remove Completed in 271ms
470 silly doSerial move 242
471 silly doSerial finalize 242
472 silly finalize /home/siritorihubot/node_modules/asn1
473 silly finalize /home/siritorihubot/node_modules/ecc-jsbn
474 silly finalize /home/siritorihubot/node_modules/tweetnacl
475 silly finalize /home/siritorihubot/node_modules/bcrypt-pbkdf
476 silly finalize /home/siritorihubot/node_modules/sshpk
477 silly finalize /home/siritorihubot/node_modules/verror
478 silly finalize /home/siritorihubot/node_modules/jsprim
479 silly finalize /home/siritorihubot/node_modules/http-signature
480 silly finalize /home/siritorihubot/node_modules/request
481 silly finalize /home/siritorihubot/node_modules/winston/node_modules/async
482 silly finalize /home/siritorihubot/node_modules/winston
483 silly finalize /home/siritorihubot/node_modules/ws
484 silly finalize /home/siritorihubot/node_modules/@slack/client
485 silly finalize /home/siritorihubot/node_modules/hubot
486 silly finalize /home/siritorihubot/node_modules/hubot-diagnostics
487 silly finalize /home/siritorihubot/node_modules/hubot-google-images
488 silly finalize /home/siritorihubot/node_modules/hubot-google-translate
489 silly finalize /home/siritorihubot/node_modules/hubot-help
490 silly finalize /home/siritorihubot/node_modules/hubot-heroku-keepalive
491 silly finalize /home/siritorihubot/node_modules/hubot-maps
492 silly finalize /home/siritorihubot/node_modules/hubot-pugme
493 silly finalize /home/siritorihubot/node_modules/hubot-redis-brain
494 silly finalize /home/siritorihubot/node_modules/hubot-rules
495 silly finalize /home/siritorihubot/node_modules/hubot-scripts
496 silly finalize /home/siritorihubot/node_modules/hubot-shipit
497 silly finalize /home/siritorihubot/node_modules/hubot-slack
498 timing action:finalize Completed in 464ms
499 verbose unlock done using /home/siritorihubot/.npm/_locks/staging-84e12cf60e694cfb.lock for /home/siritorihubot/node_modules/.staging
500 timing stage:rollbackFailedOptional Completed in 514ms
501 timing stage:runTopLevelLifecycles Completed in 3589ms
502 silly saveTree siritorihubot@0.0.0
502 silly saveTree ├── hubot-diagnostics@1.0.0
502 silly saveTree ├── hubot-google-images@0.2.7
502 silly saveTree ├── hubot-google-translate@0.2.1
502 silly saveTree ├── hubot-help@1.0.1
502 silly saveTree ├── hubot-heroku-keepalive@1.0.3
502 silly saveTree ├── hubot-maps@0.0.3
502 silly saveTree ├── hubot-pugme@0.1.1
502 silly saveTree ├─┬ hubot-redis-brain@1.0.0
502 silly saveTree │ └─┬ redis@2.8.0
502 silly saveTree │   ├── double-ended-queue@2.1.0-0
502 silly saveTree │   ├── redis-commands@1.7.0
502 silly saveTree │   └── redis-parser@2.6.0
502 silly saveTree ├── hubot-rules@1.0.0
502 silly saveTree ├─┬ hubot-scripts@2.17.2
502 silly saveTree │ └── redis@0.8.4
502 silly saveTree ├── hubot-shipit@0.2.1
502 silly saveTree ├─┬ hubot-slack@4.9.0
502 silly saveTree │ ├─┬ @slack/client@3.16.1-sec.2
502 silly saveTree │ │ ├── async@1.5.2
502 silly saveTree │ │ ├── bluebird@3.7.2
502 silly saveTree │ │ ├── eventemitter3@1.2.0
502 silly saveTree │ │ ├─┬ https-proxy-agent@2.2.4
502 silly saveTree │ │ │ ├─┬ agent-base@4.3.0
502 silly saveTree │ │ │ │ └─┬ es6-promisify@5.0.0
502 silly saveTree │ │ │ │   └── es6-promise@4.2.8
502 silly saveTree │ │ │ └─┬ debug@3.2.7
502 silly saveTree │ │ │   └── ms@2.1.3
502 silly saveTree │ │ ├── inherits@2.0.4
502 silly saveTree │ │ ├── lodash@4.17.21
502 silly saveTree │ │ ├── pkginfo@0.4.1
502 silly saveTree │ │ ├─┬ request@2.88.2
502 silly saveTree │ │ │ ├── aws-sign2@0.7.0
502 silly saveTree │ │ │ ├── aws4@1.11.0
502 silly saveTree │ │ │ ├── caseless@0.12.0
502 silly saveTree │ │ │ ├─┬ combined-stream@1.0.8
502 silly saveTree │ │ │ │ └── delayed-stream@1.0.0
502 silly saveTree │ │ │ ├── extend@3.0.2
502 silly saveTree │ │ │ ├── forever-agent@0.6.1
502 silly saveTree │ │ │ ├─┬ form-data@2.3.3
502 silly saveTree │ │ │ │ ├── asynckit@0.4.0
502 silly saveTree │ │ │ │ └─┬ mime-types@2.1.32
502 silly saveTree │ │ │ │   └── mime-db@1.49.0
502 silly saveTree │ │ │ ├─┬ har-validator@5.1.5
502 silly saveTree │ │ │ │ ├─┬ ajv@6.12.6
502 silly saveTree │ │ │ │ │ ├── fast-deep-equal@3.1.3
502 silly saveTree │ │ │ │ │ ├── fast-json-stable-stringify@2.1.0
502 silly saveTree │ │ │ │ │ ├── json-schema-traverse@0.4.1
502 silly saveTree │ │ │ │ │ └─┬ uri-js@4.4.1
502 silly saveTree │ │ │ │ │   └── punycode@2.1.1
502 silly saveTree │ │ │ │ └── har-schema@2.0.0
502 silly saveTree │ │ │ ├─┬ http-signature@1.2.0
502 silly saveTree │ │ │ │ ├── assert-plus@1.0.0
502 silly saveTree │ │ │ │ ├─┬ jsprim@1.4.1
502 silly saveTree │ │ │ │ │ ├── extsprintf@1.3.0
502 silly saveTree │ │ │ │ │ ├── json-schema@0.2.3
502 silly saveTree │ │ │ │ │ └─┬ verror@1.10.0
502 silly saveTree │ │ │ │ │   └── core-util-is@1.0.2
502 silly saveTree │ │ │ │ └─┬ sshpk@1.16.1
502 silly saveTree │ │ │ │   ├─┬ asn1@0.2.4
502 silly saveTree │ │ │ │   │ └── safer-buffer@2.1.2
502 silly saveTree │ │ │ │   ├─┬ bcrypt-pbkdf@1.0.2
502 silly saveTree │ │ │ │   │ └── tweetnacl@0.14.5
502 silly saveTree │ │ │ │   ├── dashdash@1.14.1
502 silly saveTree │ │ │ │   ├─┬ ecc-jsbn@0.1.2
502 silly saveTree │ │ │ │   │ └── jsbn@0.1.1
502 silly saveTree │ │ │ │   ├── getpass@0.1.7
502 silly saveTree │ │ │ │   ├── jsbn@0.1.1
502 silly saveTree │ │ │ │   ├── safer-buffer@2.1.2
502 silly saveTree │ │ │ │   └── tweetnacl@0.14.5
502 silly saveTree │ │ │ ├── is-typedarray@1.0.0
502 silly saveTree │ │ │ ├── isstream@0.1.2
502 silly saveTree │ │ │ ├── json-stringify-safe@5.0.1
502 silly saveTree │ │ │ ├── mime-types@2.1.32
502 silly saveTree │ │ │ ├── oauth-sign@0.9.0
502 silly saveTree │ │ │ ├── performance-now@2.1.0
502 silly saveTree │ │ │ ├── qs@6.5.2
502 silly saveTree │ │ │ ├── safe-buffer@5.2.1
502 silly saveTree │ │ │ ├─┬ tough-cookie@2.5.0
502 silly saveTree │ │ │ │ └── psl@1.8.0
502 silly saveTree │ │ │ ├── tunnel-agent@0.6.0
502 silly saveTree │ │ │ └── uuid@3.4.0
502 silly saveTree │ │ ├── retry@0.9.0
502 silly saveTree │ │ ├── url-join@0.0.1
502 silly saveTree │ │ ├─┬ winston@2.4.5
502 silly saveTree │ │ │ ├── async@1.0.0
502 silly saveTree │ │ │ ├── colors@1.0.3
502 silly saveTree │ │ │ ├── cycle@1.0.3
502 silly saveTree │ │ │ ├── eyes@0.1.8
502 silly saveTree │ │ │ └── stack-trace@0.0.10
502 silly saveTree │ │ └─┬ ws@1.1.5
502 silly saveTree │ │   ├── options@0.0.6
502 silly saveTree │ │   └── ultron@1.0.2
502 silly saveTree │ ├── bluebird@3.7.2
502 silly saveTree │ └── lodash@4.17.21
502 silly saveTree ├─┬ hubot@3.3.2
502 silly saveTree │ ├── async@0.9.2
502 silly saveTree │ ├─┬ chalk@1.1.3
502 silly saveTree │ │ ├── ansi-styles@2.2.1
502 silly saveTree │ │ ├── escape-string-regexp@1.0.5
502 silly saveTree │ │ ├─┬ has-ansi@2.0.0
502 silly saveTree │ │ │ └── ansi-regex@2.1.1
502 silly saveTree │ │ ├── strip-ansi@3.0.1
502 silly saveTree │ │ └── supports-color@2.0.0
502 silly saveTree │ ├── cline@0.8.2
502 silly saveTree │ ├── coffeescript@1.6.3
502 silly saveTree │ ├─┬ connect-multiparty@2.2.0
502 silly saveTree │ │ ├─┬ http-errors@1.7.3
502 silly saveTree │ │ │ ├── depd@1.1.2
502 silly saveTree │ │ │ ├── setprototypeof@1.1.1
502 silly saveTree │ │ │ ├── statuses@1.5.0
502 silly saveTree │ │ │ └── toidentifier@1.0.0
502 silly saveTree │ │ ├─┬ multiparty@4.2.2
502 silly saveTree │ │ │ ├─┬ http-errors@1.8.0
502 silly saveTree │ │ │ │ └── setprototypeof@1.2.0
502 silly saveTree │ │ │ └─┬ uid-safe@2.1.5
502 silly saveTree │ │ │   └── random-bytes@1.0.0
502 silly saveTree │ │ ├─┬ on-finished@2.3.0
502 silly saveTree │ │ │ └── ee-first@1.1.1
502 silly saveTree │ │ └─┬ type-is@1.6.18
502 silly saveTree │ │   └── media-typer@0.3.0
502 silly saveTree │ ├─┬ express@4.17.1
502 silly saveTree │ │ ├─┬ accepts@1.3.7
502 silly saveTree │ │ │ └── negotiator@0.6.2
502 silly saveTree │ │ ├── array-flatten@1.1.1
502 silly saveTree │ │ ├─┬ body-parser@1.19.0
502 silly saveTree │ │ │ ├── bytes@3.1.0
502 silly saveTree │ │ │ ├── content-type@1.0.4
502 silly saveTree │ │ │ ├─┬ debug@2.6.9
502 silly saveTree │ │ │ │ └── ms@2.0.0
502 silly saveTree │ │ │ ├─┬ http-errors@1.7.2
502 silly saveTree │ │ │ │ └── inherits@2.0.3
502 silly saveTree │ │ │ ├── iconv-lite@0.4.24
502 silly saveTree │ │ │ ├── qs@6.7.0
502 silly saveTree │ │ │ └─┬ raw-body@2.4.0
502 silly saveTree │ │ │   ├─┬ http-errors@1.7.2
502 silly saveTree │ │ │   │ └── inherits@2.0.3
502 silly saveTree │ │ │   └── unpipe@1.0.0
502 silly saveTree │ │ ├─┬ content-disposition@0.5.3
502 silly saveTree │ │ │ └── safe-buffer@5.1.2
502 silly saveTree │ │ ├── content-type@1.0.4
502 silly saveTree │ │ ├── cookie-signature@1.0.6
502 silly saveTree │ │ ├── cookie@0.4.0
502 silly saveTree │ │ ├── debug@2.6.9
502 silly saveTree │ │ ├── encodeurl@1.0.2
502 silly saveTree │ │ ├── escape-html@1.0.3
502 silly saveTree │ │ ├── etag@1.8.1
502 silly saveTree │ │ ├─┬ finalhandler@1.1.2
502 silly saveTree │ │ │ └── parseurl@1.3.3
502 silly saveTree │ │ ├── fresh@0.5.2
502 silly saveTree │ │ ├── merge-descriptors@1.0.1
502 silly saveTree │ │ ├── methods@1.1.2
502 silly saveTree │ │ ├── parseurl@1.3.3
502 silly saveTree │ │ ├── path-to-regexp@0.1.7
502 silly saveTree │ │ ├─┬ proxy-addr@2.0.7
502 silly saveTree │ │ │ ├── forwarded@0.2.0
502 silly saveTree │ │ │ └── ipaddr.js@1.9.1
502 silly saveTree │ │ ├── qs@6.7.0
502 silly saveTree │ │ ├── range-parser@1.2.1
502 silly saveTree │ │ ├── safe-buffer@5.1.2
502 silly saveTree │ │ ├─┬ send@0.17.1
502 silly saveTree │ │ │ ├── destroy@1.0.4
502 silly saveTree │ │ │ ├── mime@1.6.0
502 silly saveTree │ │ │ └── ms@2.1.1
502 silly saveTree │ │ ├── serve-static@1.14.1
502 silly saveTree │ │ ├── utils-merge@1.0.1
502 silly saveTree │ │ └── vary@1.1.2
502 silly saveTree │ ├── log@1.4.0
502 silly saveTree │ ├── optparse@1.0.4
502 silly saveTree │ └── scoped-http-client@0.11.0
502 silly saveTree └── siritoriApp@file:siritoriApp
503 verbose stack Error: EACCES: permission denied, rename '/home/siritorihubot/node_modules/.staging/hubot-slack-b89ecbe0' -> '/home/siritorihubot/node_modules/hubot-slack'
504 verbose cwd /home/siritorihubot
505 verbose Linux 5.4.72-microsoft-standard-WSL2
506 verbose argv "/usr/local/bin/node" "/usr/local/bin/npm" "install"
507 verbose node v14.15.4
508 verbose npm  v6.14.10
509 error code EACCES
510 error syscall rename
511 error path /home/siritorihubot/node_modules/.staging/hubot-slack-b89ecbe0
512 error dest /home/siritorihubot/node_modules/hubot-slack
513 error errno -13
514 error Error: EACCES: permission denied, rename '/home/siritorihubot/node_modules/.staging/hubot-slack-b89ecbe0' -> '/home/siritorihubot/node_modules/hubot-slack'
514 error  [OperationalError: EACCES: permission denied, rename '/home/siritorihubot/node_modules/.staging/hubot-slack-b89ecbe0' -> '/home/siritorihubot/node_modules/hubot-slack'] {
514 error   cause: [Error: EACCES: permission denied, rename '/home/siritorihubot/node_modules/.staging/hubot-slack-b89ecbe0' -> '/home/siritorihubot/node_modules/hubot-slack'] {
514 error     errno: -13,
514 error     code: 'EACCES',
514 error     syscall: 'rename',
514 error     path: '/home/siritorihubot/node_modules/.staging/hubot-slack-b89ecbe0',
514 error     dest: '/home/siritorihubot/node_modules/hubot-slack'
514 error   },
514 error   errno: -13,
514 error   code: 'EACCES',
514 error   syscall: 'rename',
514 error   path: '/home/siritorihubot/node_modules/.staging/hubot-slack-b89ecbe0',
514 error   dest: '/home/siritorihubot/node_modules/hubot-slack',
514 error   parent: 'siritorihubot'
514 error }
515 error The operation was rejected by your operating system.
515 error It is likely you do not have the permissions to access this file as the current user
515 error
515 error If you believe this might be a permissions issue, please double-check the
515 error permissions of the file and its containing directories, or try running
515 error the command again as root/Administrator.
516 verbose exit [ -13, true ]
